#
# There is insufficient memory for the Java Runtime Environment to continue.
# Native memory allocation (mmap) failed to map 260046848 bytes for Failed to commit area from 0x0000000709400000 to 0x0000000718c00000 of length 260046848.
# Possible reasons:
#   The system is out of physical RAM or swap space
#   The process is running with CompressedOops enabled, and the Java Heap may be blocking the growth of the native heap
# Possible solutions:
#   Reduce memory load on the system
#   Increase physical memory or swap space
#   Check if swap backing store is full
#   Decrease Java heap size (-Xmx/-Xms)
#   Decrease number of Java threads
#   Decrease Java thread stack sizes (-Xss)
#   Set larger code cache with -XX:ReservedCodeCacheSize=
# This output file may be truncated or incomplete.
#
#  Out of Memory Error (./src/hotspot/os/windows/os_windows.cpp:3521), pid=6420, tid=6512
#
# JRE version:  (11.0.12+7) (build )
# Java VM: OpenJDK 64-Bit Server VM (11.0.12+7-b1504.28-7817840, mixed mode, sharing, tiered, compressed oops, g1 gc, windows-amd64)
# No core dump will be written. Minidumps are not enabled by default on client versions of Windows
#

---------------  S U M M A R Y ------------

Command Line: org.jetbrains.kotlin.cli.jvm.K2JVMCompiler @C:\Users\Anikald\AndroidStudioProjects\Vezdekod\Foodies\app\build\20220619_5930087239923414904.compiler.options

Host: AMD Ryzen 5 4600H with Radeon Graphics         , 12 cores, 15G,  Windows 10 , 64 bit Build 19041 (10.0.19041.1741)
Time: Sun Jun 19 16:26:17 2022 RTZ 9 (зима) elapsed time: 0.017663 seconds (0d 0h 0m 0s)

---------------  T H R E A D  ---------------

Current thread (0x0000025c41f32000):  JavaThread "Unknown thread" [_thread_in_vm, id=6512, stack(0x000000b1efb00000,0x000000b1efc00000)]

Stack: [0x000000b1efb00000,0x000000b1efc00000]
Native frames: (J=compiled Java code, j=interpreted, Vv=VM code, C=native code)
V  [jvm.dll+0x5fbcea]
V  [jvm.dll+0x731905]
V  [jvm.dll+0x732f1d]
V  [jvm.dll+0x7335d3]
V  [jvm.dll+0x247bf8]
V  [jvm.dll+0x5f90b4]
V  [jvm.dll+0x5edc85]
V  [jvm.dll+0x305aeb]
V  [jvm.dll+0x305a5a]
V  [jvm.dll+0x305932]
V  [jvm.dll+0x30a896]
V  [jvm.dll+0x353803]
V  [jvm.dll+0x353f06]
V  [jvm.dll+0x353903]
V  [jvm.dll+0x2e0678]
V  [jvm.dll+0x2e1827]
V  [jvm.dll+0x710037]
V  [jvm.dll+0x71182c]
V  [jvm.dll+0x360da9]
V  [jvm.dll+0x6f390e]
V  [jvm.dll+0x3c9723]
V  [jvm.dll+0x3cb9b1]
C  [jli.dll+0x536b]
C  [ucrtbase.dll+0x21bb2]
C  [KERNEL32.DLL+0x17034]
C  [ntdll.dll+0x52651]


---------------  P R O C E S S  ---------------

Threads class SMR info:
_java_thread_list=0x0000025c3fe26110, length=0, elements={
}

Java Threads: ( => current thread )

Other Threads:
  0x0000025c41f49800 GCTaskThread "GC Thread#0" [stack: 0x000000b1efc00000,0x000000b1efd00000] [id=11136]
  0x0000025c41fa5800 ConcurrentGCThread "G1 Main Marker" [stack: 0x000000b1efd00000,0x000000b1efe00000] [id=10648]
  0x0000025c41fa9000 ConcurrentGCThread "G1 Conc#0" [stack: 0x000000b1efe00000,0x000000b1eff00000] [id=18604]

[error occurred during error reporting (printing all threads), id 0xc0000005, EXCEPTION_ACCESS_VIOLATION (0xc0000005) at pc=0x00007ff96df30be7]

VM state:not at safepoint (not fully initialized)

VM Mutex/Monitor currently owned by a thread:  ([mutex/lock_event])
[0x0000025c41f2e850] Heap_lock - owner thread: 0x0000025c41f32000

Heap address: 0x0000000709400000, size: 3948 MB, Compressed Oops mode: Non-zero based: 0x0000000709400000
Narrow klass base: 0x0000000000000000, Narrow klass shift: 0

GC Heap History (0 events):
No events

Deoptimization events (0 events):
No events

Classes redefined (0 events):
No events

Internal exceptions (0 events):
No events

Events (1 events):
Event: 0.012 Loaded shared library C:\Program Files\Android\Android Studio\jre\bin\zip.dll


Dynamic libraries:
0x00007ff610a90000 - 0x00007ff610a9a000 	C:\Program Files\Android\Android Studio\jre\bin\java.exe
0x00007ff9c3950000 - 0x00007ff9c3b47000 	C:\WINDOWS\SYSTEM32\ntdll.dll
0x00007ff99a570000 - 0x00007ff99a586000 	C:\Program Files\Avast Software\Avast\aswhook.dll
0x00007ff9c1e10000 - 0x00007ff9c1ecd000 	C:\WINDOWS\System32\KERNEL32.DLL
0x00007ff9c11d0000 - 0x00007ff9c149d000 	C:\WINDOWS\System32\KERNELBASE.dll
0x00007ff9c1510000 - 0x00007ff9c1610000 	C:\WINDOWS\System32\ucrtbase.dll
0x00007ff9a4420000 - 0x00007ff9a4439000 	C:\Program Files\Android\Android Studio\jre\bin\jli.dll
0x00007ff9a68e0000 - 0x00007ff9a68f7000 	C:\Program Files\Android\Android Studio\jre\bin\VCRUNTIME140.dll
0x00007ff9c1b40000 - 0x00007ff9c1ce0000 	C:\WINDOWS\System32\USER32.dll
0x00007ff9aba70000 - 0x00007ff9abd0a000 	C:\WINDOWS\WinSxS\amd64_microsoft.windows.common-controls_6595b64144ccf1df_6.0.19041.1110_none_60b5254171f9507e\COMCTL32.dll
0x00007ff9c1770000 - 0x00007ff9c1792000 	C:\WINDOWS\System32\win32u.dll
0x00007ff9c3870000 - 0x00007ff9c390e000 	C:\WINDOWS\System32\msvcrt.dll
0x00007ff9c2f00000 - 0x00007ff9c2f2a000 	C:\WINDOWS\System32\GDI32.dll
0x00007ff9c1660000 - 0x00007ff9c176b000 	C:\WINDOWS\System32\gdi32full.dll
0x00007ff9c1850000 - 0x00007ff9c18ed000 	C:\WINDOWS\System32\msvcp_win.dll
0x00007ff9c2780000 - 0x00007ff9c27b0000 	C:\WINDOWS\System32\IMM32.DLL
0x00007ff9803b0000 - 0x00007ff98044d000 	C:\Program Files\Android\Android Studio\jre\bin\msvcp140.dll
0x00007ff96dc40000 - 0x00007ff96e725000 	C:\Program Files\Android\Android Studio\jre\bin\server\jvm.dll
0x00007ff9c37c0000 - 0x00007ff9c386e000 	C:\WINDOWS\System32\ADVAPI32.dll
0x00007ff9c2b80000 - 0x00007ff9c2c1c000 	C:\WINDOWS\System32\sechost.dll
0x00007ff9c29e0000 - 0x00007ff9c2b05000 	C:\WINDOWS\System32\RPCRT4.dll
0x00007ff9c27b0000 - 0x00007ff9c27b8000 	C:\WINDOWS\System32\PSAPI.DLL
0x00007ff9b4640000 - 0x00007ff9b4667000 	C:\WINDOWS\SYSTEM32\WINMM.dll
0x00007ff9a9360000 - 0x00007ff9a9369000 	C:\WINDOWS\SYSTEM32\WSOCK32.dll
0x00007ff9b80f0000 - 0x00007ff9b80fa000 	C:\WINDOWS\SYSTEM32\VERSION.dll
0x00007ff9c2e90000 - 0x00007ff9c2efb000 	C:\WINDOWS\System32\WS2_32.dll
0x00007ff9bee50000 - 0x00007ff9bee62000 	C:\WINDOWS\SYSTEM32\kernel.appcore.dll
0x00007ff9bcc30000 - 0x00007ff9bcc41000 	C:\Program Files\Android\Android Studio\jre\bin\verify.dll
0x00007ff9aebd0000 - 0x00007ff9aedb4000 	C:\WINDOWS\SYSTEM32\DBGHELP.DLL
0x00007ff9aeba0000 - 0x00007ff9aebcc000 	C:\WINDOWS\SYSTEM32\dbgcore.DLL
0x00007ff9c1920000 - 0x00007ff9c19a2000 	C:\WINDOWS\System32\bcryptPrimitives.dll
0x00007ff9bc010000 - 0x00007ff9bc039000 	C:\Program Files\Android\Android Studio\jre\bin\java.dll
0x00007ff9bcd10000 - 0x00007ff9bcd1b000 	C:\Program Files\Android\Android Studio\jre\bin\jimage.dll
0x00007ff9bc510000 - 0x00007ff9bc528000 	C:\Program Files\Android\Android Studio\jre\bin\zip.dll

dbghelp: loaded successfully - version: 4.0.5 - missing functions: none
symbol engine: initialized successfully - sym options: 0x614 - pdb path: .;C:\Program Files\Android\Android Studio\jre\bin;C:\WINDOWS\SYSTEM32;C:\Program Files\Avast Software\Avast;C:\WINDOWS\WinSxS\amd64_microsoft.windows.common-controls_6595b64144ccf1df_6.0.19041.1110_none_60b5254171f9507e;C:\Program Files\Android\Android Studio\jre\bin\server

VM Arguments:
java_command: org.jetbrains.kotlin.cli.jvm.K2JVMCompiler @C:\Users\Anikald\AndroidStudioProjects\Vezdekod\Foodies\app\build\20220619_5930087239923414904.compiler.options
java_class_path (initial): C:\Users\Anikald\.gradle\caches\modules-2\files-2.1\org.jetbrains.kotlin\kotlin-compiler-embeddable\1.6.10\88f2073f4020cdb83132cfe940ceb9a60aba54ea\kotlin-compiler-embeddable-1.6.10.jar;C:\Users\Anikald\.gradle\caches\modules-2\files-2.1\org.jetbrains.kotlin\kotlin-reflect\1.6.10\1cbe9c92c12a94eea200d23c2bbaedaf3daf5132\kotlin-reflect-1.6.10.jar;C:\Users\Anikald\.gradle\caches\modules-2\files-2.1\org.jetbrains.kotlin\kotlin-stdlib\1.6.10\b8af3fe6f1ca88526914929add63cf5e7c5049af\kotlin-stdlib-1.6.10.jar;C:\Users\Anikald\.gradle\caches\modules-2\files-2.1\org.jetbrains.kotlin\kotlin-script-runtime\1.6.10\d0a7ff2e2500ef497ed0214ae40ad3c8387a6164\kotlin-script-runtime-1.6.10.jar;C:\Users\Anikald\.gradle\caches\modules-2\files-2.1\org.jetbrains.kotlin\kotlin-daemon-embeddable\1.6.10\a56d79bcbea411fa6058e4ecffc2de73e742bd2a\kotlin-daemon-embeddable-1.6.10.jar;C:\Users\Anikald\.gradle\caches\modules-2\files-2.1\org.jetbrains.intellij.deps\trove4j\1.0.20181211\216c2e14b070f334479d800987affe4054cd563f\trove4j-1.0.20181211.jar;C:\Users\Anikald\.gradle\caches\modules-2\files-2.1\net.java.dev.jna\jna\5.6.0\330f2244e9030119ab3030fc3fededc86713d9cc\jna-5.6.0.jar;C:\Users\Anikald\.gradle\caches\modules-2\files-2.1\org.jetbrains\annotations\13.0\919f0dfe192fb4e063e7dacadee7f8bb9a2672a9\annotations-13.0.jar;C:\Users\Anikald\.gradle\caches\modules-2\files-2.1\org.jetbrains.kotlin\kotlin-stdlib-common\1.6.10\c118700e3a33c8a0d9adc920e9dec0831171925\kotlin-stdlib-common-1.6.10.jar
Launcher Type: SUN_STANDARD

[Global flags]
     intx CICompilerCount                          = 4                                         {product} {ergonomic}
     uint ConcGCThreads                            = 3                                         {product} {ergonomic}
     uint G1ConcRefinementThreads                  = 10                                        {product} {ergonomic}
   size_t G1HeapRegionSize                         = 1048576                                   {product} {ergonomic}
    uintx GCDrainStackTargetSize                   = 64                                        {product} {ergonomic}
   size_t InitialHeapSize                          = 260046848                                 {product} {ergonomic}
   size_t MarkStackSize                            = 4194304                                   {product} {ergonomic}
   size_t MaxHeapSize                              = 4139778048                                {product} {ergonomic}
   size_t MinHeapDeltaBytes                        = 1048576                                   {product} {ergonomic}
    uintx NonNMethodCodeHeapSize                   = 5836300                                {pd product} {ergonomic}
    uintx NonProfiledCodeHeapSize                  = 122910970                              {pd product} {ergonomic}
    uintx ProfiledCodeHeapSize                     = 122910970                              {pd product} {ergonomic}
    uintx ReservedCodeCacheSize                    = 251658240                              {pd product} {ergonomic}
     bool SegmentedCodeCache                       = true                                      {product} {ergonomic}
     bool UseCompressedClassPointers               = true                                 {lp64_product} {ergonomic}
     bool UseCompressedOops                        = true                                 {lp64_product} {ergonomic}
     bool UseG1GC                                  = true                                      {product} {ergonomic}
     bool UseLargePagesIndividualAllocation        = false                                  {pd product} {ergonomic}

Logging:
Log output configuration:
 #0: stdout all=warning uptime,level,tags
 #1: stderr all=off uptime,level,tags

Environment Variables:
PATH=C:\Program Files (x86)\Common Files\Oracle\Java\javapath;C:\Windows\system32;C:\Windows;C:\Windows\System32\Wbem;C:\Windows\System32\WindowsPowerShell\v1.0\;C:\Windows\System32\OpenSSH\;C:\Program Files (x86)\NVIDIA Corporation\PhysX\Common;C:\Program Files\NVIDIA Corporation\NVIDIA NvDLISR;C:\Program Files\Git\cmd;C:\WINDOWS\system32;C:\WINDOWS;C:\WINDOWS\System32\Wbem;C:\WINDOWS\System32\WindowsPowerShell\v1.0\;C:\WINDOWS\System32\OpenSSH\;C:\Program Files (x86)\Wolfram Research\WolframScript\;C:\Users\Anikald\AppData\Local\Programs\Python\Python38-32\Scripts\;C:\Users\Anikald\AppData\Local\Programs\Python\Python38-32\;C:\Users\Anikald\AppData\Local\Microsoft\WindowsApps;C:\Program Files\JetBrains\CLion 2020.2.3\bin;C:\Program Files\JetBrains\PyCharm 2020.2.2\bin;C:\Program Files\JetBrains\IntelliJ IDEA Community Edition 2020.3.2\bin;C:\Users\Anikald\AppData\Local\GitHubDesktop\bin;C:\Users\Anikald\AppData\Local\Programs\Microsoft VS Code\bin;C:\Users\Anikald\AppData\Local\gitkraken\bin;C:\Program Files\heroku\bin;C:\Users\Anikald\AppData\Local\Programs\MiKTeX\miktex\bin\x64\
USERNAME=Anikald
OS=Windows_NT
PROCESSOR_IDENTIFIER=AMD64 Family 23 Model 96 Stepping 1, AuthenticAMD



---------------  S Y S T E M  ---------------

OS: Windows 10 , 64 bit Build 19041 (10.0.19041.1741)
OS uptime: 1 days 3:03 hours
Hyper-V role detected

CPU:total 12 (initial active 12) (12 cores per cpu, 2 threads per core) family 23 model 96 stepping 1 microcode 0x0, cmov, cx8, fxsr, mmx, sse, sse2, sse3, ssse3, sse4.1, sse4.2, popcnt, avx, avx2, aes, clmul, mmxext, 3dnowpref, lzcnt, sse4a, ht, tsc, tscinvbit, tscinv, bmi1, bmi2, adx, sha, fma

Memory: 4k page, system-wide physical 15791M (1335M free)
TotalPageFile size 15791M (AvailPageFile size 238M)
current process WorkingSet (physical memory assigned to process): 10M, peak: 10M
current process commit charge ("private bytes"): 64M, peak: 312M

vm_info: OpenJDK 64-Bit Server VM (11.0.12+7-b1504.28-7817840) for windows-amd64 JRE (11.0.12+7-b1504.28-7817840), built on Oct 13 2021 22:12:33 by "builder" with MS VC++ 14.0 (VS2015)

END.
