#
# There is insufficient memory for the Java Runtime Environment to continue.
# Native memory allocation (mmap) failed to map 63963136 bytes for Failed to commit area from 0x000000071c400000 to 0x0000000720100000 of length 63963136.
# Possible reasons:
#   The system is out of physical RAM or swap space
#   The process is running with CompressedOops enabled, and the Java Heap may be blocking the growth of the native heap
# Possible solutions:
#   Reduce memory load on the system
#   Increase physical memory or swap space
#   Check if swap backing store is full
#   Decrease Java heap size (-Xmx/-Xms)
#   Decrease number of Java threads
#   Decrease Java thread stack sizes (-Xss)
#   Set larger code cache with -XX:ReservedCodeCacheSize=
#   JVM is running with Zero Based Compressed Oops mode in which the Java heap is
#     placed in the first 32GB address space. The Java Heap base address is the
#     maximum limit for the native heap growth. Please use -XX:HeapBaseMinAddress
#     to set the Java Heap base and to place the Java Heap above 32GB virtual address.
# This output file may be truncated or incomplete.
#
#  Out of Memory Error (./src/hotspot/os/windows/os_windows.cpp:3521), pid=11832, tid=12264
#
# JRE version: OpenJDK Runtime Environment (11.0.12+7) (build 11.0.12+7-b1504.28-7817840)
# Java VM: OpenJDK 64-Bit Server VM (11.0.12+7-b1504.28-7817840, mixed mode, tiered, compressed oops, g1 gc, windows-amd64)
# No core dump will be written. Minidumps are not enabled by default on client versions of Windows
#

---------------  S U M M A R Y ------------

Command Line: org.jetbrains.kotlin.cli.jvm.K2JVMCompiler @C:\Users\Anikald\AndroidStudioProjects\Vezdekod\Foodies\app\build\20220619_13388464335740702890.compiler.options

Host: AMD Ryzen 5 4600H with Radeon Graphics         , 12 cores, 15G,  Windows 10 , 64 bit Build 19041 (10.0.19041.1741)
Time: Sun Jun 19 16:25:35 2022 RTZ 9 (зима) elapsed time: 11.860289 seconds (0d 0h 0m 11s)

---------------  T H R E A D  ---------------

Current thread (0x000001dfb3963800):  VMThread "VM Thread" [stack: 0x000000d1b8b00000,0x000000d1b8c00000] [id=12264]

Stack: [0x000000d1b8b00000,0x000000d1b8c00000]
[error occurred during error reporting (printing stack bounds), id 0xc0000005, EXCEPTION_ACCESS_VIOLATION (0xc0000005) at pc=0x000001df9840112d]

Native frames: (J=compiled Java code, j=interpreted, Vv=VM code, C=native code)
V  [jvm.dll+0x5fbcea]
V  [jvm.dll+0x731905]
V  [jvm.dll+0x732f1d]
V  [jvm.dll+0x733535]
V  [jvm.dll+0x7334eb]
V  [jvm.dll+0x5fb080]
V  [jvm.dll+0x5fb818]
C  [ntdll.dll+0xa209f]
C  [ntdll.dll+0x51454]
C  [ntdll.dll+0xa0bce]
C  0x000001df9840112d

VM_Operation (0x000000d1b85fd8e0): G1CollectForAllocation, mode: safepoint, requested by thread 0x000001df948f2800


---------------  P R O C E S S  ---------------

Threads class SMR info:
_java_thread_list=0x000001dfb43e1240, length=12, elements={
0x000001df948f2800, 0x000001dfb3968000, 0x000001dfb3969800, 0x000001dfb398b800,
0x000001dfb398e000, 0x000001dfb4274800, 0x000001dfb427b000, 0x000001dfb4283000,
0x000001dfb4285000, 0x000001dfb43e8800, 0x000001dfb43e4800, 0x000001dfb43e5000
}

Java Threads: ( => current thread )
  0x000001df948f2800 JavaThread "main" [_thread_blocked, id=3972, stack(0x000000d1b8500000,0x000000d1b8600000)]
  0x000001dfb3968000 JavaThread "Reference Handler" daemon [_thread_blocked, id=10664, stack(0x000000d1b8c00000,0x000000d1b8d00000)]
  0x000001dfb3969800 JavaThread "Finalizer" daemon [_thread_blocked, id=18040, stack(0x000000d1b8d00000,0x000000d1b8e00000)]
  0x000001dfb398b800 JavaThread "Signal Dispatcher" daemon [_thread_blocked, id=9496, stack(0x000000d1b8e00000,0x000000d1b8f00000)]
  0x000001dfb398e000 JavaThread "Attach Listener" daemon [_thread_blocked, id=16748, stack(0x000000d1b8f00000,0x000000d1b9000000)]
  0x000001dfb4274800 JavaThread "Service Thread" daemon [_thread_blocked, id=21388, stack(0x000000d1b9000000,0x000000d1b9100000)]
  0x000001dfb427b000 JavaThread "C2 CompilerThread0" daemon [_thread_blocked, id=17004, stack(0x000000d1b9100000,0x000000d1b9200000)]
  0x000001dfb4283000 JavaThread "C1 CompilerThread0" daemon [_thread_blocked, id=17352, stack(0x000000d1b9200000,0x000000d1b9300000)]
  0x000001dfb4285000 JavaThread "Sweeper thread" daemon [_thread_blocked, id=18460, stack(0x000000d1b9300000,0x000000d1b9400000)]
  0x000001dfb43e8800 JavaThread "Common-Cleaner" daemon [_thread_blocked, id=21156, stack(0x000000d1b9500000,0x000000d1b9600000)]
  0x000001dfb43e4800 JavaThread "C2 CompilerThread1" daemon [_thread_blocked, id=4564, stack(0x000000d1b9600000,0x000000d1b9700000)]
  0x000001dfb43e5000 JavaThread "C2 CompilerThread2" daemon [_thread_in_native, id=8356, stack(0x000000d1b9700000,0x000000d1b9800000)]

Other Threads:
=>0x000001dfb3963800 VMThread "VM Thread" [stack: 0x000000d1b8b00000,0x000000d1b8c00000] [id=12264]
  0x000001dfb43e2800 WatcherThread [stack: 0x000000d1b9400000,0x000000d1b9500000] [id=22304]
  0x000001df9490b800 GCTaskThread "GC Thread#0" [stack: 0x000000d1b8600000,0x000000d1b8700000] [id=20284]
  0x000001dfb4b3a000 GCTaskThread "GC Thread#1" [stack: 0x000000d1b9800000,0x000000d1b9900000] [id=15004]
  0x000001dfb4b3b000 GCTaskThread "GC Thread#2" [stack: 0x000000d1b9900000,0x000000d1b9a00000] [id=10296]
  0x000001dfb4b54000 GCTaskThread "GC Thread#3" [stack: 0x000000d1b9a00000,0x000000d1b9b00000] [id=5764]
  0x000001dfb4b54800 GCTaskThread "GC Thread#4" [stack: 0x000000d1b9b00000,0x000000d1b9c00000] [id=22348]
  0x000001dfb5cd0800 GCTaskThread "GC Thread#5" [stack: 0x000000d1ba300000,0x000000d1ba400000] [id=1984]
  0x000001dfb5ccf800 GCTaskThread "GC Thread#6" [stack: 0x000000d1ba400000,0x000000d1ba500000] [id=12744]
  0x000001df94965000 ConcurrentGCThread "G1 Main Marker" [stack: 0x000000d1b8700000,0x000000d1b8800000] [id=10524]
  0x000001df94967800 ConcurrentGCThread "G1 Conc#0" [stack: 0x000000d1b8800000,0x000000d1b8900000] [id=8912]
  0x000001dfb4ddc000 ConcurrentGCThread "G1 Conc#1" [stack: 0x000000d1b9c00000,0x000000d1b9d00000] [id=22152]
  0x000001dfb4db5800 ConcurrentGCThread "G1 Conc#2" [stack: 0x000000d1b9d00000,0x000000d1b9e00000] [id=18356]
  0x000001dfb383c800 ConcurrentGCThread "G1 Refine#0" [stack: 0x000000d1b8900000,0x000000d1b8a00000] [id=18512]
  0x000001dfb4c5b800 ConcurrentGCThread "G1 Refine#1" [stack: 0x000000d1b9e00000,0x000000d1b9f00000] [id=21132]
  0x000001dfba79e800 ConcurrentGCThread "G1 Refine#2" [stack: 0x000000d1b9f00000,0x000000d1ba000000] [id=11080]
  0x000001dfb733c000 ConcurrentGCThread "G1 Refine#3" [stack: 0x000000d1ba000000,0x000000d1ba100000] [id=19404]
  0x000001dfb9197000 ConcurrentGCThread "G1 Refine#4" [stack: 0x000000d1ba100000,0x000000d1ba200000] [id=19220]
  0x000001dfb8f4f000 ConcurrentGCThread "G1 Refine#5" [stack: 0x000000d1ba200000,0x000000d1ba300000] [id=18740]
  0x000001dfb6214000 ConcurrentGCThread "G1 Refine#6" [stack: 0x000000d1ba500000,0x000000d1ba600000] [id=22264]
  0x000001dfbc192000 ConcurrentGCThread "G1 Refine#7" [stack: 0x000000d1ba600000,0x000000d1ba700000] [id=14204]
  0x000001dfba8cd800 ConcurrentGCThread "G1 Refine#8" [stack: 0x000000d1ba700000,0x000000d1ba800000] [id=20916]
  0x000001dfb383d800 ConcurrentGCThread "G1 Young RemSet Sampling" [stack: 0x000000d1b8a00000,0x000000d1b8b00000] [id=20440]

Threads with active compile tasks:
C2 CompilerThread0  11870 16489       4       org.jetbrains.kotlin.backend.jvm.intrinsics.IrIntrinsicMethods$Companion::toKey (281 bytes)
C1 CompilerThread0  11870 16530       3       org.jetbrains.kotlin.backend.jvm.codegen.MethodSignatureMapper::writeParameterType (153 bytes)
C2 CompilerThread1  11870 16477       4       org.jetbrains.kotlin.backend.jvm.intrinsics.IrIntrinsicMethods::getIntrinsic (27 bytes)
C2 CompilerThread2  11870 16094       4       org.jetbrains.kotlin.load.kotlin.TypeSignatureMappingKt::mapBuiltInType (336 bytes)

VM state:at safepoint (normal execution)

VM Mutex/Monitor currently owned by a thread:  ([mutex/lock_event])
[0x000001df948eec30] Threads_lock - owner thread: 0x000001dfb3963800
[0x000001df948eef00] Heap_lock - owner thread: 0x000001df948f2800

Heap address: 0x0000000709400000, size: 3948 MB, Compressed Oops mode: Zero based, Oop shift amount: 3
Narrow klass base: 0x0000000800000000, Narrow klass shift: 0
Compressed class space size: 1073741824 Address: 0x0000000800000000

Heap:
 garbage-first heap   total 373760K, used 93184K [0x0000000709400000, 0x0000000800000000)
  region size 1024K, 6 young (6144K), 6 survivors (6144K)
 Metaspace       used 84494K, capacity 85340K, committed 85444K, reserved 1126400K
  class space    used 8786K, capacity 9117K, committed 9216K, reserved 1048576K
Heap Regions: E=young(eden), S=young(survivor), O=old, HS=humongous(starts), HC=humongous(continues), CS=collection set, F=free, A=archive, TAMS=top-at-mark-start (previous, next)
|   0|0x0000000709400000, 0x0000000709500000, 0x0000000709500000|100%|HS|  |TAMS 0x0000000709500000, 0x0000000709500000| Complete 
|   1|0x0000000709500000, 0x0000000709600000, 0x0000000709600000|100%|HC|  |TAMS 0x0000000709600000, 0x0000000709600000| Complete 
|   2|0x0000000709600000, 0x0000000709700000, 0x0000000709700000|100%|HC|  |TAMS 0x0000000709700000, 0x0000000709700000| Complete 
|   3|0x0000000709700000, 0x0000000709800000, 0x0000000709800000|100%|HS|  |TAMS 0x0000000709800000, 0x0000000709800000| Complete 
|   4|0x0000000709800000, 0x0000000709900000, 0x0000000709900000|100%|HC|  |TAMS 0x0000000709900000, 0x0000000709900000| Complete 
|   5|0x0000000709900000, 0x0000000709a00000, 0x0000000709a00000|100%|HC|  |TAMS 0x0000000709a00000, 0x0000000709a00000| Complete 
|   6|0x0000000709a00000, 0x0000000709b00000, 0x0000000709b00000|100%|HS|  |TAMS 0x0000000709b00000, 0x0000000709b00000| Complete 
|   7|0x0000000709b00000, 0x0000000709c00000, 0x0000000709c00000|100%|HC|  |TAMS 0x0000000709c00000, 0x0000000709c00000| Complete 
|   8|0x0000000709c00000, 0x0000000709d00000, 0x0000000709d00000|100%| O|  |TAMS 0x0000000709d00000, 0x0000000709d00000| Untracked 
|   9|0x0000000709d00000, 0x0000000709e00000, 0x0000000709e00000|100%| O|  |TAMS 0x0000000709e00000, 0x0000000709e00000| Untracked 
|  10|0x0000000709e00000, 0x0000000709f00000, 0x0000000709f00000|100%| O|  |TAMS 0x0000000709f00000, 0x0000000709f00000| Untracked 
|  11|0x0000000709f00000, 0x000000070a000000, 0x000000070a000000|100%| O|  |TAMS 0x000000070a000000, 0x000000070a000000| Untracked 
|  12|0x000000070a000000, 0x000000070a100000, 0x000000070a100000|100%| O|  |TAMS 0x000000070a100000, 0x000000070a100000| Untracked 
|  13|0x000000070a100000, 0x000000070a200000, 0x000000070a200000|100%| O|  |TAMS 0x000000070a200000, 0x000000070a200000| Untracked 
|  14|0x000000070a200000, 0x000000070a300000, 0x000000070a300000|100%| O|  |TAMS 0x000000070a300000, 0x000000070a300000| Untracked 
|  15|0x000000070a300000, 0x000000070a400000, 0x000000070a400000|100%| O|  |TAMS 0x000000070a400000, 0x000000070a400000| Untracked 
|  16|0x000000070a400000, 0x000000070a500000, 0x000000070a500000|100%| O|  |TAMS 0x000000070a500000, 0x000000070a500000| Untracked 
|  17|0x000000070a500000, 0x000000070a600000, 0x000000070a600000|100%| O|  |TAMS 0x000000070a600000, 0x000000070a600000| Untracked 
|  18|0x000000070a600000, 0x000000070a700000, 0x000000070a700000|100%| O|  |TAMS 0x000000070a700000, 0x000000070a700000| Untracked 
|  19|0x000000070a700000, 0x000000070a800000, 0x000000070a800000|100%| O|  |TAMS 0x000000070a800000, 0x000000070a800000| Untracked 
|  20|0x000000070a800000, 0x000000070a900000, 0x000000070a900000|100%| O|  |TAMS 0x000000070a900000, 0x000000070a900000| Untracked 
|  21|0x000000070a900000, 0x000000070aa00000, 0x000000070aa00000|100%| O|  |TAMS 0x000000070aa00000, 0x000000070aa00000| Untracked 
|  22|0x000000070aa00000, 0x000000070ab00000, 0x000000070ab00000|100%| O|  |TAMS 0x000000070ab00000, 0x000000070ab00000| Untracked 
|  23|0x000000070ab00000, 0x000000070ac00000, 0x000000070ac00000|100%| O|  |TAMS 0x000000070ac00000, 0x000000070ac00000| Untracked 
|  24|0x000000070ac00000, 0x000000070ad00000, 0x000000070ad00000|100%| O|  |TAMS 0x000000070ad00000, 0x000000070ad00000| Untracked 
|  25|0x000000070ad00000, 0x000000070ae00000, 0x000000070ae00000|100%| O|  |TAMS 0x000000070ae00000, 0x000000070ae00000| Untracked 
|  26|0x000000070ae00000, 0x000000070af00000, 0x000000070af00000|100%| O|  |TAMS 0x000000070af00000, 0x000000070af00000| Untracked 
|  27|0x000000070af00000, 0x000000070b000000, 0x000000070b000000|100%| O|  |TAMS 0x000000070b000000, 0x000000070b000000| Untracked 
|  28|0x000000070b000000, 0x000000070b100000, 0x000000070b100000|100%| O|  |TAMS 0x000000070b100000, 0x000000070b100000| Untracked 
|  29|0x000000070b100000, 0x000000070b200000, 0x000000070b200000|100%| O|  |TAMS 0x000000070b200000, 0x000000070b200000| Untracked 
|  30|0x000000070b200000, 0x000000070b300000, 0x000000070b300000|100%| O|  |TAMS 0x000000070b300000, 0x000000070b300000| Untracked 
|  31|0x000000070b300000, 0x000000070b400000, 0x000000070b400000|100%| O|  |TAMS 0x000000070b400000, 0x000000070b400000| Untracked 
|  32|0x000000070b400000, 0x000000070b500000, 0x000000070b500000|100%| O|  |TAMS 0x000000070b500000, 0x000000070b500000| Untracked 
|  33|0x000000070b500000, 0x000000070b600000, 0x000000070b600000|100%| O|  |TAMS 0x000000070b600000, 0x000000070b600000| Untracked 
|  34|0x000000070b600000, 0x000000070b700000, 0x000000070b700000|100%| O|  |TAMS 0x000000070b700000, 0x000000070b700000| Untracked 
|  35|0x000000070b700000, 0x000000070b800000, 0x000000070b800000|100%| O|  |TAMS 0x000000070b800000, 0x000000070b800000| Untracked 
|  36|0x000000070b800000, 0x000000070b900000, 0x000000070b900000|100%| O|  |TAMS 0x000000070b900000, 0x000000070b900000| Untracked 
|  37|0x000000070b900000, 0x000000070ba00000, 0x000000070ba00000|100%| O|  |TAMS 0x000000070ba00000, 0x000000070ba00000| Untracked 
|  38|0x000000070ba00000, 0x000000070bb00000, 0x000000070bb00000|100%| O|  |TAMS 0x000000070bb00000, 0x000000070bb00000| Untracked 
|  39|0x000000070bb00000, 0x000000070bc00000, 0x000000070bc00000|100%| O|  |TAMS 0x000000070bc00000, 0x000000070bc00000| Untracked 
|  40|0x000000070bc00000, 0x000000070bd00000, 0x000000070bd00000|100%| O|  |TAMS 0x000000070bd00000, 0x000000070bd00000| Untracked 
|  41|0x000000070bd00000, 0x000000070be00000, 0x000000070be00000|100%| O|  |TAMS 0x000000070be00000, 0x000000070be00000| Untracked 
|  42|0x000000070be00000, 0x000000070bf00000, 0x000000070bf00000|100%| O|  |TAMS 0x000000070bf00000, 0x000000070bf00000| Untracked 
|  43|0x000000070bf00000, 0x000000070c000000, 0x000000070c000000|100%| O|  |TAMS 0x000000070c000000, 0x000000070c000000| Untracked 
|  44|0x000000070c000000, 0x000000070c100000, 0x000000070c100000|100%| O|  |TAMS 0x000000070c100000, 0x000000070c100000| Untracked 
|  45|0x000000070c100000, 0x000000070c200000, 0x000000070c200000|100%| O|  |TAMS 0x000000070c200000, 0x000000070c200000| Untracked 
|  46|0x000000070c200000, 0x000000070c300000, 0x000000070c300000|100%| O|  |TAMS 0x000000070c300000, 0x000000070c300000| Untracked 
|  47|0x000000070c300000, 0x000000070c400000, 0x000000070c400000|100%| O|  |TAMS 0x000000070c400000, 0x000000070c400000| Untracked 
|  48|0x000000070c400000, 0x000000070c500000, 0x000000070c500000|100%| O|  |TAMS 0x000000070c500000, 0x000000070c500000| Untracked 
|  49|0x000000070c500000, 0x000000070c600000, 0x000000070c600000|100%| O|  |TAMS 0x000000070c600000, 0x000000070c600000| Untracked 
|  50|0x000000070c600000, 0x000000070c700000, 0x000000070c700000|100%| O|  |TAMS 0x000000070c700000, 0x000000070c700000| Untracked 
|  51|0x000000070c700000, 0x000000070c800000, 0x000000070c800000|100%| O|  |TAMS 0x000000070c800000, 0x000000070c800000| Untracked 
|  52|0x000000070c800000, 0x000000070c900000, 0x000000070c900000|100%| O|  |TAMS 0x000000070c900000, 0x000000070c900000| Untracked 
|  53|0x000000070c900000, 0x000000070ca00000, 0x000000070ca00000|100%| O|  |TAMS 0x000000070ca00000, 0x000000070ca00000| Untracked 
|  54|0x000000070ca00000, 0x000000070cb00000, 0x000000070cb00000|100%| O|  |TAMS 0x000000070cb00000, 0x000000070cb00000| Untracked 
|  55|0x000000070cb00000, 0x000000070cc00000, 0x000000070cc00000|100%| O|  |TAMS 0x000000070cc00000, 0x000000070cc00000| Untracked 
|  56|0x000000070cc00000, 0x000000070cd00000, 0x000000070cd00000|100%| O|  |TAMS 0x000000070cd00000, 0x000000070cd00000| Untracked 
|  57|0x000000070cd00000, 0x000000070ce00000, 0x000000070ce00000|100%| O|  |TAMS 0x000000070ce00000, 0x000000070ce00000| Untracked 
|  58|0x000000070ce00000, 0x000000070cf00000, 0x000000070cf00000|100%| O|  |TAMS 0x000000070cf00000, 0x000000070cf00000| Untracked 
|  59|0x000000070cf00000, 0x000000070d000000, 0x000000070d000000|100%| O|  |TAMS 0x000000070d000000, 0x000000070d000000| Untracked 
|  60|0x000000070d000000, 0x000000070d100000, 0x000000070d100000|100%| O|  |TAMS 0x000000070d100000, 0x000000070d100000| Untracked 
|  61|0x000000070d100000, 0x000000070d200000, 0x000000070d200000|100%| O|  |TAMS 0x000000070d200000, 0x000000070d200000| Untracked 
|  62|0x000000070d200000, 0x000000070d300000, 0x000000070d300000|100%| O|  |TAMS 0x000000070d300000, 0x000000070d300000| Untracked 
|  63|0x000000070d300000, 0x000000070d400000, 0x000000070d400000|100%| O|  |TAMS 0x000000070d400000, 0x000000070d400000| Untracked 
|  64|0x000000070d400000, 0x000000070d500000, 0x000000070d500000|100%| O|  |TAMS 0x000000070d500000, 0x000000070d500000| Untracked 
|  65|0x000000070d500000, 0x000000070d600000, 0x000000070d600000|100%| O|  |TAMS 0x000000070d600000, 0x000000070d600000| Untracked 
|  66|0x000000070d600000, 0x000000070d700000, 0x000000070d700000|100%| O|  |TAMS 0x000000070d700000, 0x000000070d700000| Untracked 
|  67|0x000000070d700000, 0x000000070d800000, 0x000000070d800000|100%| O|  |TAMS 0x000000070d800000, 0x000000070d800000| Untracked 
|  68|0x000000070d800000, 0x000000070d900000, 0x000000070d900000|100%| O|  |TAMS 0x000000070d900000, 0x000000070d900000| Untracked 
|  69|0x000000070d900000, 0x000000070da00000, 0x000000070da00000|100%| O|  |TAMS 0x000000070da00000, 0x000000070da00000| Untracked 
|  70|0x000000070da00000, 0x000000070db00000, 0x000000070db00000|100%| O|  |TAMS 0x000000070db00000, 0x000000070db00000| Untracked 
|  71|0x000000070db00000, 0x000000070dc00000, 0x000000070dc00000|100%| O|  |TAMS 0x000000070dc00000, 0x000000070dc00000| Untracked 
|  72|0x000000070dc00000, 0x000000070dd00000, 0x000000070dd00000|100%| O|  |TAMS 0x000000070dd00000, 0x000000070dd00000| Untracked 
|  73|0x000000070dd00000, 0x000000070de00000, 0x000000070de00000|100%| O|  |TAMS 0x000000070de00000, 0x000000070de00000| Untracked 
|  74|0x000000070de00000, 0x000000070df00000, 0x000000070df00000|100%| O|  |TAMS 0x000000070df00000, 0x000000070df00000| Untracked 
|  75|0x000000070df00000, 0x000000070e000000, 0x000000070e000000|100%| O|  |TAMS 0x000000070df81e00, 0x000000070e000000| Untracked 
|  76|0x000000070e000000, 0x000000070e100000, 0x000000070e100000|100%| O|  |TAMS 0x000000070e000000, 0x000000070e100000| Untracked 
|  77|0x000000070e100000, 0x000000070e200000, 0x000000070e200000|100%| O|  |TAMS 0x000000070e100000, 0x000000070e200000| Untracked 
|  78|0x000000070e200000, 0x000000070e300000, 0x000000070e300000|100%| O|  |TAMS 0x000000070e200000, 0x000000070e300000| Untracked 
|  79|0x000000070e300000, 0x000000070e400000, 0x000000070e400000|100%| O|  |TAMS 0x000000070e300000, 0x000000070e400000| Untracked 
|  80|0x000000070e400000, 0x000000070e500000, 0x000000070e500000|100%| O|  |TAMS 0x000000070e400000, 0x000000070e500000| Untracked 
|  81|0x000000070e500000, 0x000000070e600000, 0x000000070e600000|100%| O|  |TAMS 0x000000070e500000, 0x000000070e600000| Untracked 
|  82|0x000000070e600000, 0x000000070e700000, 0x000000070e700000|100%| O|  |TAMS 0x000000070e600000, 0x000000070e700000| Untracked 
|  83|0x000000070e700000, 0x000000070e800000, 0x000000070e800000|100%| O|  |TAMS 0x000000070e700000, 0x000000070e800000| Untracked 
|  84|0x000000070e800000, 0x000000070e900000, 0x000000070e900000|100%| O|  |TAMS 0x000000070e800000, 0x000000070e900000| Untracked 
|  85|0x000000070e900000, 0x000000070e900000, 0x000000070ea00000|  0%| F|  |TAMS 0x000000070e900000, 0x000000070e900000| Untracked 
|  86|0x000000070ea00000, 0x000000070ea00000, 0x000000070eb00000|  0%| F|  |TAMS 0x000000070ea00000, 0x000000070ea00000| Untracked 
|  87|0x000000070eb00000, 0x000000070eb00000, 0x000000070ec00000|  0%| F|  |TAMS 0x000000070eb00000, 0x000000070eb00000| Untracked 
|  88|0x000000070ec00000, 0x000000070ec00000, 0x000000070ed00000|  0%| F|  |TAMS 0x000000070ec00000, 0x000000070ec00000| Untracked 
|  89|0x000000070ed00000, 0x000000070ed00000, 0x000000070ee00000|  0%| F|  |TAMS 0x000000070ed00000, 0x000000070ed00000| Untracked 
|  90|0x000000070ee00000, 0x000000070ee00000, 0x000000070ef00000|  0%| F|  |TAMS 0x000000070ee00000, 0x000000070ee00000| Untracked 
|  91|0x000000070ef00000, 0x000000070ef00000, 0x000000070f000000|  0%| F|  |TAMS 0x000000070ef00000, 0x000000070ef00000| Untracked 
|  92|0x000000070f000000, 0x000000070f000000, 0x000000070f100000|  0%| F|  |TAMS 0x000000070f000000, 0x000000070f000000| Untracked 
|  93|0x000000070f100000, 0x000000070f100000, 0x000000070f200000|  0%| F|  |TAMS 0x000000070f100000, 0x000000070f100000| Untracked 
|  94|0x000000070f200000, 0x000000070f200000, 0x000000070f300000|  0%| F|  |TAMS 0x000000070f200000, 0x000000070f200000| Untracked 
|  95|0x000000070f300000, 0x000000070f300000, 0x000000070f400000|  0%| F|  |TAMS 0x000000070f300000, 0x000000070f300000| Untracked 
|  96|0x000000070f400000, 0x000000070f400000, 0x000000070f500000|  0%| F|  |TAMS 0x000000070f400000, 0x000000070f400000| Untracked 
|  97|0x000000070f500000, 0x000000070f500000, 0x000000070f600000|  0%| F|  |TAMS 0x000000070f500000, 0x000000070f500000| Untracked 
|  98|0x000000070f600000, 0x000000070f600000, 0x000000070f700000|  0%| F|  |TAMS 0x000000070f600000, 0x000000070f600000| Untracked 
|  99|0x000000070f700000, 0x000000070f700000, 0x000000070f800000|  0%| F|  |TAMS 0x000000070f700000, 0x000000070f700000| Untracked 
| 100|0x000000070f800000, 0x000000070f800000, 0x000000070f900000|  0%| F|  |TAMS 0x000000070f800000, 0x000000070f800000| Untracked 
| 101|0x000000070f900000, 0x000000070f900000, 0x000000070fa00000|  0%| F|  |TAMS 0x000000070f900000, 0x000000070f900000| Untracked 
| 102|0x000000070fa00000, 0x000000070fa00000, 0x000000070fb00000|  0%| F|  |TAMS 0x000000070fa00000, 0x000000070fa00000| Untracked 
| 103|0x000000070fb00000, 0x000000070fb00000, 0x000000070fc00000|  0%| F|  |TAMS 0x000000070fb00000, 0x000000070fb00000| Untracked 
| 104|0x000000070fc00000, 0x000000070fc00000, 0x000000070fd00000|  0%| F|  |TAMS 0x000000070fc00000, 0x000000070fc00000| Untracked 
| 105|0x000000070fd00000, 0x000000070fd00000, 0x000000070fe00000|  0%| F|  |TAMS 0x000000070fd00000, 0x000000070fd00000| Untracked 
| 106|0x000000070fe00000, 0x000000070fe00000, 0x000000070ff00000|  0%| F|  |TAMS 0x000000070fe00000, 0x000000070fe00000| Untracked 
| 107|0x000000070ff00000, 0x000000070ff00000, 0x0000000710000000|  0%| F|  |TAMS 0x000000070ff00000, 0x000000070ff00000| Untracked 
| 108|0x0000000710000000, 0x0000000710000000, 0x0000000710100000|  0%| F|  |TAMS 0x0000000710000000, 0x0000000710000000| Untracked 
| 109|0x0000000710100000, 0x0000000710100000, 0x0000000710200000|  0%| F|  |TAMS 0x0000000710100000, 0x0000000710100000| Untracked 
| 110|0x0000000710200000, 0x0000000710200000, 0x0000000710300000|  0%| F|  |TAMS 0x0000000710200000, 0x0000000710200000| Untracked 
| 111|0x0000000710300000, 0x0000000710300000, 0x0000000710400000|  0%| F|  |TAMS 0x0000000710300000, 0x0000000710300000| Untracked 
| 112|0x0000000710400000, 0x0000000710400000, 0x0000000710500000|  0%| F|  |TAMS 0x0000000710400000, 0x0000000710400000| Untracked 
| 113|0x0000000710500000, 0x0000000710500000, 0x0000000710600000|  0%| F|  |TAMS 0x0000000710500000, 0x0000000710500000| Untracked 
| 114|0x0000000710600000, 0x0000000710600000, 0x0000000710700000|  0%| F|  |TAMS 0x0000000710600000, 0x0000000710600000| Untracked 
| 115|0x0000000710700000, 0x0000000710700000, 0x0000000710800000|  0%| F|  |TAMS 0x0000000710700000, 0x0000000710700000| Untracked 
| 116|0x0000000710800000, 0x0000000710800000, 0x0000000710900000|  0%| F|  |TAMS 0x0000000710800000, 0x0000000710800000| Untracked 
| 117|0x0000000710900000, 0x0000000710900000, 0x0000000710a00000|  0%| F|  |TAMS 0x0000000710900000, 0x0000000710900000| Untracked 
| 118|0x0000000710a00000, 0x0000000710a00000, 0x0000000710b00000|  0%| F|  |TAMS 0x0000000710a00000, 0x0000000710a00000| Untracked 
| 119|0x0000000710b00000, 0x0000000710b00000, 0x0000000710c00000|  0%| F|  |TAMS 0x0000000710b00000, 0x0000000710b00000| Untracked 
| 120|0x0000000710c00000, 0x0000000710c00000, 0x0000000710d00000|  0%| F|  |TAMS 0x0000000710c00000, 0x0000000710c00000| Untracked 
| 121|0x0000000710d00000, 0x0000000710d00000, 0x0000000710e00000|  0%| F|  |TAMS 0x0000000710d00000, 0x0000000710d00000| Untracked 
| 122|0x0000000710e00000, 0x0000000710e00000, 0x0000000710f00000|  0%| F|  |TAMS 0x0000000710e00000, 0x0000000710e00000| Untracked 
| 123|0x0000000710f00000, 0x0000000710f00000, 0x0000000711000000|  0%| F|  |TAMS 0x0000000710f00000, 0x0000000710f00000| Untracked 
| 124|0x0000000711000000, 0x0000000711000000, 0x0000000711100000|  0%| F|  |TAMS 0x0000000711000000, 0x0000000711000000| Untracked 
| 125|0x0000000711100000, 0x0000000711100000, 0x0000000711200000|  0%| F|  |TAMS 0x0000000711100000, 0x0000000711100000| Untracked 
| 126|0x0000000711200000, 0x0000000711200000, 0x0000000711300000|  0%| F|  |TAMS 0x0000000711200000, 0x0000000711200000| Untracked 
| 127|0x0000000711300000, 0x0000000711300000, 0x0000000711400000|  0%| F|  |TAMS 0x0000000711300000, 0x0000000711300000| Untracked 
| 128|0x0000000711400000, 0x0000000711400000, 0x0000000711500000|  0%| F|  |TAMS 0x0000000711400000, 0x0000000711400000| Untracked 
| 129|0x0000000711500000, 0x0000000711500000, 0x0000000711600000|  0%| F|  |TAMS 0x0000000711500000, 0x0000000711500000| Untracked 
| 130|0x0000000711600000, 0x0000000711600000, 0x0000000711700000|  0%| F|  |TAMS 0x0000000711600000, 0x0000000711600000| Untracked 
| 131|0x0000000711700000, 0x0000000711700000, 0x0000000711800000|  0%| F|  |TAMS 0x0000000711700000, 0x0000000711700000| Untracked 
| 132|0x0000000711800000, 0x0000000711800000, 0x0000000711900000|  0%| F|  |TAMS 0x0000000711800000, 0x0000000711800000| Untracked 
| 133|0x0000000711900000, 0x0000000711900000, 0x0000000711a00000|  0%| F|  |TAMS 0x0000000711900000, 0x0000000711900000| Untracked 
| 134|0x0000000711a00000, 0x0000000711a00000, 0x0000000711b00000|  0%| F|  |TAMS 0x0000000711a00000, 0x0000000711a00000| Untracked 
| 135|0x0000000711b00000, 0x0000000711b00000, 0x0000000711c00000|  0%| F|  |TAMS 0x0000000711b00000, 0x0000000711b00000| Untracked 
| 136|0x0000000711c00000, 0x0000000711c00000, 0x0000000711d00000|  0%| F|  |TAMS 0x0000000711c00000, 0x0000000711c00000| Untracked 
| 137|0x0000000711d00000, 0x0000000711d00000, 0x0000000711e00000|  0%| F|  |TAMS 0x0000000711d00000, 0x0000000711d00000| Untracked 
| 138|0x0000000711e00000, 0x0000000711e00000, 0x0000000711f00000|  0%| F|  |TAMS 0x0000000711e00000, 0x0000000711e00000| Untracked 
| 139|0x0000000711f00000, 0x0000000711f00000, 0x0000000712000000|  0%| F|  |TAMS 0x0000000711f00000, 0x0000000711f00000| Untracked 
| 140|0x0000000712000000, 0x0000000712000000, 0x0000000712100000|  0%| F|  |TAMS 0x0000000712000000, 0x0000000712000000| Untracked 
| 141|0x0000000712100000, 0x0000000712100000, 0x0000000712200000|  0%| F|  |TAMS 0x0000000712100000, 0x0000000712100000| Untracked 
| 142|0x0000000712200000, 0x0000000712200000, 0x0000000712300000|  0%| F|  |TAMS 0x0000000712200000, 0x0000000712200000| Untracked 
| 143|0x0000000712300000, 0x0000000712300000, 0x0000000712400000|  0%| F|  |TAMS 0x0000000712300000, 0x0000000712300000| Untracked 
| 144|0x0000000712400000, 0x0000000712400000, 0x0000000712500000|  0%| F|  |TAMS 0x0000000712400000, 0x0000000712400000| Untracked 
| 145|0x0000000712500000, 0x0000000712500000, 0x0000000712600000|  0%| F|  |TAMS 0x0000000712500000, 0x0000000712500000| Untracked 
| 146|0x0000000712600000, 0x0000000712600000, 0x0000000712700000|  0%| F|  |TAMS 0x0000000712600000, 0x0000000712600000| Untracked 
| 147|0x0000000712700000, 0x0000000712700000, 0x0000000712800000|  0%| F|  |TAMS 0x0000000712700000, 0x0000000712700000| Untracked 
| 148|0x0000000712800000, 0x0000000712800000, 0x0000000712900000|  0%| F|  |TAMS 0x0000000712800000, 0x0000000712800000| Untracked 
| 149|0x0000000712900000, 0x0000000712900000, 0x0000000712a00000|  0%| F|  |TAMS 0x0000000712900000, 0x0000000712900000| Untracked 
| 150|0x0000000712a00000, 0x0000000712a00000, 0x0000000712b00000|  0%| F|  |TAMS 0x0000000712a00000, 0x0000000712a00000| Untracked 
| 151|0x0000000712b00000, 0x0000000712b00000, 0x0000000712c00000|  0%| F|  |TAMS 0x0000000712b00000, 0x0000000712b00000| Untracked 
| 152|0x0000000712c00000, 0x0000000712c00000, 0x0000000712d00000|  0%| F|  |TAMS 0x0000000712c00000, 0x0000000712c00000| Untracked 
| 153|0x0000000712d00000, 0x0000000712d00000, 0x0000000712e00000|  0%| F|  |TAMS 0x0000000712d00000, 0x0000000712d00000| Untracked 
| 154|0x0000000712e00000, 0x0000000712e00000, 0x0000000712f00000|  0%| F|  |TAMS 0x0000000712e00000, 0x0000000712e00000| Untracked 
| 155|0x0000000712f00000, 0x0000000712f00000, 0x0000000713000000|  0%| F|  |TAMS 0x0000000712f00000, 0x0000000712f00000| Untracked 
| 156|0x0000000713000000, 0x0000000713000000, 0x0000000713100000|  0%| F|  |TAMS 0x0000000713000000, 0x0000000713000000| Untracked 
| 157|0x0000000713100000, 0x0000000713100000, 0x0000000713200000|  0%| F|  |TAMS 0x0000000713100000, 0x0000000713100000| Untracked 
| 158|0x0000000713200000, 0x0000000713200000, 0x0000000713300000|  0%| F|  |TAMS 0x0000000713200000, 0x0000000713200000| Untracked 
| 159|0x0000000713300000, 0x0000000713300000, 0x0000000713400000|  0%| F|  |TAMS 0x0000000713300000, 0x0000000713300000| Untracked 
| 160|0x0000000713400000, 0x0000000713400000, 0x0000000713500000|  0%| F|  |TAMS 0x0000000713400000, 0x0000000713400000| Untracked 
| 161|0x0000000713500000, 0x0000000713500000, 0x0000000713600000|  0%| F|  |TAMS 0x0000000713500000, 0x0000000713500000| Untracked 
| 162|0x0000000713600000, 0x0000000713600000, 0x0000000713700000|  0%| F|  |TAMS 0x0000000713600000, 0x0000000713600000| Untracked 
| 163|0x0000000713700000, 0x0000000713700000, 0x0000000713800000|  0%| F|  |TAMS 0x0000000713700000, 0x0000000713700000| Untracked 
| 164|0x0000000713800000, 0x0000000713800000, 0x0000000713900000|  0%| F|  |TAMS 0x0000000713800000, 0x0000000713800000| Untracked 
| 165|0x0000000713900000, 0x0000000713900000, 0x0000000713a00000|  0%| F|  |TAMS 0x0000000713900000, 0x0000000713900000| Untracked 
| 166|0x0000000713a00000, 0x0000000713a00000, 0x0000000713b00000|  0%| F|  |TAMS 0x0000000713a00000, 0x0000000713a00000| Untracked 
| 167|0x0000000713b00000, 0x0000000713b00000, 0x0000000713c00000|  0%| F|  |TAMS 0x0000000713b00000, 0x0000000713b00000| Untracked 
| 168|0x0000000713c00000, 0x0000000713c00000, 0x0000000713d00000|  0%| F|  |TAMS 0x0000000713c00000, 0x0000000713c00000| Untracked 
| 169|0x0000000713d00000, 0x0000000713d00000, 0x0000000713e00000|  0%| F|  |TAMS 0x0000000713d00000, 0x0000000713d00000| Untracked 
| 170|0x0000000713e00000, 0x0000000713e00000, 0x0000000713f00000|  0%| F|  |TAMS 0x0000000713e00000, 0x0000000713e00000| Untracked 
| 171|0x0000000713f00000, 0x0000000713f00000, 0x0000000714000000|  0%| F|  |TAMS 0x0000000713f00000, 0x0000000713f00000| Untracked 
| 172|0x0000000714000000, 0x0000000714000000, 0x0000000714100000|  0%| F|  |TAMS 0x0000000714000000, 0x0000000714000000| Untracked 
| 173|0x0000000714100000, 0x0000000714100000, 0x0000000714200000|  0%| F|  |TAMS 0x0000000714100000, 0x0000000714100000| Untracked 
| 174|0x0000000714200000, 0x0000000714200000, 0x0000000714300000|  0%| F|  |TAMS 0x0000000714200000, 0x0000000714200000| Untracked 
| 175|0x0000000714300000, 0x0000000714300000, 0x0000000714400000|  0%| F|  |TAMS 0x0000000714300000, 0x0000000714300000| Untracked 
| 176|0x0000000714400000, 0x0000000714400000, 0x0000000714500000|  0%| F|  |TAMS 0x0000000714400000, 0x0000000714400000| Untracked 
| 177|0x0000000714500000, 0x0000000714500000, 0x0000000714600000|  0%| F|  |TAMS 0x0000000714500000, 0x0000000714500000| Untracked 
| 178|0x0000000714600000, 0x0000000714600000, 0x0000000714700000|  0%| F|  |TAMS 0x0000000714600000, 0x0000000714600000| Untracked 
| 179|0x0000000714700000, 0x0000000714700000, 0x0000000714800000|  0%| F|  |TAMS 0x0000000714700000, 0x0000000714700000| Untracked 
| 180|0x0000000714800000, 0x0000000714800000, 0x0000000714900000|  0%| F|  |TAMS 0x0000000714800000, 0x0000000714800000| Untracked 
| 181|0x0000000714900000, 0x0000000714900000, 0x0000000714a00000|  0%| F|  |TAMS 0x0000000714900000, 0x0000000714900000| Untracked 
| 182|0x0000000714a00000, 0x0000000714a00000, 0x0000000714b00000|  0%| F|  |TAMS 0x0000000714a00000, 0x0000000714a00000| Untracked 
| 183|0x0000000714b00000, 0x0000000714b00000, 0x0000000714c00000|  0%| F|  |TAMS 0x0000000714b00000, 0x0000000714b00000| Untracked 
| 184|0x0000000714c00000, 0x0000000714c00000, 0x0000000714d00000|  0%| F|  |TAMS 0x0000000714c00000, 0x0000000714c00000| Untracked 
| 185|0x0000000714d00000, 0x0000000714d00000, 0x0000000714e00000|  0%| F|  |TAMS 0x0000000714d00000, 0x0000000714d00000| Untracked 
| 186|0x0000000714e00000, 0x0000000714e00000, 0x0000000714f00000|  0%| F|  |TAMS 0x0000000714e00000, 0x0000000714e00000| Untracked 
| 187|0x0000000714f00000, 0x0000000714f00000, 0x0000000715000000|  0%| F|  |TAMS 0x0000000714f00000, 0x0000000714f00000| Untracked 
| 188|0x0000000715000000, 0x0000000715000000, 0x0000000715100000|  0%| F|  |TAMS 0x0000000715000000, 0x0000000715000000| Untracked 
| 189|0x0000000715100000, 0x0000000715100000, 0x0000000715200000|  0%| F|  |TAMS 0x0000000715100000, 0x0000000715100000| Untracked 
| 190|0x0000000715200000, 0x0000000715200000, 0x0000000715300000|  0%| F|  |TAMS 0x0000000715200000, 0x0000000715200000| Untracked 
| 191|0x0000000715300000, 0x0000000715300000, 0x0000000715400000|  0%| F|  |TAMS 0x0000000715300000, 0x0000000715300000| Untracked 
| 192|0x0000000715400000, 0x0000000715400000, 0x0000000715500000|  0%| F|  |TAMS 0x0000000715400000, 0x0000000715400000| Untracked 
| 193|0x0000000715500000, 0x0000000715500000, 0x0000000715600000|  0%| F|  |TAMS 0x0000000715500000, 0x0000000715500000| Untracked 
| 194|0x0000000715600000, 0x0000000715700000, 0x0000000715700000|100%| S|CS|TAMS 0x0000000715600000, 0x0000000715600000| Complete 
| 195|0x0000000715700000, 0x0000000715800000, 0x0000000715800000|100%| S|CS|TAMS 0x0000000715700000, 0x0000000715700000| Complete 
| 196|0x0000000715800000, 0x0000000715900000, 0x0000000715900000|100%| S|CS|TAMS 0x0000000715800000, 0x0000000715800000| Complete 
| 197|0x0000000715900000, 0x0000000715a00000, 0x0000000715a00000|100%| S|CS|TAMS 0x0000000715900000, 0x0000000715900000| Complete 
| 198|0x0000000715a00000, 0x0000000715b00000, 0x0000000715b00000|100%| S|CS|TAMS 0x0000000715a00000, 0x0000000715a00000| Complete 
| 199|0x0000000715b00000, 0x0000000715c00000, 0x0000000715c00000|100%| S|CS|TAMS 0x0000000715b00000, 0x0000000715b00000| Complete 
| 200|0x0000000715c00000, 0x0000000715c00000, 0x0000000715d00000|  0%| F|  |TAMS 0x0000000715c00000, 0x0000000715c00000| Untracked 
| 201|0x0000000715d00000, 0x0000000715d00000, 0x0000000715e00000|  0%| F|  |TAMS 0x0000000715d00000, 0x0000000715d00000| Untracked 
| 202|0x0000000715e00000, 0x0000000715e00000, 0x0000000715f00000|  0%| F|  |TAMS 0x0000000715e00000, 0x0000000715e00000| Untracked 
| 203|0x0000000715f00000, 0x0000000715f00000, 0x0000000716000000|  0%| F|  |TAMS 0x0000000715f00000, 0x0000000715f00000| Untracked 
| 204|0x0000000716000000, 0x0000000716000000, 0x0000000716100000|  0%| F|  |TAMS 0x0000000716000000, 0x0000000716000000| Untracked 
| 205|0x0000000716100000, 0x0000000716100000, 0x0000000716200000|  0%| F|  |TAMS 0x0000000716100000, 0x0000000716100000| Untracked 
| 206|0x0000000716200000, 0x0000000716200000, 0x0000000716300000|  0%| F|  |TAMS 0x0000000716200000, 0x0000000716200000| Untracked 
| 207|0x0000000716300000, 0x0000000716300000, 0x0000000716400000|  0%| F|  |TAMS 0x0000000716300000, 0x0000000716300000| Untracked 
| 208|0x0000000716400000, 0x0000000716400000, 0x0000000716500000|  0%| F|  |TAMS 0x0000000716400000, 0x0000000716400000| Untracked 
| 209|0x0000000716500000, 0x0000000716500000, 0x0000000716600000|  0%| F|  |TAMS 0x0000000716500000, 0x0000000716500000| Untracked 
| 210|0x0000000716600000, 0x0000000716600000, 0x0000000716700000|  0%| F|  |TAMS 0x0000000716600000, 0x0000000716600000| Untracked 
| 211|0x0000000716700000, 0x0000000716700000, 0x0000000716800000|  0%| F|  |TAMS 0x0000000716700000, 0x0000000716700000| Untracked 
| 212|0x0000000716800000, 0x0000000716800000, 0x0000000716900000|  0%| F|  |TAMS 0x0000000716800000, 0x0000000716800000| Untracked 
| 213|0x0000000716900000, 0x0000000716900000, 0x0000000716a00000|  0%| F|  |TAMS 0x0000000716900000, 0x0000000716900000| Untracked 
| 214|0x0000000716a00000, 0x0000000716a00000, 0x0000000716b00000|  0%| F|  |TAMS 0x0000000716a00000, 0x0000000716a00000| Untracked 
| 215|0x0000000716b00000, 0x0000000716b00000, 0x0000000716c00000|  0%| F|  |TAMS 0x0000000716b00000, 0x0000000716b00000| Untracked 
| 216|0x0000000716c00000, 0x0000000716c00000, 0x0000000716d00000|  0%| F|  |TAMS 0x0000000716c00000, 0x0000000716c00000| Untracked 
| 217|0x0000000716d00000, 0x0000000716d00000, 0x0000000716e00000|  0%| F|  |TAMS 0x0000000716d00000, 0x0000000716d00000| Untracked 
| 218|0x0000000716e00000, 0x0000000716e00000, 0x0000000716f00000|  0%| F|  |TAMS 0x0000000716e00000, 0x0000000716e00000| Untracked 
| 219|0x0000000716f00000, 0x0000000716f00000, 0x0000000717000000|  0%| F|  |TAMS 0x0000000716f00000, 0x0000000716f00000| Untracked 
| 220|0x0000000717000000, 0x0000000717000000, 0x0000000717100000|  0%| F|  |TAMS 0x0000000717000000, 0x0000000717000000| Untracked 
| 221|0x0000000717100000, 0x0000000717100000, 0x0000000717200000|  0%| F|  |TAMS 0x0000000717100000, 0x0000000717100000| Untracked 
| 222|0x0000000717200000, 0x0000000717200000, 0x0000000717300000|  0%| F|  |TAMS 0x0000000717200000, 0x0000000717200000| Untracked 
| 223|0x0000000717300000, 0x0000000717300000, 0x0000000717400000|  0%| F|  |TAMS 0x0000000717300000, 0x0000000717300000| Untracked 
| 224|0x0000000717400000, 0x0000000717400000, 0x0000000717500000|  0%| F|  |TAMS 0x0000000717400000, 0x0000000717400000| Untracked 
| 225|0x0000000717500000, 0x0000000717500000, 0x0000000717600000|  0%| F|  |TAMS 0x0000000717500000, 0x0000000717500000| Untracked 
| 226|0x0000000717600000, 0x0000000717600000, 0x0000000717700000|  0%| F|  |TAMS 0x0000000717600000, 0x0000000717600000| Untracked 
| 227|0x0000000717700000, 0x0000000717700000, 0x0000000717800000|  0%| F|  |TAMS 0x0000000717700000, 0x0000000717700000| Untracked 
| 228|0x0000000717800000, 0x0000000717800000, 0x0000000717900000|  0%| F|  |TAMS 0x0000000717800000, 0x0000000717800000| Untracked 
| 229|0x0000000717900000, 0x0000000717900000, 0x0000000717a00000|  0%| F|  |TAMS 0x0000000717900000, 0x0000000717900000| Untracked 
| 230|0x0000000717a00000, 0x0000000717a00000, 0x0000000717b00000|  0%| F|  |TAMS 0x0000000717a00000, 0x0000000717a00000| Untracked 
| 231|0x0000000717b00000, 0x0000000717b00000, 0x0000000717c00000|  0%| F|  |TAMS 0x0000000717b00000, 0x0000000717b00000| Untracked 
| 232|0x0000000717c00000, 0x0000000717c00000, 0x0000000717d00000|  0%| F|  |TAMS 0x0000000717c00000, 0x0000000717c00000| Untracked 
| 233|0x0000000717d00000, 0x0000000717d00000, 0x0000000717e00000|  0%| F|  |TAMS 0x0000000717d00000, 0x0000000717d00000| Untracked 
| 234|0x0000000717e00000, 0x0000000717e00000, 0x0000000717f00000|  0%| F|  |TAMS 0x0000000717e00000, 0x0000000717e00000| Untracked 
| 235|0x0000000717f00000, 0x0000000717f00000, 0x0000000718000000|  0%| F|  |TAMS 0x0000000717f00000, 0x0000000717f00000| Untracked 
| 236|0x0000000718000000, 0x0000000718000000, 0x0000000718100000|  0%| F|  |TAMS 0x0000000718000000, 0x0000000718000000| Untracked 
| 237|0x0000000718100000, 0x0000000718100000, 0x0000000718200000|  0%| F|  |TAMS 0x0000000718100000, 0x0000000718100000| Untracked 
| 238|0x0000000718200000, 0x0000000718200000, 0x0000000718300000|  0%| F|  |TAMS 0x0000000718200000, 0x0000000718200000| Untracked 
| 239|0x0000000718300000, 0x0000000718300000, 0x0000000718400000|  0%| F|  |TAMS 0x0000000718300000, 0x0000000718300000| Untracked 
| 240|0x0000000718400000, 0x0000000718400000, 0x0000000718500000|  0%| F|  |TAMS 0x0000000718400000, 0x0000000718400000| Untracked 
| 241|0x0000000718500000, 0x0000000718500000, 0x0000000718600000|  0%| F|  |TAMS 0x0000000718500000, 0x0000000718500000| Untracked 
| 242|0x0000000718600000, 0x0000000718600000, 0x0000000718700000|  0%| F|  |TAMS 0x0000000718600000, 0x0000000718600000| Untracked 
| 243|0x0000000718700000, 0x0000000718700000, 0x0000000718800000|  0%| F|  |TAMS 0x0000000718700000, 0x0000000718700000| Untracked 
| 244|0x0000000718800000, 0x0000000718800000, 0x0000000718900000|  0%| F|  |TAMS 0x0000000718800000, 0x0000000718800000| Untracked 
| 245|0x0000000718900000, 0x0000000718900000, 0x0000000718a00000|  0%| F|  |TAMS 0x0000000718900000, 0x0000000718900000| Untracked 
| 246|0x0000000718a00000, 0x0000000718a00000, 0x0000000718b00000|  0%| F|  |TAMS 0x0000000718a00000, 0x0000000718a00000| Untracked 
| 247|0x0000000718b00000, 0x0000000718b00000, 0x0000000718c00000|  0%| F|  |TAMS 0x0000000718b00000, 0x0000000718b00000| Untracked 
| 248|0x0000000718c00000, 0x0000000718c00000, 0x0000000718d00000|  0%| F|  |TAMS 0x0000000718c00000, 0x0000000718c00000| Untracked 
| 249|0x0000000718d00000, 0x0000000718d00000, 0x0000000718e00000|  0%| F|  |TAMS 0x0000000718d00000, 0x0000000718d00000| Untracked 
| 250|0x0000000718e00000, 0x0000000718e00000, 0x0000000718f00000|  0%| F|  |TAMS 0x0000000718e00000, 0x0000000718e00000| Untracked 
| 251|0x0000000718f00000, 0x0000000718f00000, 0x0000000719000000|  0%| F|  |TAMS 0x0000000718f00000, 0x0000000718f00000| Untracked 
| 252|0x0000000719000000, 0x0000000719000000, 0x0000000719100000|  0%| F|  |TAMS 0x0000000719000000, 0x0000000719000000| Untracked 
| 253|0x0000000719100000, 0x0000000719100000, 0x0000000719200000|  0%| F|  |TAMS 0x0000000719100000, 0x0000000719100000| Untracked 
| 254|0x0000000719200000, 0x0000000719200000, 0x0000000719300000|  0%| F|  |TAMS 0x0000000719200000, 0x0000000719200000| Untracked 
| 255|0x0000000719300000, 0x0000000719300000, 0x0000000719400000|  0%| F|  |TAMS 0x0000000719300000, 0x0000000719300000| Untracked 
| 256|0x0000000719400000, 0x0000000719400000, 0x0000000719500000|  0%| F|  |TAMS 0x0000000719400000, 0x0000000719400000| Untracked 
| 257|0x0000000719500000, 0x0000000719500000, 0x0000000719600000|  0%| F|  |TAMS 0x0000000719500000, 0x0000000719500000| Untracked 
| 258|0x0000000719600000, 0x0000000719600000, 0x0000000719700000|  0%| F|  |TAMS 0x0000000719600000, 0x0000000719600000| Untracked 
| 259|0x0000000719700000, 0x0000000719700000, 0x0000000719800000|  0%| F|  |TAMS 0x0000000719700000, 0x0000000719700000| Untracked 
| 260|0x0000000719800000, 0x0000000719800000, 0x0000000719900000|  0%| F|  |TAMS 0x0000000719800000, 0x0000000719800000| Untracked 
| 261|0x0000000719900000, 0x0000000719900000, 0x0000000719a00000|  0%| F|  |TAMS 0x0000000719900000, 0x0000000719900000| Untracked 
| 262|0x0000000719a00000, 0x0000000719a00000, 0x0000000719b00000|  0%| F|  |TAMS 0x0000000719a00000, 0x0000000719a00000| Untracked 
| 263|0x0000000719b00000, 0x0000000719b00000, 0x0000000719c00000|  0%| F|  |TAMS 0x0000000719b00000, 0x0000000719b00000| Untracked 
| 264|0x0000000719c00000, 0x0000000719c00000, 0x0000000719d00000|  0%| F|  |TAMS 0x0000000719c00000, 0x0000000719c00000| Untracked 
| 265|0x0000000719d00000, 0x0000000719d00000, 0x0000000719e00000|  0%| F|  |TAMS 0x0000000719d00000, 0x0000000719d00000| Untracked 
| 266|0x0000000719e00000, 0x0000000719e00000, 0x0000000719f00000|  0%| F|  |TAMS 0x0000000719e00000, 0x0000000719e00000| Untracked 
| 267|0x0000000719f00000, 0x0000000719f00000, 0x000000071a000000|  0%| F|  |TAMS 0x0000000719f00000, 0x0000000719f00000| Untracked 
| 268|0x000000071a000000, 0x000000071a000000, 0x000000071a100000|  0%| F|  |TAMS 0x000000071a000000, 0x000000071a000000| Untracked 
| 269|0x000000071a100000, 0x000000071a100000, 0x000000071a200000|  0%| F|  |TAMS 0x000000071a100000, 0x000000071a100000| Untracked 
| 270|0x000000071a200000, 0x000000071a200000, 0x000000071a300000|  0%| F|  |TAMS 0x000000071a200000, 0x000000071a200000| Untracked 
| 271|0x000000071a300000, 0x000000071a300000, 0x000000071a400000|  0%| F|  |TAMS 0x000000071a300000, 0x000000071a300000| Untracked 
| 272|0x000000071a400000, 0x000000071a400000, 0x000000071a500000|  0%| F|  |TAMS 0x000000071a400000, 0x000000071a400000| Untracked 
| 273|0x000000071a500000, 0x000000071a500000, 0x000000071a600000|  0%| F|  |TAMS 0x000000071a500000, 0x000000071a500000| Untracked 
| 274|0x000000071a600000, 0x000000071a600000, 0x000000071a700000|  0%| F|  |TAMS 0x000000071a600000, 0x000000071a600000| Untracked 
| 275|0x000000071a700000, 0x000000071a700000, 0x000000071a800000|  0%| F|  |TAMS 0x000000071a700000, 0x000000071a700000| Untracked 
| 276|0x000000071a800000, 0x000000071a800000, 0x000000071a900000|  0%| F|  |TAMS 0x000000071a800000, 0x000000071a800000| Untracked 
| 277|0x000000071a900000, 0x000000071a900000, 0x000000071aa00000|  0%| F|  |TAMS 0x000000071a900000, 0x000000071a900000| Untracked 
| 278|0x000000071aa00000, 0x000000071aa00000, 0x000000071ab00000|  0%| F|  |TAMS 0x000000071aa00000, 0x000000071aa00000| Untracked 
| 279|0x000000071ab00000, 0x000000071ab00000, 0x000000071ac00000|  0%| F|  |TAMS 0x000000071ab00000, 0x000000071ab00000| Untracked 
| 280|0x000000071ac00000, 0x000000071ac00000, 0x000000071ad00000|  0%| F|  |TAMS 0x000000071ac00000, 0x000000071ac00000| Untracked 
| 281|0x000000071ad00000, 0x000000071ad00000, 0x000000071ae00000|  0%| F|  |TAMS 0x000000071ad00000, 0x000000071ad00000| Untracked 
| 282|0x000000071ae00000, 0x000000071ae00000, 0x000000071af00000|  0%| F|  |TAMS 0x000000071ae00000, 0x000000071ae00000| Untracked 
| 283|0x000000071af00000, 0x000000071af00000, 0x000000071b000000|  0%| F|  |TAMS 0x000000071af00000, 0x000000071af00000| Untracked 
| 284|0x000000071b000000, 0x000000071b000000, 0x000000071b100000|  0%| F|  |TAMS 0x000000071b000000, 0x000000071b000000| Untracked 
| 285|0x000000071b100000, 0x000000071b100000, 0x000000071b200000|  0%| F|  |TAMS 0x000000071b100000, 0x000000071b100000| Untracked 
| 286|0x000000071b200000, 0x000000071b200000, 0x000000071b300000|  0%| F|  |TAMS 0x000000071b200000, 0x000000071b200000| Untracked 
| 287|0x000000071b300000, 0x000000071b300000, 0x000000071b400000|  0%| F|  |TAMS 0x000000071b300000, 0x000000071b300000| Untracked 
| 288|0x000000071b400000, 0x000000071b400000, 0x000000071b500000|  0%| F|  |TAMS 0x000000071b400000, 0x000000071b400000| Untracked 
| 289|0x000000071b500000, 0x000000071b500000, 0x000000071b600000|  0%| F|  |TAMS 0x000000071b500000, 0x000000071b500000| Untracked 
| 290|0x000000071b600000, 0x000000071b600000, 0x000000071b700000|  0%| F|  |TAMS 0x000000071b600000, 0x000000071b600000| Untracked 
| 291|0x000000071b700000, 0x000000071b700000, 0x000000071b800000|  0%| F|  |TAMS 0x000000071b700000, 0x000000071b700000| Untracked 
| 292|0x000000071b800000, 0x000000071b800000, 0x000000071b900000|  0%| F|  |TAMS 0x000000071b800000, 0x000000071b800000| Untracked 
| 293|0x000000071b900000, 0x000000071b900000, 0x000000071ba00000|  0%| F|  |TAMS 0x000000071b900000, 0x000000071b900000| Untracked 
| 294|0x000000071ba00000, 0x000000071ba00000, 0x000000071bb00000|  0%| F|  |TAMS 0x000000071ba00000, 0x000000071ba00000| Untracked 
| 295|0x000000071bb00000, 0x000000071bb00000, 0x000000071bc00000|  0%| F|  |TAMS 0x000000071bb00000, 0x000000071bb00000| Untracked 
| 296|0x000000071bc00000, 0x000000071bc00000, 0x000000071bd00000|  0%| F|  |TAMS 0x000000071bc00000, 0x000000071bc00000| Untracked 
| 297|0x000000071bd00000, 0x000000071bd00000, 0x000000071be00000|  0%| F|  |TAMS 0x000000071bd00000, 0x000000071bd00000| Untracked 
| 298|0x000000071be00000, 0x000000071be00000, 0x000000071bf00000|  0%| F|  |TAMS 0x000000071be00000, 0x000000071be00000| Untracked 
| 299|0x000000071bf00000, 0x000000071bf00000, 0x000000071c000000|  0%| F|  |TAMS 0x000000071bf00000, 0x000000071bf00000| Untracked 
| 300|0x000000071c000000, 0x000000071c000000, 0x000000071c100000|  0%| F|  |TAMS 0x000000071c000000, 0x000000071c000000| Untracked 
| 301|0x000000071c100000, 0x000000071c100000, 0x000000071c200000|  0%| F|  |TAMS 0x000000071c100000, 0x000000071c100000| Untracked 
| 302|0x000000071c200000, 0x000000071c200000, 0x000000071c300000|  0%| F|  |TAMS 0x000000071c200000, 0x000000071c200000| Untracked 
| 303|0x000000071c300000, 0x000000071c300000, 0x000000071c400000|  0%| F|  |TAMS 0x000000071c300000, 0x000000071c300000| Untracked 

Card table byte_map: [0x000001dfa8110000,0x000001dfa88d0000] _byte_map_base: 0x000001dfa48c6000

Marking Bits (Prev, Next): (CMBitMap*) 0x000001df94954a88, (CMBitMap*) 0x000001df94954ac0
 Prev Bits: [0x000001dfa9090000, 0x000001dface40000)
 Next Bits: [0x000001dface40000, 0x000001dfb0bf0000)

Polling page: 0x000001df925f0000

Metaspace:

Usage:
  Non-class:     74.44 MB capacity,    73.93 MB (>99%) used,   387.80 KB ( <1%) free+waste,   126.94 KB ( <1%) overhead. 
      Class:      8.90 MB capacity,     8.58 MB ( 96%) used,   279.53 KB (  3%) free+waste,    50.81 KB ( <1%) overhead. 
       Both:     83.34 MB capacity,    82.51 MB (>99%) used,   667.33 KB ( <1%) free+waste,   177.75 KB ( <1%) overhead. 

Virtual space:
  Non-class space:       76.00 MB reserved,      74.44 MB ( 98%) committed 
      Class space:        1.00 GB reserved,       9.00 MB ( <1%) committed 
             Both:        1.07 GB reserved,      83.44 MB (  8%) committed 

Chunk freelists:
   Non-Class:  5.00 KB
       Class:  3.00 KB
        Both:  8.00 KB

MaxMetaspaceSize: 17179869184.00 GB
CompressedClassSpaceSize: 1.00 GB
Initial GC threshold: 20.80 MB
Current GC threshold: 129.90 MB
CDS: off

CodeHeap 'non-profiled nmethods': size=120000Kb used=9488Kb max_used=9763Kb free=110511Kb
 bounds [0x000001df9fed0000, 0x000001dfa0860000, 0x000001dfa7400000]
CodeHeap 'profiled nmethods': size=120000Kb used=51183Kb max_used=51804Kb free=68816Kb
 bounds [0x000001df989a0000, 0x000001df9bc40000, 0x000001df9fed0000]
CodeHeap 'non-nmethods': size=5760Kb used=1383Kb max_used=1436Kb free=4376Kb
 bounds [0x000001df98400000, 0x000001df98670000, 0x000001df989a0000]
 total_blobs=15668 nmethods=14999 adapters=578
 compilation: enabled
              stopped_count=0, restarted_count=0
 full_count=0

Compilation events (20 events):
Event: 11.841 Thread 0x000001dfb4283000 nmethod 16524 0x000001df998b6f90 code [0x000001df998b71e0, 0x000001df998b7878]
Event: 11.841 Thread 0x000001dfb4283000 16525       3       org.jetbrains.kotlin.backend.jvm.codegen.MethodSignatureMapper::forceFoxedReturnTypeOnOverride (132 bytes)
Event: 11.842 Thread 0x000001dfb4283000 nmethod 16525 0x000001df99a17310 code [0x000001df99a175c0, 0x000001df99a18688]
Event: 11.842 Thread 0x000001dfb4283000 16518       3       org.jetbrains.org.objectweb.asm.tree.analysis.BasicValue::getSize (26 bytes)
Event: 11.842 Thread 0x000001dfb4283000 nmethod 16518 0x000001df998fc790 code [0x000001df998fc940, 0x000001df998fcaf8]
Event: 11.842 Thread 0x000001dfb4283000 16522       3       org.jetbrains.kotlin.codegen.optimization.boxing.PopBackwardPropagationTransformer$Transformer::access$markAsDontTouch (6 bytes)
Event: 11.842 Thread 0x000001dfb4283000 nmethod 16522 0x000001df99120810 code [0x000001df991209c0, 0x000001df99120ac8]
Event: 11.842 Thread 0x000001dfb4283000 16521       3       org.jetbrains.org.objectweb.asm.MethodVisitor::visitJumpInsn (17 bytes)
Event: 11.842 Thread 0x000001dfb4283000 nmethod 16521 0x000001df9922c910 code [0x000001df9922cac0, 0x000001df9922ccc8]
Event: 11.842 Thread 0x000001dfb4283000 16523       3       org.jetbrains.kotlin.types.KotlinTypeFactory$simpleType$1::<init> (27 bytes)
Event: 11.843 Thread 0x000001dfb4283000 nmethod 16523 0x000001df99949310 code [0x000001df999494e0, 0x000001df999497d8]
Event: 11.843 Thread 0x000001dfb4283000 16519       3       org.jetbrains.kotlin.codegen.optimization.boxing.PopBackwardPropagationTransformerKt::isPop (30 bytes)
Event: 11.843 Thread 0x000001dfb4283000 nmethod 16519 0x000001df990b1f90 code [0x000001df990b21c0, 0x000001df990b2918]
Event: 11.843 Thread 0x000001dfb4283000 16529       3       org.jetbrains.org.objectweb.asm.tree.InsnNode::accept (14 bytes)
Event: 11.843 Thread 0x000001dfb4283000 nmethod 16529 0x000001df99a47210 code [0x000001df99a473e0, 0x000001df99a475f8]
Event: 11.843 Thread 0x000001dfb4283000 16520       3       org.jetbrains.kotlin.codegen.optimization.common.InstructionLivenessAnalyzer::getIndexOf (9 bytes)
Event: 11.844 Thread 0x000001dfb4283000 nmethod 16520 0x000001df99ca3390 code [0x000001df99ca3560, 0x000001df99ca37c8]
Event: 11.844 Thread 0x000001dfb4283000 16526       3       org.jetbrains.kotlin.backend.jvm.codegen.MethodSignatureMapper::forceBoxedReturnTypeOnDefaultImplFun (41 bytes)
Event: 11.845 Thread 0x000001dfb4283000 nmethod 16526 0x000001df993ce810 code [0x000001df993cea80, 0x000001df993cf518]
Event: 11.845 Thread 0x000001dfb4283000 16530       3       org.jetbrains.kotlin.backend.jvm.codegen.MethodSignatureMapper::writeParameterType (153 bytes)

GC Heap History (20 events):
Event: 0.464 GC heap after
{Heap after GC invocations=1 (full 0):
 garbage-first heap   total 253952K, used 5779K [0x0000000709400000, 0x0000000800000000)
  region size 1024K, 3 young (3072K), 3 survivors (3072K)
 Metaspace       used 12365K, capacity 12504K, committed 12800K, reserved 1060864K
  class space    used 1166K, capacity 1207K, committed 1280K, reserved 1048576K
}
Event: 0.949 GC heap before
{Heap before GC invocations=1 (full 0):
 garbage-first heap   total 253952K, used 40595K [0x0000000709400000, 0x0000000800000000)
  region size 1024K, 38 young (38912K), 3 survivors (3072K)
 Metaspace       used 20755K, capacity 21017K, committed 21248K, reserved 1069056K
  class space    used 2209K, capacity 2286K, committed 2304K, reserved 1048576K
}
Event: 0.959 GC heap after
{Heap after GC invocations=2 (full 0):
 garbage-first heap   total 253952K, used 9282K [0x0000000709400000, 0x0000000800000000)
  region size 1024K, 7 young (7168K), 7 survivors (7168K)
 Metaspace       used 20755K, capacity 21017K, committed 21248K, reserved 1069056K
  class space    used 2209K, capacity 2286K, committed 2304K, reserved 1048576K
}
Event: 1.736 GC heap before
{Heap before GC invocations=3 (full 0):
 garbage-first heap   total 253952K, used 65602K [0x0000000709400000, 0x0000000800000000)
  region size 1024K, 57 young (58368K), 7 survivors (7168K)
 Metaspace       used 32221K, capacity 32756K, committed 33024K, reserved 1077248K
  class space    used 4038K, capacity 4256K, committed 4352K, reserved 1048576K
}
Event: 1.746 GC heap after
{Heap after GC invocations=4 (full 0):
 garbage-first heap   total 253952K, used 20773K [0x0000000709400000, 0x0000000800000000)
  region size 1024K, 8 young (8192K), 8 survivors (8192K)
 Metaspace       used 32221K, capacity 32756K, committed 33024K, reserved 1077248K
  class space    used 4038K, capacity 4256K, committed 4352K, reserved 1048576K
}
Event: 1.942 GC heap before
{Heap before GC invocations=4 (full 0):
 garbage-first heap   total 253952K, used 37157K [0x0000000709400000, 0x0000000800000000)
  region size 1024K, 25 young (25600K), 8 survivors (8192K)
 Metaspace       used 34986K, capacity 35487K, committed 35584K, reserved 1081344K
  class space    used 4322K, capacity 4548K, committed 4608K, reserved 1048576K
}
Event: 1.953 GC heap after
{Heap after GC invocations=5 (full 0):
 garbage-first heap   total 253952K, used 21044K [0x0000000709400000, 0x0000000800000000)
  region size 1024K, 3 young (3072K), 3 survivors (3072K)
 Metaspace       used 34986K, capacity 35487K, committed 35584K, reserved 1081344K
  class space    used 4322K, capacity 4548K, committed 4608K, reserved 1048576K
}
Event: 2.796 GC heap before
{Heap before GC invocations=6 (full 0):
 garbage-first heap   total 253952K, used 97844K [0x0000000709400000, 0x0000000800000000)
  region size 1024K, 77 young (78848K), 3 survivors (3072K)
 Metaspace       used 46625K, capacity 47298K, committed 47488K, reserved 1091584K
  class space    used 5487K, capacity 5722K, committed 5760K, reserved 1048576K
}
Event: 2.809 GC heap after
{Heap after GC invocations=7 (full 0):
 garbage-first heap   total 253952K, used 27866K [0x0000000709400000, 0x0000000800000000)
  region size 1024K, 9 young (9216K), 9 survivors (9216K)
 Metaspace       used 46625K, capacity 47298K, committed 47488K, reserved 1091584K
  class space    used 5487K, capacity 5722K, committed 5760K, reserved 1048576K
}
Event: 5.113 GC heap before
{Heap before GC invocations=8 (full 0):
 garbage-first heap   total 253952K, used 172250K [0x0000000709400000, 0x0000000800000000)
  region size 1024K, 148 young (151552K), 9 survivors (9216K)
 Metaspace       used 57239K, capacity 57888K, committed 57984K, reserved 1099776K
  class space    used 6412K, capacity 6695K, committed 6784K, reserved 1048576K
}
Event: 5.138 GC heap after
{Heap after GC invocations=9 (full 0):
 garbage-first heap   total 311296K, used 47994K [0x0000000709400000, 0x0000000800000000)
  region size 1024K, 19 young (19456K), 19 survivors (19456K)
 Metaspace       used 57239K, capacity 57888K, committed 57984K, reserved 1099776K
  class space    used 6412K, capacity 6695K, committed 6784K, reserved 1048576K
}
Event: 6.007 GC heap before
{Heap before GC invocations=9 (full 0):
 garbage-first heap   total 311296K, used 86906K [0x0000000709400000, 0x0000000800000000)
  region size 1024K, 57 young (58368K), 19 survivors (19456K)
 Metaspace       used 58753K, capacity 59452K, committed 59520K, reserved 1101824K
  class space    used 6464K, capacity 6741K, committed 6784K, reserved 1048576K
}
Event: 6.021 GC heap after
{Heap after GC invocations=10 (full 0):
 garbage-first heap   total 311296K, used 54035K [0x0000000709400000, 0x0000000800000000)
  region size 1024K, 6 young (6144K), 6 survivors (6144K)
 Metaspace       used 58753K, capacity 59452K, committed 59520K, reserved 1101824K
  class space    used 6464K, capacity 6741K, committed 6784K, reserved 1048576K
}
Event: 8.286 GC heap before
{Heap before GC invocations=10 (full 0):
 garbage-first heap   total 311296K, used 160531K [0x0000000709400000, 0x0000000800000000)
  region size 1024K, 110 young (112640K), 6 survivors (6144K)
 Metaspace       used 64355K, capacity 65120K, committed 65152K, reserved 1107968K
  class space    used 6969K, capacity 7265K, committed 7296K, reserved 1048576K
}
Event: 8.296 GC heap after
{Heap after GC invocations=11 (full 0):
 garbage-first heap   total 311296K, used 60538K [0x0000000709400000, 0x0000000800000000)
  region size 1024K, 12 young (12288K), 12 survivors (12288K)
 Metaspace       used 64355K, capacity 65120K, committed 65152K, reserved 1107968K
  class space    used 6969K, capacity 7265K, committed 7296K, reserved 1048576K
}
Event: 9.889 GC heap before
{Heap before GC invocations=11 (full 0):
 garbage-first heap   total 311296K, used 178298K [0x0000000709400000, 0x0000000800000000)
  region size 1024K, 127 young (130048K), 12 survivors (12288K)
 Metaspace       used 73586K, capacity 74357K, committed 74496K, reserved 1116160K
  class space    used 7845K, capacity 8147K, committed 8192K, reserved 1048576K
}
Event: 9.905 GC heap after
{Heap after GC invocations=12 (full 0):
 garbage-first heap   total 311296K, used 76220K [0x0000000709400000, 0x0000000800000000)
  region size 1024K, 16 young (16384K), 16 survivors (16384K)
 Metaspace       used 73586K, capacity 74357K, committed 74496K, reserved 1116160K
  class space    used 7845K, capacity 8147K, committed 8192K, reserved 1048576K
}
Event: 10.548 GC heap before
{Heap before GC invocations=12 (full 0):
 garbage-first heap   total 311296K, used 126396K [0x0000000709400000, 0x0000000800000000)
  region size 1024K, 66 young (67584K), 16 survivors (16384K)
 Metaspace       used 78190K, capacity 79009K, committed 79104K, reserved 1120256K
  class space    used 8294K, capacity 8630K, committed 8704K, reserved 1048576K
}
Event: 10.568 GC heap after
{Heap after GC invocations=13 (full 0):
 garbage-first heap   total 311296K, used 87982K [0x0000000709400000, 0x0000000800000000)
  region size 1024K, 11 young (11264K), 11 survivors (11264K)
 Metaspace       used 78190K, capacity 79009K, committed 79104K, reserved 1120256K
  class space    used 8294K, capacity 8630K, committed 8704K, reserved 1048576K
}
Event: 11.847 GC heap before
{Heap before GC invocations=14 (full 0):
 garbage-first heap   total 311296K, used 183214K [0x0000000709400000, 0x0000000800000000)
  region size 1024K, 104 young (106496K), 11 survivors (11264K)
 Metaspace       used 84494K, capacity 85340K, committed 85444K, reserved 1126400K
  class space    used 8786K, capacity 9117K, committed 9216K, reserved 1048576K
}

Deoptimization events (20 events):
Event: 11.728 Thread 0x000001df948f2800 Uncommon trap: trap_request=0xffffffde fr.pc=0x000001dfa07cd408 relative=0x00000000000005c8
Event: 11.728 Thread 0x000001df948f2800 Uncommon trap: reason=class_check action=maybe_recompile pc=0x000001dfa07cd408 method=org.jetbrains.kotlin.ir.types.IrTypeUtilsKt.isNullable(Lorg/jetbrains/kotlin/ir/types/IrType;)Z @ 45 c2
Event: 11.728 Thread 0x000001df948f2800 DEOPT PACKING pc=0x000001dfa07cd408 sp=0x000000d1b85fc580
Event: 11.728 Thread 0x000001df948f2800 DEOPT UNPACKING pc=0x000001df9844a1af sp=0x000000d1b85fc4e8 mode 2
Event: 11.728 Thread 0x000001df948f2800 Uncommon trap: trap_request=0xffffffde fr.pc=0x000001dfa07cd408 relative=0x00000000000005c8
Event: 11.728 Thread 0x000001df948f2800 Uncommon trap: reason=class_check action=maybe_recompile pc=0x000001dfa07cd408 method=org.jetbrains.kotlin.ir.types.IrTypeUtilsKt.isNullable(Lorg/jetbrains/kotlin/ir/types/IrType;)Z @ 45 c2
Event: 11.728 Thread 0x000001df948f2800 DEOPT PACKING pc=0x000001dfa07cd408 sp=0x000000d1b85fcd80
Event: 11.728 Thread 0x000001df948f2800 DEOPT UNPACKING pc=0x000001df9844a1af sp=0x000000d1b85fcce8 mode 2
Event: 11.728 Thread 0x000001df948f2800 Uncommon trap: trap_request=0xffffffde fr.pc=0x000001dfa07cd408 relative=0x00000000000005c8
Event: 11.728 Thread 0x000001df948f2800 Uncommon trap: reason=class_check action=maybe_recompile pc=0x000001dfa07cd408 method=org.jetbrains.kotlin.ir.types.IrTypeUtilsKt.isNullable(Lorg/jetbrains/kotlin/ir/types/IrType;)Z @ 45 c2
Event: 11.728 Thread 0x000001df948f2800 DEOPT PACKING pc=0x000001dfa07cd408 sp=0x000000d1b85fcd80
Event: 11.728 Thread 0x000001df948f2800 DEOPT UNPACKING pc=0x000001df9844a1af sp=0x000000d1b85fcce8 mode 2
Event: 11.729 Thread 0x000001df948f2800 Uncommon trap: trap_request=0xffffff4d fr.pc=0x000001dfa03ad4f4 relative=0x0000000000001114
Event: 11.729 Thread 0x000001df948f2800 Uncommon trap: reason=unstable_if action=reinterpret pc=0x000001dfa03ad4f4 method=org.jetbrains.kotlin.descriptors.impl.ModuleAwareClassDescriptor$Companion.getRefinedMemberScopeIfPossible$descriptors(Lorg/jetbrains/kotlin/descriptors/ClassDescriptor;Lorg
Event: 11.729 Thread 0x000001df948f2800 DEOPT PACKING pc=0x000001dfa03ad4f4 sp=0x000000d1b85fd300
Event: 11.729 Thread 0x000001df948f2800 DEOPT UNPACKING pc=0x000001df9844a1af sp=0x000000d1b85fd150 mode 2
Event: 11.729 Thread 0x000001df948f2800 Uncommon trap: trap_request=0xffffffde fr.pc=0x000001dfa03c967c relative=0x000000000000005c
Event: 11.729 Thread 0x000001df948f2800 Uncommon trap: reason=class_check action=maybe_recompile pc=0x000001dfa03c967c method=org.jetbrains.kotlin.com.intellij.psi.impl.source.tree.SharedImplUtil.getParent(Lorg/jetbrains/kotlin/com/intellij/lang/ASTNode;)Lorg/jetbrains/kotlin/com/intellij/psi/P
Event: 11.729 Thread 0x000001df948f2800 DEOPT PACKING pc=0x000001dfa03c967c sp=0x000000d1b85fdeb0
Event: 11.729 Thread 0x000001df948f2800 DEOPT UNPACKING pc=0x000001df9844a1af sp=0x000000d1b85fde40 mode 2

Classes redefined (0 events):
No events

Internal exceptions (20 events):
Event: 4.177 Thread 0x000001df948f2800 Exception <a 'java/lang/IncompatibleClassChangeError'{0x000000071222b528}: Found class java.lang.Object, but interface was expected> (0x000000071222b528) thrown at [./src/hotspot/share/interpreter/linkResolver.cpp, line 839]
Event: 4.186 Thread 0x000001df948f2800 Implicit null exception at 0x000001df9feea477 to 0x000001df9feea9fc
Event: 4.187 Thread 0x000001df948f2800 Implicit null exception at 0x000001df9ff143af to 0x000001df9ff14429
Event: 4.234 Thread 0x000001df948f2800 Exception <a 'java/lang/NoSuchMethodError'{0x000000071204fe70}: 'java.lang.Object java.lang.invoke.Invokers$Holder.linkToTargetMethod(java.lang.Object, java.lang.Object, java.lang.Object, int, int, java.lang.Object)'> (0x000000071204fe70) thrown at [./src/hotspot/share/interpreter/linkResolver.cpp, line 773]
Event: 4.245 Thread 0x000001df948f2800 Implicit null exception at 0x000001df9feeaff4 to 0x000001df9feeb594
Event: 4.303 Thread 0x000001df948f2800 Exception <a 'java/lang/NoSuchMethodError'{0x0000000711e83208}: 'int java.lang.invoke.DirectMethodHandle$Holder.invokeStaticInit(java.lang.Object, int)'> (0x0000000711e83208) thrown at [./src/hotspot/share/interpreter/linkResolver.cpp, line 773]
Event: 4.554 Thread 0x000001df948f2800 Exception <a 'java/lang/NoSuchMethodError'{0x0000000710e556d0}: 'java.lang.Object java.lang.invoke.DirectMethodHandle$Holder.invokeStatic(java.lang.Object, int, java.lang.Object, java.lang.Object)'> (0x0000000710e556d0) thrown at [./src/hotspot/share/interpreter/linkResolver.cpp, line 773]
Event: 4.555 Thread 0x000001df948f2800 Exception <a 'java/lang/NoSuchMethodError'{0x0000000710e60268}: 'int java.lang.invoke.DirectMethodHandle$Holder.invokeInterface(java.lang.Object, java.lang.Object)'> (0x0000000710e60268) thrown at [./src/hotspot/share/interpreter/linkResolver.cpp, line 773]
Event: 5.138 Thread 0x000001df948f2800 Exception <a 'java/lang/NoSuchMethodError'{0x000000070f7443f0}: 'java.lang.Object java.lang.invoke.Invokers$Holder.linkToTargetMethod(java.lang.Object, java.lang.Object, java.lang.Object, java.lang.Object, java.lang.Object, java.lang.Object, java.lang.Object)'> (0x000000070f7443f0) thrown at [./src/hotspot/share/interpreter/linkResolver.cpp, line 773]
Event: 7.752 Thread 0x000001df948f2800 Implicit null exception at 0x000001dfa042ecb8 to 0x000001dfa042ed75
Event: 7.755 Thread 0x000001df948f2800 Implicit null exception at 0x000001dfa04b8eb3 to 0x000001dfa04b9018
Event: 7.873 Thread 0x000001df948f2800 Implicit null exception at 0x000001df9ff2a5f5 to 0x000001df9ff2a7e4
Event: 8.077 Thread 0x000001df948f2800 Implicit null exception at 0x000001dfa046f8f3 to 0x000001dfa046fc40
Event: 8.077 Thread 0x000001df948f2800 Implicit null exception at 0x000001dfa0224f7c to 0x000001dfa0225254
Event: 8.181 Thread 0x000001df948f2800 Exception <a 'java/lang/NoSuchMethodError'{0x0000000715df2480}: 'java.lang.Object java.lang.invoke.DirectMethodHandle$Holder.invokeStaticInit(java.lang.Object, java.lang.Object, java.lang.Object, java.lang.Object)'> (0x0000000715df2480) thrown at [./src/hotspot/share/interpreter/linkResolver.cpp, line 773]
Event: 8.361 Thread 0x000001df948f2800 Exception <a 'java/lang/NoSuchMethodError'{0x000000071be18fb0}: 'int java.lang.invoke.DirectMethodHandle$Holder.invokeStaticInit(java.lang.Object, java.lang.Object, java.lang.Object, java.lang.Object)'> (0x000000071be18fb0) thrown at [./src/hotspot/share/interpreter/linkResolver.cpp, line 773]
Event: 8.586 Thread 0x000001df948f2800 Implicit null exception at 0x000001df9ff374f4 to 0x000001df9ff37724
Event: 9.566 Thread 0x000001df948f2800 Implicit null exception at 0x000001dfa070725e to 0x000001dfa0707800
Event: 9.609 Thread 0x000001df948f2800 Implicit null exception at 0x000001dfa00552dc to 0x000001dfa0055868
Event: 10.637 Thread 0x000001df948f2800 Implicit null exception at 0x000001df9ffa165d to 0x000001df9ffa1ae0

Events (20 events):
Event: 11.738 loading class org/jetbrains/org/objectweb/asm/Edge done
Event: 11.743 loading class org/jetbrains/kotlin/codegen/optimization/boxing/RedundantBoxingInterpreter
Event: 11.743 loading class org/jetbrains/kotlin/codegen/optimization/boxing/RedundantBoxingInterpreter done
Event: 11.743 loading class org/jetbrains/kotlin/codegen/optimization/boxing/BoxingInterpreter
Event: 11.743 loading class org/jetbrains/kotlin/codegen/optimization/boxing/BoxingInterpreter done
Event: 11.743 loading class org/jetbrains/kotlin/codegen/optimization/boxing/RedundantBoxingInterpreter$Companion
Event: 11.743 loading class org/jetbrains/kotlin/codegen/optimization/boxing/RedundantBoxingInterpreter$Companion done
Event: 11.744 loading class org/jetbrains/kotlin/codegen/optimization/boxing/RedundantBoxedValuesCollection
Event: 11.744 loading class org/jetbrains/kotlin/codegen/optimization/boxing/RedundantBoxedValuesCollection done
Event: 11.744 loading class org/jetbrains/kotlin/codegen/optimization/boxing/BoxedBasicValue
Event: 11.744 loading class org/jetbrains/kotlin/codegen/optimization/boxing/BoxedBasicValue done
Event: 11.744 loading class org/jetbrains/kotlin/codegen/optimization/boxing/TaintedBoxedValue
Event: 11.744 loading class org/jetbrains/kotlin/codegen/optimization/boxing/TaintedBoxedValue done
Event: 11.744 loading class org/jetbrains/kotlin/codegen/optimization/boxing/CleanBoxedValue
Event: 11.744 loading class org/jetbrains/kotlin/codegen/optimization/boxing/CleanBoxedValue done
Event: 11.745 loading class org/jetbrains/kotlin/codegen/optimization/boxing/BoxedValueDescriptor
Event: 11.745 loading class org/jetbrains/kotlin/codegen/optimization/boxing/BoxedValueDescriptor done
Event: 11.745 loading class org/jetbrains/kotlin/codegen/optimization/boxing/BoxedBasicValueKt
Event: 11.745 loading class org/jetbrains/kotlin/codegen/optimization/boxing/BoxedBasicValueKt done
Event: 11.847 Executing VM operation: G1CollectForAllocation


Dynamic libraries:
0x00007ff610a90000 - 0x00007ff610a9a000 	C:\Program Files\Android\Android Studio\jre\bin\java.exe
0x00007ff9c3950000 - 0x00007ff9c3b47000 	C:\WINDOWS\SYSTEM32\ntdll.dll
0x00007ff99a570000 - 0x00007ff99a586000 	C:\Program Files\Avast Software\Avast\aswhook.dll
0x00007ff9c1e10000 - 0x00007ff9c1ecd000 	C:\WINDOWS\System32\KERNEL32.DLL
0x00007ff9c11d0000 - 0x00007ff9c149d000 	C:\WINDOWS\System32\KERNELBASE.dll
0x00007ff9c1510000 - 0x00007ff9c1610000 	C:\WINDOWS\System32\ucrtbase.dll
0x00007ff9a4420000 - 0x00007ff9a4439000 	C:\Program Files\Android\Android Studio\jre\bin\jli.dll
0x00007ff9a68e0000 - 0x00007ff9a68f7000 	C:\Program Files\Android\Android Studio\jre\bin\VCRUNTIME140.dll
0x00007ff9c1b40000 - 0x00007ff9c1ce0000 	C:\WINDOWS\System32\USER32.dll
0x00007ff9aba70000 - 0x00007ff9abd0a000 	C:\WINDOWS\WinSxS\amd64_microsoft.windows.common-controls_6595b64144ccf1df_6.0.19041.1110_none_60b5254171f9507e\COMCTL32.dll
0x00007ff9c1770000 - 0x00007ff9c1792000 	C:\WINDOWS\System32\win32u.dll
0x00007ff9c3870000 - 0x00007ff9c390e000 	C:\WINDOWS\System32\msvcrt.dll
0x00007ff9c2f00000 - 0x00007ff9c2f2a000 	C:\WINDOWS\System32\GDI32.dll
0x00007ff9c1660000 - 0x00007ff9c176b000 	C:\WINDOWS\System32\gdi32full.dll
0x00007ff9c1850000 - 0x00007ff9c18ed000 	C:\WINDOWS\System32\msvcp_win.dll
0x00007ff9c2780000 - 0x00007ff9c27b0000 	C:\WINDOWS\System32\IMM32.DLL
0x00007ff9803b0000 - 0x00007ff98044d000 	C:\Program Files\Android\Android Studio\jre\bin\msvcp140.dll
0x00007ff96dc40000 - 0x00007ff96e725000 	C:\Program Files\Android\Android Studio\jre\bin\server\jvm.dll
0x00007ff9c37c0000 - 0x00007ff9c386e000 	C:\WINDOWS\System32\ADVAPI32.dll
0x00007ff9c2b80000 - 0x00007ff9c2c1c000 	C:\WINDOWS\System32\sechost.dll
0x00007ff9c29e0000 - 0x00007ff9c2b05000 	C:\WINDOWS\System32\RPCRT4.dll
0x00007ff9c27b0000 - 0x00007ff9c27b8000 	C:\WINDOWS\System32\PSAPI.DLL
0x00007ff9a9360000 - 0x00007ff9a9369000 	C:\WINDOWS\SYSTEM32\WSOCK32.dll
0x00007ff9b80f0000 - 0x00007ff9b80fa000 	C:\WINDOWS\SYSTEM32\VERSION.dll
0x00007ff9c2e90000 - 0x00007ff9c2efb000 	C:\WINDOWS\System32\WS2_32.dll
0x00007ff9b4640000 - 0x00007ff9b4667000 	C:\WINDOWS\SYSTEM32\WINMM.dll
0x00007ff9bee50000 - 0x00007ff9bee62000 	C:\WINDOWS\SYSTEM32\kernel.appcore.dll
0x00007ff9bcc30000 - 0x00007ff9bcc41000 	C:\Program Files\Android\Android Studio\jre\bin\verify.dll
0x00007ff9aebd0000 - 0x00007ff9aedb4000 	C:\WINDOWS\SYSTEM32\DBGHELP.DLL
0x00007ff9aeba0000 - 0x00007ff9aebcc000 	C:\WINDOWS\SYSTEM32\dbgcore.DLL
0x00007ff9c1920000 - 0x00007ff9c19a2000 	C:\WINDOWS\System32\bcryptPrimitives.dll
0x00007ff9bc010000 - 0x00007ff9bc039000 	C:\Program Files\Android\Android Studio\jre\bin\java.dll
0x00007ff9bcd10000 - 0x00007ff9bcd1b000 	C:\Program Files\Android\Android Studio\jre\bin\jimage.dll
0x00007ff9bc510000 - 0x00007ff9bc528000 	C:\Program Files\Android\Android Studio\jre\bin\zip.dll
0x00007ff9c1f60000 - 0x00007ff9c26a4000 	C:\WINDOWS\System32\SHELL32.dll
0x00007ff9bf130000 - 0x00007ff9bf8c4000 	C:\WINDOWS\SYSTEM32\windows.storage.dll
0x00007ff9c2f30000 - 0x00007ff9c3284000 	C:\WINDOWS\System32\combase.dll
0x00007ff9c0920000 - 0x00007ff9c094c000 	C:\WINDOWS\SYSTEM32\Wldp.dll
0x00007ff9c2de0000 - 0x00007ff9c2e8d000 	C:\WINDOWS\System32\SHCORE.dll
0x00007ff9c3290000 - 0x00007ff9c32e5000 	C:\WINDOWS\System32\shlwapi.dll
0x00007ff9c0fb0000 - 0x00007ff9c0fcf000 	C:\WINDOWS\SYSTEM32\profapi.dll
0x00007ff9bc460000 - 0x00007ff9bc47a000 	C:\Program Files\Android\Android Studio\jre\bin\net.dll
0x00007ff9b9be0000 - 0x00007ff9b9cea000 	C:\WINDOWS\SYSTEM32\WINHTTP.dll
0x00007ff9c0700000 - 0x00007ff9c076a000 	C:\WINDOWS\system32\mswsock.dll
0x00007ff9bc2a0000 - 0x00007ff9bc2b4000 	C:\Program Files\Android\Android Studio\jre\bin\nio.dll

dbghelp: loaded successfully - version: 4.0.5 - missing functions: none
symbol engine: initialized successfully - sym options: 0x614 - pdb path: .;C:\Program Files\Android\Android Studio\jre\bin;C:\WINDOWS\SYSTEM32;C:\Program Files\Avast Software\Avast;C:\WINDOWS\WinSxS\amd64_microsoft.windows.common-controls_6595b64144ccf1df_6.0.19041.1110_none_60b5254171f9507e;C:\Program Files\Android\Android Studio\jre\bin\server

VM Arguments:
java_command: org.jetbrains.kotlin.cli.jvm.K2JVMCompiler @C:\Users\Anikald\AndroidStudioProjects\Vezdekod\Foodies\app\build\20220619_13388464335740702890.compiler.options
java_class_path (initial): C:\Users\Anikald\.gradle\caches\modules-2\files-2.1\org.jetbrains.kotlin\kotlin-compiler-embeddable\1.6.10\88f2073f4020cdb83132cfe940ceb9a60aba54ea\kotlin-compiler-embeddable-1.6.10.jar;C:\Users\Anikald\.gradle\caches\modules-2\files-2.1\org.jetbrains.kotlin\kotlin-reflect\1.6.10\1cbe9c92c12a94eea200d23c2bbaedaf3daf5132\kotlin-reflect-1.6.10.jar;C:\Users\Anikald\.gradle\caches\modules-2\files-2.1\org.jetbrains.kotlin\kotlin-stdlib\1.6.10\b8af3fe6f1ca88526914929add63cf5e7c5049af\kotlin-stdlib-1.6.10.jar;C:\Users\Anikald\.gradle\caches\modules-2\files-2.1\org.jetbrains.kotlin\kotlin-script-runtime\1.6.10\d0a7ff2e2500ef497ed0214ae40ad3c8387a6164\kotlin-script-runtime-1.6.10.jar;C:\Users\Anikald\.gradle\caches\modules-2\files-2.1\org.jetbrains.kotlin\kotlin-daemon-embeddable\1.6.10\a56d79bcbea411fa6058e4ecffc2de73e742bd2a\kotlin-daemon-embeddable-1.6.10.jar;C:\Users\Anikald\.gradle\caches\modules-2\files-2.1\org.jetbrains.intellij.deps\trove4j\1.0.20181211\216c2e14b070f334479d800987affe4054cd563f\trove4j-1.0.20181211.jar;C:\Users\Anikald\.gradle\caches\modules-2\files-2.1\net.java.dev.jna\jna\5.6.0\330f2244e9030119ab3030fc3fededc86713d9cc\jna-5.6.0.jar;C:\Users\Anikald\.gradle\caches\modules-2\files-2.1\org.jetbrains\annotations\13.0\919f0dfe192fb4e063e7dacadee7f8bb9a2672a9\annotations-13.0.jar;C:\Users\Anikald\.gradle\caches\modules-2\files-2.1\org.jetbrains.kotlin\kotlin-stdlib-common\1.6.10\c118700e3a33c8a0d9adc920e9dec0831171925\kotlin-stdlib-common-1.6.10.jar
Launcher Type: SUN_STANDARD

[Global flags]
     intx CICompilerCount                          = 4                                         {product} {ergonomic}
     uint ConcGCThreads                            = 3                                         {product} {ergonomic}
     uint G1ConcRefinementThreads                  = 10                                        {product} {ergonomic}
   size_t G1HeapRegionSize                         = 1048576                                   {product} {ergonomic}
    uintx GCDrainStackTargetSize                   = 64                                        {product} {ergonomic}
   size_t InitialHeapSize                          = 260046848                                 {product} {ergonomic}
   size_t MarkStackSize                            = 4194304                                   {product} {ergonomic}
   size_t MaxHeapSize                              = 4139778048                                {product} {ergonomic}
   size_t MaxNewSize                               = 2483027968                                {product} {ergonomic}
   size_t MinHeapDeltaBytes                        = 1048576                                   {product} {ergonomic}
    uintx NonNMethodCodeHeapSize                   = 5836300                                {pd product} {ergonomic}
    uintx NonProfiledCodeHeapSize                  = 122910970                              {pd product} {ergonomic}
    uintx ProfiledCodeHeapSize                     = 122910970                              {pd product} {ergonomic}
    uintx ReservedCodeCacheSize                    = 251658240                              {pd product} {ergonomic}
     bool SegmentedCodeCache                       = true                                      {product} {ergonomic}
     bool UseCompressedClassPointers               = true                                 {lp64_product} {ergonomic}
     bool UseCompressedOops                        = true                                 {lp64_product} {ergonomic}
     bool UseG1GC                                  = true                                      {product} {ergonomic}
     bool UseLargePagesIndividualAllocation        = false                                  {pd product} {ergonomic}

Logging:
Log output configuration:
 #0: stdout all=warning uptime,level,tags
 #1: stderr all=off uptime,level,tags

Environment Variables:
PATH=C:\Program Files (x86)\Common Files\Oracle\Java\javapath;C:\Windows\system32;C:\Windows;C:\Windows\System32\Wbem;C:\Windows\System32\WindowsPowerShell\v1.0\;C:\Windows\System32\OpenSSH\;C:\Program Files (x86)\NVIDIA Corporation\PhysX\Common;C:\Program Files\NVIDIA Corporation\NVIDIA NvDLISR;C:\Program Files\Git\cmd;C:\WINDOWS\system32;C:\WINDOWS;C:\WINDOWS\System32\Wbem;C:\WINDOWS\System32\WindowsPowerShell\v1.0\;C:\WINDOWS\System32\OpenSSH\;C:\Program Files (x86)\Wolfram Research\WolframScript\;C:\Users\Anikald\AppData\Local\Programs\Python\Python38-32\Scripts\;C:\Users\Anikald\AppData\Local\Programs\Python\Python38-32\;C:\Users\Anikald\AppData\Local\Microsoft\WindowsApps;C:\Program Files\JetBrains\CLion 2020.2.3\bin;C:\Program Files\JetBrains\PyCharm 2020.2.2\bin;C:\Program Files\JetBrains\IntelliJ IDEA Community Edition 2020.3.2\bin;C:\Users\Anikald\AppData\Local\GitHubDesktop\bin;C:\Users\Anikald\AppData\Local\Programs\Microsoft VS Code\bin;C:\Users\Anikald\AppData\Local\gitkraken\bin;C:\Program Files\heroku\bin;C:\Users\Anikald\AppData\Local\Programs\MiKTeX\miktex\bin\x64\
USERNAME=Anikald
OS=Windows_NT
PROCESSOR_IDENTIFIER=AMD64 Family 23 Model 96 Stepping 1, AuthenticAMD



---------------  S Y S T E M  ---------------

OS: Windows 10 , 64 bit Build 19041 (10.0.19041.1741)
OS uptime: 1 days 3:03 hours
Hyper-V role detected

CPU:total 12 (initial active 12) (12 cores per cpu, 2 threads per core) family 23 model 96 stepping 1 microcode 0x0, cmov, cx8, fxsr, mmx, sse, sse2, sse3, ssse3, sse4.1, sse4.2, popcnt, avx, avx2, aes, clmul, mmxext, 3dnowpref, lzcnt, sse4a, ht, tsc, tscinvbit, tscinv, bmi1, bmi2, adx, sha, fma

Memory: 4k page, system-wide physical 15791M (1051M free)
TotalPageFile size 15791M (AvailPageFile size 10M)
current process WorkingSet (physical memory assigned to process): 571M, peak: 571M
current process commit charge ("private bytes"): 616M, peak: 677M

vm_info: OpenJDK 64-Bit Server VM (11.0.12+7-b1504.28-7817840) for windows-amd64 JRE (11.0.12+7-b1504.28-7817840), built on Oct 13 2021 22:12:33 by "builder" with MS VC++ 14.0 (VS2015)

END.
