#
# There is insufficient memory for the Java Runtime Environment to continue.
# Native memory allocation (mmap) failed to map 52428800 bytes for Failed to commit area from 0x0000000718c00000 to 0x000000071be00000 of length 52428800.
# Possible reasons:
#   The system is out of physical RAM or swap space
#   The process is running with CompressedOops enabled, and the Java Heap may be blocking the growth of the native heap
# Possible solutions:
#   Reduce memory load on the system
#   Increase physical memory or swap space
#   Check if swap backing store is full
#   Decrease Java heap size (-Xmx/-Xms)
#   Decrease number of Java threads
#   Decrease Java thread stack sizes (-Xss)
#   Set larger code cache with -XX:ReservedCodeCacheSize=
#   JVM is running with Zero Based Compressed Oops mode in which the Java heap is
#     placed in the first 32GB address space. The Java Heap base address is the
#     maximum limit for the native heap growth. Please use -XX:HeapBaseMinAddress
#     to set the Java Heap base and to place the Java Heap above 32GB virtual address.
# This output file may be truncated or incomplete.
#
#  Out of Memory Error (./src/hotspot/os/windows/os_windows.cpp:3521), pid=5388, tid=20860
#
# JRE version: OpenJDK Runtime Environment (11.0.12+7) (build 11.0.12+7-b1504.28-7817840)
# Java VM: OpenJDK 64-Bit Server VM (11.0.12+7-b1504.28-7817840, mixed mode, tiered, compressed oops, g1 gc, windows-amd64)
# No core dump will be written. Minidumps are not enabled by default on client versions of Windows
#

---------------  S U M M A R Y ------------

Command Line: org.jetbrains.kotlin.cli.jvm.K2JVMCompiler @C:\Users\Anikald\AndroidStudioProjects\Vezdekod\Foodies\app\build\20220619_6811294473856276504.compiler.options

Host: AMD Ryzen 5 4600H with Radeon Graphics         , 12 cores, 15G,  Windows 10 , 64 bit Build 19041 (10.0.19041.1741)
Time: Sun Jun 19 16:27:15 2022 RTZ 9 (зима) elapsed time: 2.031661 seconds (0d 0h 0m 2s)

---------------  T H R E A D  ---------------

Current thread (0x00000215704c9800):  VMThread "VM Thread" [stack: 0x000000c904600000,0x000000c904700000] [id=20860]

Stack: [0x000000c904600000,0x000000c904700000]
[error occurred during error reporting (printing stack bounds), id 0xc0000005, EXCEPTION_ACCESS_VIOLATION (0xc0000005) at pc=0x0000021554f4112d]

Native frames: (J=compiled Java code, j=interpreted, Vv=VM code, C=native code)
V  [jvm.dll+0x5fbcea]
V  [jvm.dll+0x731905]
V  [jvm.dll+0x732f1d]
V  [jvm.dll+0x733535]
V  [jvm.dll+0x7334eb]
V  [jvm.dll+0x5fb080]
V  [jvm.dll+0x5fb818]
C  [ntdll.dll+0xa209f]
C  [ntdll.dll+0x51454]
C  [ntdll.dll+0xa0bce]
C  0x0000021554f4112d

VM_Operation (0x000000c904dfe320): CollectForMetadataAllocation, mode: safepoint, requested by thread 0x0000021570de6000


---------------  P R O C E S S  ---------------

Threads class SMR info:
_java_thread_list=0x00000215725285e0, length=12, elements={
0x0000021551434800, 0x00000215704cd800, 0x00000215704d7000, 0x0000021570dd5800,
0x0000021570dd6000, 0x0000021570dd8000, 0x0000021570dde800, 0x0000021570de6000,
0x0000021570dfe000, 0x0000021570f65800, 0x0000021570de7000, 0x0000021570de3000
}

Java Threads: ( => current thread )
  0x0000021551434800 JavaThread "main" [_thread_blocked, id=20628, stack(0x000000c904000000,0x000000c904100000)]
  0x00000215704cd800 JavaThread "Reference Handler" daemon [_thread_blocked, id=6912, stack(0x000000c904700000,0x000000c904800000)]
  0x00000215704d7000 JavaThread "Finalizer" daemon [_thread_blocked, id=7924, stack(0x000000c904800000,0x000000c904900000)]
  0x0000021570dd5800 JavaThread "Signal Dispatcher" daemon [_thread_blocked, id=8652, stack(0x000000c904900000,0x000000c904a00000)]
  0x0000021570dd6000 JavaThread "Attach Listener" daemon [_thread_blocked, id=9812, stack(0x000000c904a00000,0x000000c904b00000)]
  0x0000021570dd8000 JavaThread "Service Thread" daemon [_thread_blocked, id=19372, stack(0x000000c904b00000,0x000000c904c00000)]
  0x0000021570dde800 JavaThread "C2 CompilerThread0" daemon [_thread_blocked, id=21040, stack(0x000000c904c00000,0x000000c904d00000)]
  0x0000021570de6000 JavaThread "C1 CompilerThread0" daemon [_thread_blocked, id=19540, stack(0x000000c904d00000,0x000000c904e00000)]
  0x0000021570dfe000 JavaThread "Sweeper thread" daemon [_thread_blocked, id=9576, stack(0x000000c904e00000,0x000000c904f00000)]
  0x0000021570f65800 JavaThread "Common-Cleaner" daemon [_thread_blocked, id=19576, stack(0x000000c905000000,0x000000c905100000)]
  0x0000021570de7000 JavaThread "C2 CompilerThread1" daemon [_thread_blocked, id=17784, stack(0x000000c905100000,0x000000c905200000)]
  0x0000021570de3000 JavaThread "C2 CompilerThread2" daemon [_thread_blocked, id=19664, stack(0x000000c905200000,0x000000c905300000)]

Other Threads:
=>0x00000215704c9800 VMThread "VM Thread" [stack: 0x000000c904600000,0x000000c904700000] [id=20860]
  0x0000021570f76800 WatcherThread [stack: 0x000000c904f00000,0x000000c905000000] [id=14944]
  0x0000021551449800 GCTaskThread "GC Thread#0" [stack: 0x000000c904100000,0x000000c904200000] [id=16380]
  0x000002157174e800 GCTaskThread "GC Thread#1" [stack: 0x000000c905300000,0x000000c905400000] [id=21904]
  0x0000021571746800 GCTaskThread "GC Thread#2" [stack: 0x000000c905400000,0x000000c905500000] [id=5428]
  0x0000021571747000 GCTaskThread "GC Thread#3" [stack: 0x000000c905500000,0x000000c905600000] [id=20512]
  0x000002157178d000 GCTaskThread "GC Thread#4" [stack: 0x000000c905600000,0x000000c905700000] [id=2292]
  0x00000215514a4000 ConcurrentGCThread "G1 Main Marker" [stack: 0x000000c904200000,0x000000c904300000] [id=1772]
  0x00000215514a6800 ConcurrentGCThread "G1 Conc#0" [stack: 0x000000c904300000,0x000000c904400000] [id=14696]
  0x0000021571897800 ConcurrentGCThread "G1 Conc#1" [stack: 0x000000c905700000,0x000000c905800000] [id=9652]
  0x0000021571794000 ConcurrentGCThread "G1 Conc#2" [stack: 0x000000c905800000,0x000000c905900000] [id=13668]
  0x00000215703a0800 ConcurrentGCThread "G1 Refine#0" [stack: 0x000000c904400000,0x000000c904500000] [id=20120]
  0x0000021572fce000 ConcurrentGCThread "G1 Refine#1" [stack: 0x000000c905900000,0x000000c905a00000] [id=19696]
  0x00000215720a1800 ConcurrentGCThread "G1 Refine#2" [stack: 0x000000c905a00000,0x000000c905b00000] [id=22204]
  0x00000215703a1800 ConcurrentGCThread "G1 Young RemSet Sampling" [stack: 0x000000c904500000,0x000000c904600000] [id=19672]

Threads with active compile tasks:
C2 CompilerThread0   2040 2512 %     4       sun.nio.fs.WindowsPathParser::normalize @ 18 (233 bytes)
C1 CompilerThread0   2040 2548       3       org.jetbrains.kotlin.com.intellij.util.containers.FastUtilCaseInsensitiveStringHashingStrategy::hashCode (9 bytes)

VM state:at safepoint (normal execution)

VM Mutex/Monitor currently owned by a thread:  ([mutex/lock_event])
[0x0000021551433050] Threads_lock - owner thread: 0x00000215704c9800
[0x0000021551433b90] Heap_lock - owner thread: 0x0000021570de6000
[0x0000021551432cf0] MethodData_lock - owner thread: 0x0000021570de6000

Heap address: 0x0000000709400000, size: 3948 MB, Compressed Oops mode: Zero based, Oop shift amount: 3
Narrow klass base: 0x0000000800000000, Narrow klass shift: 0
Compressed class space size: 1073741824 Address: 0x0000000800000000

Heap:
 garbage-first heap   total 305152K, used 20968K [0x0000000709400000, 0x0000000800000000)
  region size 1024K, 2 young (2048K), 2 survivors (2048K)
 Metaspace       used 34967K, capacity 35487K, committed 35584K, reserved 1081344K
  class space    used 4321K, capacity 4548K, committed 4608K, reserved 1048576K
Heap Regions: E=young(eden), S=young(survivor), O=old, HS=humongous(starts), HC=humongous(continues), CS=collection set, F=free, A=archive, TAMS=top-at-mark-start (previous, next)
|   0|0x0000000709400000, 0x0000000709500000, 0x0000000709500000|100%|HS|  |TAMS 0x0000000709500000, 0x0000000709500000| Complete 
|   1|0x0000000709500000, 0x0000000709600000, 0x0000000709600000|100%|HC|  |TAMS 0x0000000709600000, 0x0000000709600000| Complete 
|   2|0x0000000709600000, 0x0000000709700000, 0x0000000709700000|100%|HC|  |TAMS 0x0000000709700000, 0x0000000709700000| Complete 
|   3|0x0000000709700000, 0x0000000709800000, 0x0000000709800000|100%|HS|  |TAMS 0x0000000709700000, 0x0000000709800000| Complete 
|   4|0x0000000709800000, 0x0000000709900000, 0x0000000709900000|100%|HC|  |TAMS 0x0000000709800000, 0x0000000709900000| Complete 
|   5|0x0000000709900000, 0x0000000709a00000, 0x0000000709a00000|100%|HC|  |TAMS 0x0000000709900000, 0x0000000709a00000| Complete 
|   6|0x0000000709a00000, 0x0000000709a00000, 0x0000000709b00000|  0%| F|  |TAMS 0x0000000709a00000, 0x0000000709a00000| Untracked 
|   7|0x0000000709b00000, 0x0000000709b00000, 0x0000000709c00000|  0%| F|  |TAMS 0x0000000709b00000, 0x0000000709b00000| Untracked 
|   8|0x0000000709c00000, 0x0000000709d00000, 0x0000000709d00000|100%| O|  |TAMS 0x0000000709c00000, 0x0000000709d00000| Untracked 
|   9|0x0000000709d00000, 0x0000000709e00000, 0x0000000709e00000|100%| O|  |TAMS 0x0000000709d00000, 0x0000000709e00000| Untracked 
|  10|0x0000000709e00000, 0x0000000709f00000, 0x0000000709f00000|100%| O|  |TAMS 0x0000000709e00000, 0x0000000709f00000| Untracked 
|  11|0x0000000709f00000, 0x000000070a000000, 0x000000070a000000|100%| O|  |TAMS 0x0000000709f00000, 0x000000070a000000| Untracked 
|  12|0x000000070a000000, 0x000000070a100000, 0x000000070a100000|100%| O|  |TAMS 0x000000070a000000, 0x000000070a100000| Untracked 
|  13|0x000000070a100000, 0x000000070a200000, 0x000000070a200000|100%| O|  |TAMS 0x000000070a100000, 0x000000070a200000| Untracked 
|  14|0x000000070a200000, 0x000000070a300000, 0x000000070a300000|100%| O|  |TAMS 0x000000070a200000, 0x000000070a300000| Untracked 
|  15|0x000000070a300000, 0x000000070a400000, 0x000000070a400000|100%| O|  |TAMS 0x000000070a300000, 0x000000070a400000| Untracked 
|  16|0x000000070a400000, 0x000000070a500000, 0x000000070a500000|100%| O|  |TAMS 0x000000070a400000, 0x000000070a500000| Untracked 
|  17|0x000000070a500000, 0x000000070a600000, 0x000000070a600000|100%| O|  |TAMS 0x000000070a500000, 0x000000070a600000| Untracked 
|  18|0x000000070a600000, 0x000000070a700000, 0x000000070a700000|100%| O|  |TAMS 0x000000070a600000, 0x000000070a700000| Untracked 
|  19|0x000000070a700000, 0x000000070a800000, 0x000000070a800000|100%| O|  |TAMS 0x000000070a700000, 0x000000070a800000| Untracked 
|  20|0x000000070a800000, 0x000000070a899000, 0x000000070a900000| 59%| O|  |TAMS 0x000000070a800000, 0x000000070a899000| Untracked 
|  21|0x000000070a900000, 0x000000070a900000, 0x000000070aa00000|  0%| F|  |TAMS 0x000000070a900000, 0x000000070a900000| Untracked 
|  22|0x000000070aa00000, 0x000000070aa00000, 0x000000070ab00000|  0%| F|  |TAMS 0x000000070aa00000, 0x000000070aa00000| Untracked 
|  23|0x000000070ab00000, 0x000000070ab00000, 0x000000070ac00000|  0%| F|  |TAMS 0x000000070ab00000, 0x000000070ab00000| Untracked 
|  24|0x000000070ac00000, 0x000000070ac00000, 0x000000070ad00000|  0%| F|  |TAMS 0x000000070ac00000, 0x000000070ac00000| Untracked 
|  25|0x000000070ad00000, 0x000000070ad00000, 0x000000070ae00000|  0%| F|  |TAMS 0x000000070ad00000, 0x000000070ad00000| Untracked 
|  26|0x000000070ae00000, 0x000000070ae00000, 0x000000070af00000|  0%| F|  |TAMS 0x000000070ae00000, 0x000000070ae00000| Untracked 
|  27|0x000000070af00000, 0x000000070af00000, 0x000000070b000000|  0%| F|  |TAMS 0x000000070af00000, 0x000000070af00000| Untracked 
|  28|0x000000070b000000, 0x000000070b000000, 0x000000070b100000|  0%| F|  |TAMS 0x000000070b000000, 0x000000070b000000| Untracked 
|  29|0x000000070b100000, 0x000000070b100000, 0x000000070b200000|  0%| F|  |TAMS 0x000000070b100000, 0x000000070b100000| Untracked 
|  30|0x000000070b200000, 0x000000070b200000, 0x000000070b300000|  0%| F|  |TAMS 0x000000070b200000, 0x000000070b200000| Untracked 
|  31|0x000000070b300000, 0x000000070b300000, 0x000000070b400000|  0%| F|  |TAMS 0x000000070b300000, 0x000000070b300000| Untracked 
|  32|0x000000070b400000, 0x000000070b400000, 0x000000070b500000|  0%| F|  |TAMS 0x000000070b400000, 0x000000070b400000| Untracked 
|  33|0x000000070b500000, 0x000000070b500000, 0x000000070b600000|  0%| F|  |TAMS 0x000000070b500000, 0x000000070b500000| Untracked 
|  34|0x000000070b600000, 0x000000070b600000, 0x000000070b700000|  0%| F|  |TAMS 0x000000070b600000, 0x000000070b600000| Untracked 
|  35|0x000000070b700000, 0x000000070b700000, 0x000000070b800000|  0%| F|  |TAMS 0x000000070b700000, 0x000000070b700000| Untracked 
|  36|0x000000070b800000, 0x000000070b800000, 0x000000070b900000|  0%| F|  |TAMS 0x000000070b800000, 0x000000070b800000| Untracked 
|  37|0x000000070b900000, 0x000000070b900000, 0x000000070ba00000|  0%| F|  |TAMS 0x000000070b900000, 0x000000070b900000| Untracked 
|  38|0x000000070ba00000, 0x000000070ba00000, 0x000000070bb00000|  0%| F|  |TAMS 0x000000070ba00000, 0x000000070ba00000| Untracked 
|  39|0x000000070bb00000, 0x000000070bb00000, 0x000000070bc00000|  0%| F|  |TAMS 0x000000070bb00000, 0x000000070bb00000| Untracked 
|  40|0x000000070bc00000, 0x000000070bc00000, 0x000000070bd00000|  0%| F|  |TAMS 0x000000070bc00000, 0x000000070bc00000| Untracked 
|  41|0x000000070bd00000, 0x000000070bd00000, 0x000000070be00000|  0%| F|  |TAMS 0x000000070bd00000, 0x000000070bd00000| Untracked 
|  42|0x000000070be00000, 0x000000070be00000, 0x000000070bf00000|  0%| F|  |TAMS 0x000000070be00000, 0x000000070be00000| Untracked 
|  43|0x000000070bf00000, 0x000000070bf00000, 0x000000070c000000|  0%| F|  |TAMS 0x000000070bf00000, 0x000000070bf00000| Untracked 
|  44|0x000000070c000000, 0x000000070c000000, 0x000000070c100000|  0%| F|  |TAMS 0x000000070c000000, 0x000000070c000000| Untracked 
|  45|0x000000070c100000, 0x000000070c100000, 0x000000070c200000|  0%| F|  |TAMS 0x000000070c100000, 0x000000070c100000| Untracked 
|  46|0x000000070c200000, 0x000000070c200000, 0x000000070c300000|  0%| F|  |TAMS 0x000000070c200000, 0x000000070c200000| Untracked 
|  47|0x000000070c300000, 0x000000070c300000, 0x000000070c400000|  0%| F|  |TAMS 0x000000070c300000, 0x000000070c300000| Untracked 
|  48|0x000000070c400000, 0x000000070c400000, 0x000000070c500000|  0%| F|  |TAMS 0x000000070c400000, 0x000000070c400000| Untracked 
|  49|0x000000070c500000, 0x000000070c500000, 0x000000070c600000|  0%| F|  |TAMS 0x000000070c500000, 0x000000070c500000| Untracked 
|  50|0x000000070c600000, 0x000000070c600000, 0x000000070c700000|  0%| F|  |TAMS 0x000000070c600000, 0x000000070c600000| Untracked 
|  51|0x000000070c700000, 0x000000070c700000, 0x000000070c800000|  0%| F|  |TAMS 0x000000070c700000, 0x000000070c700000| Untracked 
|  52|0x000000070c800000, 0x000000070c800000, 0x000000070c900000|  0%| F|  |TAMS 0x000000070c800000, 0x000000070c800000| Untracked 
|  53|0x000000070c900000, 0x000000070c900000, 0x000000070ca00000|  0%| F|  |TAMS 0x000000070c900000, 0x000000070c900000| Untracked 
|  54|0x000000070ca00000, 0x000000070ca00000, 0x000000070cb00000|  0%| F|  |TAMS 0x000000070ca00000, 0x000000070ca00000| Untracked 
|  55|0x000000070cb00000, 0x000000070cb00000, 0x000000070cc00000|  0%| F|  |TAMS 0x000000070cb00000, 0x000000070cb00000| Untracked 
|  56|0x000000070cc00000, 0x000000070cc00000, 0x000000070cd00000|  0%| F|  |TAMS 0x000000070cc00000, 0x000000070cc00000| Untracked 
|  57|0x000000070cd00000, 0x000000070cd00000, 0x000000070ce00000|  0%| F|  |TAMS 0x000000070cd00000, 0x000000070cd00000| Untracked 
|  58|0x000000070ce00000, 0x000000070ce00000, 0x000000070cf00000|  0%| F|  |TAMS 0x000000070ce00000, 0x000000070ce00000| Untracked 
|  59|0x000000070cf00000, 0x000000070cf00000, 0x000000070d000000|  0%| F|  |TAMS 0x000000070cf00000, 0x000000070cf00000| Untracked 
|  60|0x000000070d000000, 0x000000070d000000, 0x000000070d100000|  0%| F|  |TAMS 0x000000070d000000, 0x000000070d000000| Untracked 
|  61|0x000000070d100000, 0x000000070d100000, 0x000000070d200000|  0%| F|  |TAMS 0x000000070d100000, 0x000000070d100000| Untracked 
|  62|0x000000070d200000, 0x000000070d200000, 0x000000070d300000|  0%| F|  |TAMS 0x000000070d200000, 0x000000070d200000| Untracked 
|  63|0x000000070d300000, 0x000000070d300000, 0x000000070d400000|  0%| F|  |TAMS 0x000000070d300000, 0x000000070d300000| Untracked 
|  64|0x000000070d400000, 0x000000070d400000, 0x000000070d500000|  0%| F|  |TAMS 0x000000070d400000, 0x000000070d400000| Untracked 
|  65|0x000000070d500000, 0x000000070d500000, 0x000000070d600000|  0%| F|  |TAMS 0x000000070d500000, 0x000000070d500000| Untracked 
|  66|0x000000070d600000, 0x000000070d600000, 0x000000070d700000|  0%| F|  |TAMS 0x000000070d600000, 0x000000070d600000| Untracked 
|  67|0x000000070d700000, 0x000000070d700000, 0x000000070d800000|  0%| F|  |TAMS 0x000000070d700000, 0x000000070d700000| Untracked 
|  68|0x000000070d800000, 0x000000070d800000, 0x000000070d900000|  0%| F|  |TAMS 0x000000070d800000, 0x000000070d800000| Untracked 
|  69|0x000000070d900000, 0x000000070d900000, 0x000000070da00000|  0%| F|  |TAMS 0x000000070d900000, 0x000000070d900000| Untracked 
|  70|0x000000070da00000, 0x000000070da00000, 0x000000070db00000|  0%| F|  |TAMS 0x000000070da00000, 0x000000070da00000| Untracked 
|  71|0x000000070db00000, 0x000000070db00000, 0x000000070dc00000|  0%| F|  |TAMS 0x000000070db00000, 0x000000070db00000| Untracked 
|  72|0x000000070dc00000, 0x000000070dc00000, 0x000000070dd00000|  0%| F|  |TAMS 0x000000070dc00000, 0x000000070dc00000| Untracked 
|  73|0x000000070dd00000, 0x000000070dd00000, 0x000000070de00000|  0%| F|  |TAMS 0x000000070dd00000, 0x000000070dd00000| Untracked 
|  74|0x000000070de00000, 0x000000070de00000, 0x000000070df00000|  0%| F|  |TAMS 0x000000070de00000, 0x000000070de00000| Untracked 
|  75|0x000000070df00000, 0x000000070df00000, 0x000000070e000000|  0%| F|  |TAMS 0x000000070df00000, 0x000000070df00000| Untracked 
|  76|0x000000070e000000, 0x000000070e000000, 0x000000070e100000|  0%| F|  |TAMS 0x000000070e000000, 0x000000070e000000| Untracked 
|  77|0x000000070e100000, 0x000000070e100000, 0x000000070e200000|  0%| F|  |TAMS 0x000000070e100000, 0x000000070e100000| Untracked 
|  78|0x000000070e200000, 0x000000070e200000, 0x000000070e300000|  0%| F|  |TAMS 0x000000070e200000, 0x000000070e200000| Untracked 
|  79|0x000000070e300000, 0x000000070e300000, 0x000000070e400000|  0%| F|  |TAMS 0x000000070e300000, 0x000000070e300000| Untracked 
|  80|0x000000070e400000, 0x000000070e400000, 0x000000070e500000|  0%| F|  |TAMS 0x000000070e400000, 0x000000070e400000| Untracked 
|  81|0x000000070e500000, 0x000000070e500000, 0x000000070e600000|  0%| F|  |TAMS 0x000000070e500000, 0x000000070e500000| Untracked 
|  82|0x000000070e600000, 0x000000070e600000, 0x000000070e700000|  0%| F|  |TAMS 0x000000070e600000, 0x000000070e600000| Untracked 
|  83|0x000000070e700000, 0x000000070e700000, 0x000000070e800000|  0%| F|  |TAMS 0x000000070e700000, 0x000000070e700000| Untracked 
|  84|0x000000070e800000, 0x000000070e800000, 0x000000070e900000|  0%| F|  |TAMS 0x000000070e800000, 0x000000070e800000| Untracked 
|  85|0x000000070e900000, 0x000000070e900000, 0x000000070ea00000|  0%| F|  |TAMS 0x000000070e900000, 0x000000070e900000| Untracked 
|  86|0x000000070ea00000, 0x000000070ea00000, 0x000000070eb00000|  0%| F|  |TAMS 0x000000070ea00000, 0x000000070ea00000| Untracked 
|  87|0x000000070eb00000, 0x000000070eb00000, 0x000000070ec00000|  0%| F|  |TAMS 0x000000070eb00000, 0x000000070eb00000| Untracked 
|  88|0x000000070ec00000, 0x000000070ec00000, 0x000000070ed00000|  0%| F|  |TAMS 0x000000070ec00000, 0x000000070ec00000| Untracked 
|  89|0x000000070ed00000, 0x000000070ed00000, 0x000000070ee00000|  0%| F|  |TAMS 0x000000070ed00000, 0x000000070ed00000| Untracked 
|  90|0x000000070ee00000, 0x000000070ee00000, 0x000000070ef00000|  0%| F|  |TAMS 0x000000070ee00000, 0x000000070ee00000| Untracked 
|  91|0x000000070ef00000, 0x000000070ef00000, 0x000000070f000000|  0%| F|  |TAMS 0x000000070ef00000, 0x000000070ef00000| Untracked 
|  92|0x000000070f000000, 0x000000070f000000, 0x000000070f100000|  0%| F|  |TAMS 0x000000070f000000, 0x000000070f000000| Untracked 
|  93|0x000000070f100000, 0x000000070f100000, 0x000000070f200000|  0%| F|  |TAMS 0x000000070f100000, 0x000000070f100000| Untracked 
|  94|0x000000070f200000, 0x000000070f200000, 0x000000070f300000|  0%| F|  |TAMS 0x000000070f200000, 0x000000070f200000| Untracked 
|  95|0x000000070f300000, 0x000000070f300000, 0x000000070f400000|  0%| F|  |TAMS 0x000000070f300000, 0x000000070f300000| Untracked 
|  96|0x000000070f400000, 0x000000070f400000, 0x000000070f500000|  0%| F|  |TAMS 0x000000070f400000, 0x000000070f400000| Untracked 
|  97|0x000000070f500000, 0x000000070f500000, 0x000000070f600000|  0%| F|  |TAMS 0x000000070f500000, 0x000000070f500000| Untracked 
|  98|0x000000070f600000, 0x000000070f600000, 0x000000070f700000|  0%| F|  |TAMS 0x000000070f600000, 0x000000070f600000| Untracked 
|  99|0x000000070f700000, 0x000000070f700000, 0x000000070f800000|  0%| F|  |TAMS 0x000000070f700000, 0x000000070f700000| Untracked 
| 100|0x000000070f800000, 0x000000070f800000, 0x000000070f900000|  0%| F|  |TAMS 0x000000070f800000, 0x000000070f800000| Untracked 
| 101|0x000000070f900000, 0x000000070f900000, 0x000000070fa00000|  0%| F|  |TAMS 0x000000070f900000, 0x000000070f900000| Untracked 
| 102|0x000000070fa00000, 0x000000070fa00000, 0x000000070fb00000|  0%| F|  |TAMS 0x000000070fa00000, 0x000000070fa00000| Untracked 
| 103|0x000000070fb00000, 0x000000070fb00000, 0x000000070fc00000|  0%| F|  |TAMS 0x000000070fb00000, 0x000000070fb00000| Untracked 
| 104|0x000000070fc00000, 0x000000070fc00000, 0x000000070fd00000|  0%| F|  |TAMS 0x000000070fc00000, 0x000000070fc00000| Untracked 
| 105|0x000000070fd00000, 0x000000070fd00000, 0x000000070fe00000|  0%| F|  |TAMS 0x000000070fd00000, 0x000000070fd00000| Untracked 
| 106|0x000000070fe00000, 0x000000070fe00000, 0x000000070ff00000|  0%| F|  |TAMS 0x000000070fe00000, 0x000000070fe00000| Untracked 
| 107|0x000000070ff00000, 0x000000070ff00000, 0x0000000710000000|  0%| F|  |TAMS 0x000000070ff00000, 0x000000070ff00000| Untracked 
| 108|0x0000000710000000, 0x0000000710000000, 0x0000000710100000|  0%| F|  |TAMS 0x0000000710000000, 0x0000000710000000| Untracked 
| 109|0x0000000710100000, 0x0000000710100000, 0x0000000710200000|  0%| F|  |TAMS 0x0000000710100000, 0x0000000710100000| Untracked 
| 110|0x0000000710200000, 0x0000000710200000, 0x0000000710300000|  0%| F|  |TAMS 0x0000000710200000, 0x0000000710200000| Untracked 
| 111|0x0000000710300000, 0x0000000710300000, 0x0000000710400000|  0%| F|  |TAMS 0x0000000710300000, 0x0000000710300000| Untracked 
| 112|0x0000000710400000, 0x0000000710400000, 0x0000000710500000|  0%| F|  |TAMS 0x0000000710400000, 0x0000000710400000| Untracked 
| 113|0x0000000710500000, 0x0000000710500000, 0x0000000710600000|  0%| F|  |TAMS 0x0000000710500000, 0x0000000710500000| Untracked 
| 114|0x0000000710600000, 0x0000000710600000, 0x0000000710700000|  0%| F|  |TAMS 0x0000000710600000, 0x0000000710600000| Untracked 
| 115|0x0000000710700000, 0x0000000710700000, 0x0000000710800000|  0%| F|  |TAMS 0x0000000710700000, 0x0000000710700000| Untracked 
| 116|0x0000000710800000, 0x0000000710800000, 0x0000000710900000|  0%| F|  |TAMS 0x0000000710800000, 0x0000000710800000| Untracked 
| 117|0x0000000710900000, 0x0000000710900000, 0x0000000710a00000|  0%| F|  |TAMS 0x0000000710900000, 0x0000000710900000| Untracked 
| 118|0x0000000710a00000, 0x0000000710a00000, 0x0000000710b00000|  0%| F|  |TAMS 0x0000000710a00000, 0x0000000710a00000| Untracked 
| 119|0x0000000710b00000, 0x0000000710b00000, 0x0000000710c00000|  0%| F|  |TAMS 0x0000000710b00000, 0x0000000710b00000| Untracked 
| 120|0x0000000710c00000, 0x0000000710c00000, 0x0000000710d00000|  0%| F|  |TAMS 0x0000000710c00000, 0x0000000710c00000| Untracked 
| 121|0x0000000710d00000, 0x0000000710d00000, 0x0000000710e00000|  0%| F|  |TAMS 0x0000000710d00000, 0x0000000710d00000| Untracked 
| 122|0x0000000710e00000, 0x0000000710e00000, 0x0000000710f00000|  0%| F|  |TAMS 0x0000000710e00000, 0x0000000710e00000| Untracked 
| 123|0x0000000710f00000, 0x0000000710f00000, 0x0000000711000000|  0%| F|  |TAMS 0x0000000710f00000, 0x0000000710f00000| Untracked 
| 124|0x0000000711000000, 0x0000000711000000, 0x0000000711100000|  0%| F|  |TAMS 0x0000000711000000, 0x0000000711000000| Untracked 
| 125|0x0000000711100000, 0x0000000711100000, 0x0000000711200000|  0%| F|  |TAMS 0x0000000711100000, 0x0000000711100000| Untracked 
| 126|0x0000000711200000, 0x0000000711200000, 0x0000000711300000|  0%| F|  |TAMS 0x0000000711200000, 0x0000000711200000| Untracked 
| 127|0x0000000711300000, 0x0000000711300000, 0x0000000711400000|  0%| F|  |TAMS 0x0000000711300000, 0x0000000711300000| Untracked 
| 128|0x0000000711400000, 0x0000000711400000, 0x0000000711500000|  0%| F|  |TAMS 0x0000000711400000, 0x0000000711400000| Untracked 
| 129|0x0000000711500000, 0x0000000711500000, 0x0000000711600000|  0%| F|  |TAMS 0x0000000711500000, 0x0000000711500000| Untracked 
| 130|0x0000000711600000, 0x0000000711600000, 0x0000000711700000|  0%| F|  |TAMS 0x0000000711600000, 0x0000000711600000| Untracked 
| 131|0x0000000711700000, 0x0000000711700000, 0x0000000711800000|  0%| F|  |TAMS 0x0000000711700000, 0x0000000711700000| Untracked 
| 132|0x0000000711800000, 0x0000000711800000, 0x0000000711900000|  0%| F|  |TAMS 0x0000000711800000, 0x0000000711800000| Untracked 
| 133|0x0000000711900000, 0x0000000711900000, 0x0000000711a00000|  0%| F|  |TAMS 0x0000000711900000, 0x0000000711900000| Untracked 
| 134|0x0000000711a00000, 0x0000000711a00000, 0x0000000711b00000|  0%| F|  |TAMS 0x0000000711a00000, 0x0000000711a00000| Untracked 
| 135|0x0000000711b00000, 0x0000000711b00000, 0x0000000711c00000|  0%| F|  |TAMS 0x0000000711b00000, 0x0000000711b00000| Untracked 
| 136|0x0000000711c00000, 0x0000000711c00000, 0x0000000711d00000|  0%| F|  |TAMS 0x0000000711c00000, 0x0000000711c00000| Untracked 
| 137|0x0000000711d00000, 0x0000000711d00000, 0x0000000711e00000|  0%| F|  |TAMS 0x0000000711d00000, 0x0000000711d00000| Untracked 
| 138|0x0000000711e00000, 0x0000000711e00000, 0x0000000711f00000|  0%| F|  |TAMS 0x0000000711e00000, 0x0000000711e00000| Untracked 
| 139|0x0000000711f00000, 0x0000000711f00000, 0x0000000712000000|  0%| F|  |TAMS 0x0000000711f00000, 0x0000000711f00000| Untracked 
| 140|0x0000000712000000, 0x0000000712000000, 0x0000000712100000|  0%| F|  |TAMS 0x0000000712000000, 0x0000000712000000| Untracked 
| 141|0x0000000712100000, 0x0000000712100000, 0x0000000712200000|  0%| F|  |TAMS 0x0000000712100000, 0x0000000712100000| Untracked 
| 142|0x0000000712200000, 0x0000000712200000, 0x0000000712300000|  0%| F|  |TAMS 0x0000000712200000, 0x0000000712200000| Untracked 
| 143|0x0000000712300000, 0x0000000712300000, 0x0000000712400000|  0%| F|  |TAMS 0x0000000712300000, 0x0000000712300000| Untracked 
| 144|0x0000000712400000, 0x0000000712400000, 0x0000000712500000|  0%| F|  |TAMS 0x0000000712400000, 0x0000000712400000| Untracked 
| 145|0x0000000712500000, 0x0000000712500000, 0x0000000712600000|  0%| F|  |TAMS 0x0000000712500000, 0x0000000712500000| Untracked 
| 146|0x0000000712600000, 0x0000000712600000, 0x0000000712700000|  0%| F|  |TAMS 0x0000000712600000, 0x0000000712600000| Untracked 
| 147|0x0000000712700000, 0x0000000712700000, 0x0000000712800000|  0%| F|  |TAMS 0x0000000712700000, 0x0000000712700000| Untracked 
| 148|0x0000000712800000, 0x0000000712800000, 0x0000000712900000|  0%| F|  |TAMS 0x0000000712800000, 0x0000000712800000| Untracked 
| 149|0x0000000712900000, 0x0000000712900000, 0x0000000712a00000|  0%| F|  |TAMS 0x0000000712900000, 0x0000000712900000| Untracked 
| 150|0x0000000712a00000, 0x0000000712a00000, 0x0000000712b00000|  0%| F|  |TAMS 0x0000000712a00000, 0x0000000712a00000| Untracked 
| 151|0x0000000712b00000, 0x0000000712b00000, 0x0000000712c00000|  0%| F|  |TAMS 0x0000000712b00000, 0x0000000712b00000| Untracked 
| 152|0x0000000712c00000, 0x0000000712c00000, 0x0000000712d00000|  0%| F|  |TAMS 0x0000000712c00000, 0x0000000712c00000| Untracked 
| 153|0x0000000712d00000, 0x0000000712d00000, 0x0000000712e00000|  0%| F|  |TAMS 0x0000000712d00000, 0x0000000712d00000| Untracked 
| 154|0x0000000712e00000, 0x0000000712e00000, 0x0000000712f00000|  0%| F|  |TAMS 0x0000000712e00000, 0x0000000712e00000| Untracked 
| 155|0x0000000712f00000, 0x0000000712f00000, 0x0000000713000000|  0%| F|  |TAMS 0x0000000712f00000, 0x0000000712f00000| Untracked 
| 156|0x0000000713000000, 0x0000000713000000, 0x0000000713100000|  0%| F|  |TAMS 0x0000000713000000, 0x0000000713000000| Untracked 
| 157|0x0000000713100000, 0x0000000713100000, 0x0000000713200000|  0%| F|  |TAMS 0x0000000713100000, 0x0000000713100000| Untracked 
| 158|0x0000000713200000, 0x0000000713200000, 0x0000000713300000|  0%| F|  |TAMS 0x0000000713200000, 0x0000000713200000| Untracked 
| 159|0x0000000713300000, 0x0000000713300000, 0x0000000713400000|  0%| F|  |TAMS 0x0000000713300000, 0x0000000713300000| Untracked 
| 160|0x0000000713400000, 0x0000000713400000, 0x0000000713500000|  0%| F|  |TAMS 0x0000000713400000, 0x0000000713400000| Untracked 
| 161|0x0000000713500000, 0x0000000713500000, 0x0000000713600000|  0%| F|  |TAMS 0x0000000713500000, 0x0000000713500000| Untracked 
| 162|0x0000000713600000, 0x0000000713600000, 0x0000000713700000|  0%| F|  |TAMS 0x0000000713600000, 0x0000000713600000| Untracked 
| 163|0x0000000713700000, 0x0000000713700000, 0x0000000713800000|  0%| F|  |TAMS 0x0000000713700000, 0x0000000713700000| Untracked 
| 164|0x0000000713800000, 0x0000000713800000, 0x0000000713900000|  0%| F|  |TAMS 0x0000000713800000, 0x0000000713800000| Untracked 
| 165|0x0000000713900000, 0x0000000713900000, 0x0000000713a00000|  0%| F|  |TAMS 0x0000000713900000, 0x0000000713900000| Untracked 
| 166|0x0000000713a00000, 0x0000000713a00000, 0x0000000713b00000|  0%| F|  |TAMS 0x0000000713a00000, 0x0000000713a00000| Untracked 
| 167|0x0000000713b00000, 0x0000000713b00000, 0x0000000713c00000|  0%| F|  |TAMS 0x0000000713b00000, 0x0000000713b00000| Untracked 
| 168|0x0000000713c00000, 0x0000000713c00000, 0x0000000713d00000|  0%| F|  |TAMS 0x0000000713c00000, 0x0000000713c00000| Untracked 
| 169|0x0000000713d00000, 0x0000000713d00000, 0x0000000713e00000|  0%| F|  |TAMS 0x0000000713d00000, 0x0000000713d00000| Untracked 
| 170|0x0000000713e00000, 0x0000000713e00000, 0x0000000713f00000|  0%| F|  |TAMS 0x0000000713e00000, 0x0000000713e00000| Untracked 
| 171|0x0000000713f00000, 0x0000000713f00000, 0x0000000714000000|  0%| F|  |TAMS 0x0000000713f00000, 0x0000000713f00000| Untracked 
| 172|0x0000000714000000, 0x0000000714000000, 0x0000000714100000|  0%| F|  |TAMS 0x0000000714000000, 0x0000000714000000| Untracked 
| 173|0x0000000714100000, 0x0000000714100000, 0x0000000714200000|  0%| F|  |TAMS 0x0000000714100000, 0x0000000714100000| Untracked 
| 174|0x0000000714200000, 0x0000000714200000, 0x0000000714300000|  0%| F|  |TAMS 0x0000000714200000, 0x0000000714200000| Untracked 
| 175|0x0000000714300000, 0x0000000714300000, 0x0000000714400000|  0%| F|  |TAMS 0x0000000714300000, 0x0000000714300000| Untracked 
| 176|0x0000000714400000, 0x0000000714400000, 0x0000000714500000|  0%| F|  |TAMS 0x0000000714400000, 0x0000000714400000| Untracked 
| 177|0x0000000714500000, 0x0000000714500000, 0x0000000714600000|  0%| F|  |TAMS 0x0000000714500000, 0x0000000714500000| Untracked 
| 178|0x0000000714600000, 0x0000000714600000, 0x0000000714700000|  0%| F|  |TAMS 0x0000000714600000, 0x0000000714600000| Untracked 
| 179|0x0000000714700000, 0x0000000714700000, 0x0000000714800000|  0%| F|  |TAMS 0x0000000714700000, 0x0000000714700000| Untracked 
| 180|0x0000000714800000, 0x0000000714800000, 0x0000000714900000|  0%| F|  |TAMS 0x0000000714800000, 0x0000000714800000| Untracked 
| 181|0x0000000714900000, 0x0000000714900000, 0x0000000714a00000|  0%| F|  |TAMS 0x0000000714900000, 0x0000000714900000| Untracked 
| 182|0x0000000714a00000, 0x0000000714a00000, 0x0000000714b00000|  0%| F|  |TAMS 0x0000000714a00000, 0x0000000714a00000| Untracked 
| 183|0x0000000714b00000, 0x0000000714b00000, 0x0000000714c00000|  0%| F|  |TAMS 0x0000000714b00000, 0x0000000714b00000| Untracked 
| 184|0x0000000714c00000, 0x0000000714c00000, 0x0000000714d00000|  0%| F|  |TAMS 0x0000000714c00000, 0x0000000714c00000| Untracked 
| 185|0x0000000714d00000, 0x0000000714d00000, 0x0000000714e00000|  0%| F|  |TAMS 0x0000000714d00000, 0x0000000714d00000| Untracked 
| 186|0x0000000714e00000, 0x0000000714e00000, 0x0000000714f00000|  0%| F|  |TAMS 0x0000000714e00000, 0x0000000714e00000| Untracked 
| 187|0x0000000714f00000, 0x0000000714f00000, 0x0000000715000000|  0%| F|  |TAMS 0x0000000714f00000, 0x0000000714f00000| Untracked 
| 188|0x0000000715000000, 0x0000000715000000, 0x0000000715100000|  0%| F|  |TAMS 0x0000000715000000, 0x0000000715000000| Untracked 
| 189|0x0000000715100000, 0x0000000715100000, 0x0000000715200000|  0%| F|  |TAMS 0x0000000715100000, 0x0000000715100000| Untracked 
| 190|0x0000000715200000, 0x0000000715200000, 0x0000000715300000|  0%| F|  |TAMS 0x0000000715200000, 0x0000000715200000| Untracked 
| 191|0x0000000715300000, 0x0000000715300000, 0x0000000715400000|  0%| F|  |TAMS 0x0000000715300000, 0x0000000715300000| Untracked 
| 192|0x0000000715400000, 0x0000000715400000, 0x0000000715500000|  0%| F|  |TAMS 0x0000000715400000, 0x0000000715400000| Untracked 
| 193|0x0000000715500000, 0x0000000715500000, 0x0000000715600000|  0%| F|  |TAMS 0x0000000715500000, 0x0000000715500000| Untracked 
| 194|0x0000000715600000, 0x0000000715600000, 0x0000000715700000|  0%| F|  |TAMS 0x0000000715600000, 0x0000000715600000| Untracked 
| 195|0x0000000715700000, 0x0000000715700000, 0x0000000715800000|  0%| F|  |TAMS 0x0000000715700000, 0x0000000715700000| Untracked 
| 196|0x0000000715800000, 0x0000000715800000, 0x0000000715900000|  0%| F|  |TAMS 0x0000000715800000, 0x0000000715800000| Untracked 
| 197|0x0000000715900000, 0x0000000715900000, 0x0000000715a00000|  0%| F|  |TAMS 0x0000000715900000, 0x0000000715900000| Untracked 
| 198|0x0000000715a00000, 0x0000000715a00000, 0x0000000715b00000|  0%| F|  |TAMS 0x0000000715a00000, 0x0000000715a00000| Untracked 
| 199|0x0000000715b00000, 0x0000000715b00000, 0x0000000715c00000|  0%| F|  |TAMS 0x0000000715b00000, 0x0000000715b00000| Untracked 
| 200|0x0000000715c00000, 0x0000000715c00000, 0x0000000715d00000|  0%| F|  |TAMS 0x0000000715c00000, 0x0000000715c00000| Untracked 
| 201|0x0000000715d00000, 0x0000000715d00000, 0x0000000715e00000|  0%| F|  |TAMS 0x0000000715d00000, 0x0000000715d00000| Untracked 
| 202|0x0000000715e00000, 0x0000000715e00000, 0x0000000715f00000|  0%| F|  |TAMS 0x0000000715e00000, 0x0000000715e00000| Untracked 
| 203|0x0000000715f00000, 0x0000000715f00000, 0x0000000716000000|  0%| F|  |TAMS 0x0000000715f00000, 0x0000000715f00000| Untracked 
| 204|0x0000000716000000, 0x0000000716000000, 0x0000000716100000|  0%| F|  |TAMS 0x0000000716000000, 0x0000000716000000| Untracked 
| 205|0x0000000716100000, 0x0000000716100000, 0x0000000716200000|  0%| F|  |TAMS 0x0000000716100000, 0x0000000716100000| Untracked 
| 206|0x0000000716200000, 0x0000000716200000, 0x0000000716300000|  0%| F|  |TAMS 0x0000000716200000, 0x0000000716200000| Untracked 
| 207|0x0000000716300000, 0x0000000716300000, 0x0000000716400000|  0%| F|  |TAMS 0x0000000716300000, 0x0000000716300000| Untracked 
| 208|0x0000000716400000, 0x0000000716400000, 0x0000000716500000|  0%| F|  |TAMS 0x0000000716400000, 0x0000000716400000| Untracked 
| 209|0x0000000716500000, 0x0000000716500000, 0x0000000716600000|  0%| F|  |TAMS 0x0000000716500000, 0x0000000716500000| Untracked 
| 210|0x0000000716600000, 0x0000000716600000, 0x0000000716700000|  0%| F|  |TAMS 0x0000000716600000, 0x0000000716600000| Untracked 
| 211|0x0000000716700000, 0x0000000716700000, 0x0000000716800000|  0%| F|  |TAMS 0x0000000716700000, 0x0000000716700000| Untracked 
| 212|0x0000000716800000, 0x0000000716800000, 0x0000000716900000|  0%| F|  |TAMS 0x0000000716800000, 0x0000000716800000| Untracked 
| 213|0x0000000716900000, 0x0000000716900000, 0x0000000716a00000|  0%| F|  |TAMS 0x0000000716900000, 0x0000000716900000| Untracked 
| 214|0x0000000716a00000, 0x0000000716a00000, 0x0000000716b00000|  0%| F|  |TAMS 0x0000000716a00000, 0x0000000716a00000| Untracked 
| 215|0x0000000716b00000, 0x0000000716b00000, 0x0000000716c00000|  0%| F|  |TAMS 0x0000000716b00000, 0x0000000716b00000| Untracked 
| 216|0x0000000716c00000, 0x0000000716c00000, 0x0000000716d00000|  0%| F|  |TAMS 0x0000000716c00000, 0x0000000716c00000| Untracked 
| 217|0x0000000716d00000, 0x0000000716d00000, 0x0000000716e00000|  0%| F|  |TAMS 0x0000000716d00000, 0x0000000716d00000| Untracked 
| 218|0x0000000716e00000, 0x0000000716e00000, 0x0000000716f00000|  0%| F|  |TAMS 0x0000000716e00000, 0x0000000716e00000| Untracked 
| 219|0x0000000716f00000, 0x0000000716f00000, 0x0000000717000000|  0%| F|  |TAMS 0x0000000716f00000, 0x0000000716f00000| Untracked 
| 220|0x0000000717000000, 0x0000000717000000, 0x0000000717100000|  0%| F|  |TAMS 0x0000000717000000, 0x0000000717000000| Untracked 
| 221|0x0000000717100000, 0x0000000717100000, 0x0000000717200000|  0%| F|  |TAMS 0x0000000717100000, 0x0000000717100000| Untracked 
| 222|0x0000000717200000, 0x0000000717200000, 0x0000000717300000|  0%| F|  |TAMS 0x0000000717200000, 0x0000000717200000| Untracked 
| 223|0x0000000717300000, 0x0000000717300000, 0x0000000717400000|  0%| F|  |TAMS 0x0000000717300000, 0x0000000717300000| Untracked 
| 224|0x0000000717400000, 0x0000000717400000, 0x0000000717500000|  0%| F|  |TAMS 0x0000000717400000, 0x0000000717400000| Untracked 
| 225|0x0000000717500000, 0x0000000717500000, 0x0000000717600000|  0%| F|  |TAMS 0x0000000717500000, 0x0000000717500000| Untracked 
| 226|0x0000000717600000, 0x0000000717600000, 0x0000000717700000|  0%| F|  |TAMS 0x0000000717600000, 0x0000000717600000| Untracked 
| 227|0x0000000717700000, 0x0000000717700000, 0x0000000717800000|  0%| F|  |TAMS 0x0000000717700000, 0x0000000717700000| Untracked 
| 228|0x0000000717800000, 0x0000000717800000, 0x0000000717900000|  0%| F|  |TAMS 0x0000000717800000, 0x0000000717800000| Untracked 
| 229|0x0000000717900000, 0x0000000717900000, 0x0000000717a00000|  0%| F|  |TAMS 0x0000000717900000, 0x0000000717900000| Untracked 
| 230|0x0000000717a00000, 0x0000000717a00000, 0x0000000717b00000|  0%| F|  |TAMS 0x0000000717a00000, 0x0000000717a00000| Untracked 
| 231|0x0000000717b00000, 0x0000000717b00000, 0x0000000717c00000|  0%| F|  |TAMS 0x0000000717b00000, 0x0000000717b00000| Untracked 
| 232|0x0000000717c00000, 0x0000000717c00000, 0x0000000717d00000|  0%| F|  |TAMS 0x0000000717c00000, 0x0000000717c00000| Untracked 
| 233|0x0000000717d00000, 0x0000000717d00000, 0x0000000717e00000|  0%| F|  |TAMS 0x0000000717d00000, 0x0000000717d00000| Untracked 
| 234|0x0000000717e00000, 0x0000000717e00000, 0x0000000717f00000|  0%| F|  |TAMS 0x0000000717e00000, 0x0000000717e00000| Untracked 
| 235|0x0000000717f00000, 0x0000000717f00000, 0x0000000718000000|  0%| F|  |TAMS 0x0000000717f00000, 0x0000000717f00000| Untracked 
| 236|0x0000000718000000, 0x0000000718000000, 0x0000000718100000|  0%| F|  |TAMS 0x0000000718000000, 0x0000000718000000| Untracked 
| 237|0x0000000718100000, 0x0000000718100000, 0x0000000718200000|  0%| F|  |TAMS 0x0000000718100000, 0x0000000718100000| Untracked 
| 238|0x0000000718200000, 0x0000000718200000, 0x0000000718300000|  0%| F|  |TAMS 0x0000000718200000, 0x0000000718200000| Untracked 
| 239|0x0000000718300000, 0x00000007183e10a0, 0x0000000718400000| 87%| S|CS|TAMS 0x0000000718300000, 0x0000000718300000| Complete 
| 240|0x0000000718400000, 0x0000000718500000, 0x0000000718500000|100%| S|CS|TAMS 0x0000000718400000, 0x0000000718400000| Complete 
| 241|0x0000000718500000, 0x0000000718500000, 0x0000000718600000|  0%| F|  |TAMS 0x0000000718500000, 0x0000000718500000| Untracked 
| 242|0x0000000718600000, 0x0000000718600000, 0x0000000718700000|  0%| F|  |TAMS 0x0000000718600000, 0x0000000718600000| Untracked 
| 243|0x0000000718700000, 0x0000000718700000, 0x0000000718800000|  0%| F|  |TAMS 0x0000000718700000, 0x0000000718700000| Untracked 
| 244|0x0000000718800000, 0x0000000718800000, 0x0000000718900000|  0%| F|  |TAMS 0x0000000718800000, 0x0000000718800000| Untracked 
| 245|0x0000000718900000, 0x0000000718900000, 0x0000000718a00000|  0%| F|  |TAMS 0x0000000718900000, 0x0000000718900000| Untracked 
| 246|0x0000000718a00000, 0x0000000718a00000, 0x0000000718b00000|  0%| F|  |TAMS 0x0000000718a00000, 0x0000000718a00000| Untracked 
| 247|0x0000000718b00000, 0x0000000718b00000, 0x0000000718c00000|  0%| F|  |TAMS 0x0000000718b00000, 0x0000000718b00000| Untracked 

Card table byte_map: [0x0000021564c50000,0x0000021565410000] _byte_map_base: 0x0000021561406000

Marking Bits (Prev, Next): (CMBitMap*) 0x0000021551493cb0, (CMBitMap*) 0x0000021551493c78
 Prev Bits: [0x0000021569980000, 0x000002156d730000)
 Next Bits: [0x0000021565bd0000, 0x0000021569980000)

Polling page: 0x000002154f3f0000

Metaspace:

Usage:
  Non-class:     30.21 MB capacity,    29.93 MB (>99%) used,   240.29 KB ( <1%) free+waste,    52.13 KB ( <1%) overhead. 
      Class:      4.44 MB capacity,     4.22 MB ( 95%) used,   202.08 KB (  4%) free+waste,    24.88 KB ( <1%) overhead. 
       Both:     34.66 MB capacity,    34.15 MB ( 99%) used,   442.37 KB (  1%) free+waste,    77.00 KB ( <1%) overhead. 

Virtual space:
  Non-class space:       32.00 MB reserved,      30.25 MB ( 95%) committed 
      Class space:        1.00 GB reserved,       4.50 MB ( <1%) committed 
             Both:        1.03 GB reserved,      34.75 MB (  3%) committed 

Chunk freelists:
   Non-Class:  37.00 KB
       Class:  28.00 KB
        Both:  65.00 KB

MaxMetaspaceSize: 17179869184.00 GB
CompressedClassSpaceSize: 1.00 GB
Initial GC threshold: 20.80 MB
Current GC threshold: 34.79 MB
CDS: off

CodeHeap 'non-profiled nmethods': size=120000Kb used=1106Kb max_used=1106Kb free=118893Kb
 bounds [0x000002155ca10000, 0x000002155cc80000, 0x0000021563f40000]
CodeHeap 'profiled nmethods': size=120000Kb used=4803Kb max_used=4803Kb free=115196Kb
 bounds [0x00000215554e0000, 0x00000215559a0000, 0x000002155ca10000]
CodeHeap 'non-nmethods': size=5760Kb used=1252Kb max_used=1312Kb free=4507Kb
 bounds [0x0000021554f40000, 0x00000215551b0000, 0x00000215554e0000]
 total_blobs=3068 nmethods=2545 adapters=435
 compilation: enabled
              stopped_count=0, restarted_count=0
 full_count=0

Compilation events (20 events):
Event: 2.015 Thread 0x0000021570de6000 nmethod 2538 0x000002155598d910 code [0x000002155598dae0, 0x000002155598de18]
Event: 2.015 Thread 0x0000021570de6000 2539       3       org.jetbrains.kotlin.protobuf.UnmodifiableLazyStringList::<init> (10 bytes)
Event: 2.016 Thread 0x0000021570de6000 nmethod 2539 0x000002155598df90 code [0x000002155598e160, 0x000002155598e3d8]
Event: 2.016 Thread 0x0000021570de6000 2540       3       org.jetbrains.kotlin.metadata.jvm.JvmModuleProtoBuf$PackageParts::initFields (50 bytes)
Event: 2.016 Thread 0x0000021570de6000 nmethod 2540 0x000002155598e510 code [0x000002155598e700, 0x000002155598ec58]
Event: 2.016 Thread 0x0000021570de6000 2541  s    3       jdk.internal.perf.PerfCounter::add (18 bytes)
Event: 2.016 Thread 0x0000021570de6000 nmethod 2541 0x000002155598ed90 code [0x000002155598ef80, 0x000002155598f5f8]
Event: 2.016 Thread 0x0000021570de6000 2542  s    3       jdk.internal.perf.PerfCounter::get (9 bytes)
Event: 2.016 Thread 0x0000021570de6000 nmethod 2542 0x000002155598f790 code [0x000002155598f960, 0x000002155598fcc8]
Event: 2.016 Thread 0x0000021570de6000 2543   !   3       java.nio.DirectLongBufferU::get (31 bytes)
Event: 2.016 Thread 0x0000021570de6000 nmethod 2543 0x000002155598fd90 code [0x000002155598ff60, 0x0000021555990258]
Event: 2.016 Thread 0x0000021570de6000 2544   !   3       java.nio.DirectLongBufferU::put (34 bytes)
Event: 2.017 Thread 0x0000021570de6000 nmethod 2544 0x0000021555990490 code [0x0000021555990660, 0x0000021555990958]
Event: 2.017 Thread 0x0000021570de6000 2545       3       jdk.internal.misc.Unsafe::putLong (8 bytes)
Event: 2.017 Thread 0x0000021570de6000 nmethod 2545 0x0000021555990b90 code [0x0000021555990d40, 0x0000021555990e58]
Event: 2.017 Thread 0x0000021570de6000 2546       1       org.jetbrains.kotlin.com.intellij.util.containers.hash.LinkedHashMap$Entry::access$500 (5 bytes)
Event: 2.017 Thread 0x0000021570de6000 nmethod 2546 0x000002155cb24590 code [0x000002155cb24740, 0x000002155cb247d8]
Event: 2.017 Thread 0x0000021570de6000 2547       1       org.jetbrains.kotlin.com.intellij.util.containers.hash.LinkedHashMap$Entry::access$400 (5 bytes)
Event: 2.017 Thread 0x0000021570de6000 nmethod 2547 0x000002155cb24890 code [0x000002155cb24a40, 0x000002155cb24ad8]
Event: 2.017 Thread 0x0000021570de6000 2548       3       org.jetbrains.kotlin.com.intellij.util.containers.FastUtilCaseInsensitiveStringHashingStrategy::hashCode (9 bytes)

GC Heap History (9 events):
Event: 0.528 GC heap before
{Heap before GC invocations=0 (full 0):
 garbage-first heap   total 253952K, used 27648K [0x0000000709400000, 0x0000000800000000)
  region size 1024K, 24 young (24576K), 0 survivors (0K)
 Metaspace       used 12366K, capacity 12504K, committed 12800K, reserved 1060864K
  class space    used 1166K, capacity 1207K, committed 1280K, reserved 1048576K
}
Event: 0.531 GC heap after
{Heap after GC invocations=1 (full 0):
 garbage-first heap   total 253952K, used 5808K [0x0000000709400000, 0x0000000800000000)
  region size 1024K, 3 young (3072K), 3 survivors (3072K)
 Metaspace       used 12366K, capacity 12504K, committed 12800K, reserved 1060864K
  class space    used 1166K, capacity 1207K, committed 1280K, reserved 1048576K
}
Event: 1.023 GC heap before
{Heap before GC invocations=1 (full 0):
 garbage-first heap   total 253952K, used 40624K [0x0000000709400000, 0x0000000800000000)
  region size 1024K, 38 young (38912K), 3 survivors (3072K)
 Metaspace       used 20742K, capacity 21017K, committed 21248K, reserved 1069056K
  class space    used 2209K, capacity 2286K, committed 2304K, reserved 1048576K
}
Event: 1.032 GC heap after
{Heap after GC invocations=2 (full 0):
 garbage-first heap   total 253952K, used 9173K [0x0000000709400000, 0x0000000800000000)
  region size 1024K, 6 young (6144K), 6 survivors (6144K)
 Metaspace       used 20742K, capacity 21017K, committed 21248K, reserved 1069056K
  class space    used 2209K, capacity 2286K, committed 2304K, reserved 1048576K
}
Event: 1.738 GC heap before
{Heap before GC invocations=3 (full 0):
 garbage-first heap   total 253952K, used 63445K [0x0000000709400000, 0x0000000800000000)
  region size 1024K, 54 young (55296K), 6 survivors (6144K)
 Metaspace       used 31608K, capacity 32175K, committed 32384K, reserved 1077248K
  class space    used 3957K, capacity 4190K, committed 4224K, reserved 1048576K
}
Event: 1.747 GC heap after
{Heap after GC invocations=4 (full 0):
 garbage-first heap   total 253952K, used 20760K [0x0000000709400000, 0x0000000800000000)
  region size 1024K, 7 young (7168K), 7 survivors (7168K)
 Metaspace       used 31608K, capacity 32175K, committed 32384K, reserved 1077248K
  class space    used 3957K, capacity 4190K, committed 4224K, reserved 1048576K
}
Event: 1.935 GC heap before
{Heap before GC invocations=4 (full 0):
 garbage-first heap   total 253952K, used 34072K [0x0000000709400000, 0x0000000800000000)
  region size 1024K, 20 young (20480K), 7 survivors (7168K)
 Metaspace       used 34635K, capacity 35132K, committed 35328K, reserved 1079296K
  class space    used 4306K, capacity 4515K, committed 4608K, reserved 1048576K
}
Event: 1.941 GC heap after
{Heap after GC invocations=5 (full 0):
 garbage-first heap   total 253952K, used 22620K [0x0000000709400000, 0x0000000800000000)
  region size 1024K, 2 young (2048K), 2 survivors (2048K)
 Metaspace       used 34635K, capacity 35132K, committed 35328K, reserved 1079296K
  class space    used 4306K, capacity 4515K, committed 4608K, reserved 1048576K
}
Event: 2.017 GC heap before
{Heap before GC invocations=5 (full 0):
 garbage-first heap   total 253952K, used 27740K [0x0000000709400000, 0x0000000800000000)
  region size 1024K, 9 young (9216K), 2 survivors (2048K)
 Metaspace       used 34967K, capacity 35487K, committed 35584K, reserved 1081344K
  class space    used 4321K, capacity 4548K, committed 4608K, reserved 1048576K
}

Deoptimization events (20 events):
Event: 1.950 Thread 0x0000021551434800 Uncommon trap: trap_request=0xffffffde fr.pc=0x000002155cad9698 relative=0x0000000000000078
Event: 1.950 Thread 0x0000021551434800 Uncommon trap: reason=class_check action=maybe_recompile pc=0x000002155cad9698 method=java.util.AbstractList$Itr.hasNext()Z @ 8 c2
Event: 1.950 Thread 0x0000021551434800 DEOPT PACKING pc=0x000002155cad9698 sp=0x000000c9040fdf80
Event: 1.950 Thread 0x0000021551434800 DEOPT UNPACKING pc=0x0000021554f8a1af sp=0x000000c9040fdf18 mode 2
Event: 1.951 Thread 0x0000021551434800 Uncommon trap: trap_request=0xffffffde fr.pc=0x000002155cb0cba4 relative=0x00000000000004a4
Event: 1.951 Thread 0x0000021551434800 Uncommon trap: reason=class_check action=maybe_recompile pc=0x000002155cb0cba4 method=org.jetbrains.kotlin.protobuf.CodedInputStream.tryRefillBuffer(I)Z @ 177 c2
Event: 1.951 Thread 0x0000021551434800 DEOPT PACKING pc=0x000002155cb0cba4 sp=0x000000c9040fdba0
Event: 1.951 Thread 0x0000021551434800 DEOPT UNPACKING pc=0x0000021554f8a1af sp=0x000000c9040fda88 mode 2
Event: 1.951 Thread 0x0000021551434800 Uncommon trap: trap_request=0xffffffde fr.pc=0x000002155cb0cba4 relative=0x00000000000004a4
Event: 1.951 Thread 0x0000021551434800 Uncommon trap: reason=class_check action=maybe_recompile pc=0x000002155cb0cba4 method=org.jetbrains.kotlin.protobuf.CodedInputStream.tryRefillBuffer(I)Z @ 177 c2
Event: 1.951 Thread 0x0000021551434800 DEOPT PACKING pc=0x000002155cb0cba4 sp=0x000000c9040fdba0
Event: 1.951 Thread 0x0000021551434800 DEOPT UNPACKING pc=0x0000021554f8a1af sp=0x000000c9040fda88 mode 2
Event: 1.951 Thread 0x0000021551434800 Uncommon trap: trap_request=0xffffffde fr.pc=0x000002155cae1fa4 relative=0x00000000000000e4
Event: 1.951 Thread 0x0000021551434800 Uncommon trap: reason=class_check action=maybe_recompile pc=0x000002155cae1fa4 method=java.util.AbstractList$Itr.next()Ljava/lang/Object; @ 14 c2
Event: 1.951 Thread 0x0000021551434800 DEOPT PACKING pc=0x000002155cae1fa4 sp=0x000000c9040fdf10
Event: 1.951 Thread 0x0000021551434800 DEOPT UNPACKING pc=0x0000021554f8a1af sp=0x000000c9040fdea8 mode 2
Event: 1.977 Thread 0x0000021551434800 DEOPT PACKING pc=0x00000215557c085b sp=0x000000c9040fd6e0
Event: 1.977 Thread 0x0000021551434800 DEOPT UNPACKING pc=0x0000021554f8a95e sp=0x000000c9040fcb58 mode 0
Event: 1.988 Thread 0x0000021551434800 DEOPT PACKING pc=0x00000215557c2d78 sp=0x000000c9040fdb50
Event: 1.988 Thread 0x0000021551434800 DEOPT UNPACKING pc=0x0000021554f8a95e sp=0x000000c9040fd058 mode 0

Classes redefined (0 events):
No events

Internal exceptions (20 events):
Event: 1.017 Thread 0x0000021551434800 Exception <a 'java/lang/NoSuchMethodError'{0x00000007166514a8}: 'long java.lang.invoke.DirectMethodHandle$Holder.invokeStaticInit(java.lang.Object)'> (0x00000007166514a8) thrown at [./src/hotspot/share/interpreter/linkResolver.cpp, line 773]
Event: 1.069 Thread 0x0000021551434800 Exception <a 'java/lang/NoSuchMethodError'{0x0000000718842d60}: 'int java.lang.invoke.DirectMethodHandle$Holder.invokeStaticInit(java.lang.Object, java.lang.Object, java.lang.Object)'> (0x0000000718842d60) thrown at [./src/hotspot/share/interpreter/linkResolver.cpp, line 773]
Event: 1.073 Thread 0x0000021551434800 Exception <a 'java/lang/NoSuchMethodError'{0x000000071886e6c0}: 'int java.lang.invoke.DirectMethodHandle$Holder.invokeStaticInit(java.lang.Object, java.lang.Object)'> (0x000000071886e6c0) thrown at [./src/hotspot/share/interpreter/linkResolver.cpp, line 773]
Event: 1.110 Thread 0x0000021551434800 Exception <a 'java/lang/NoSuchMethodError'{0x0000000718683e38}: 'void java.lang.invoke.DirectMethodHandle$Holder.invokeSpecial(java.lang.Object, java.lang.Object)'> (0x0000000718683e38) thrown at [./src/hotspot/share/interpreter/linkResolver.cpp, line 773]
Event: 1.232 Thread 0x0000021551434800 Exception <a 'java/lang/NoSuchMethodError'{0x0000000717eac1f8}: 'java.lang.Object java.lang.invoke.DirectMethodHandle$Holder.invokeStatic(java.lang.Object, java.lang.Object, java.lang.Object, java.lang.Object, java.lang.Object, java.lang.Object, java.lang.Object, java.lang.Object, java.lang.Object, java.lang.Object, java.lang.Object, java.lang.Object, java.lang.Object, java.lang.Object, java.lang.Object)'> (0x0000000717eac1f8) thrown at [./src/hotspot/share/interpreter/linkResolver.cpp, line 773]
Event: 1.234 Thread 0x0000021551434800 Exception <a 'java/lang/NoSuchMethodError'{0x0000000717eba200}: 'java.lang.Object java.lang.invoke.DirectMethodHandle$Holder.invokeStatic(java.lang.Object, java.lang.Object, java.lang.Object, java.lang.Object, java.lang.Object, java.lang.Object, java.lang.Object, java.lang.Object, java.lang.Object, java.lang.Object, java.lang.Object, java.lang.Object, java.lang.Object, java.lang.Object, java.lang.Object, java.lang.Object)'> (0x0000000717eba200) thrown at [./src/hotspot/share/interpreter/linkResolver.cpp, l
Event: 1.235 Thread 0x0000021551434800 Exception <a 'java/lang/NoSuchMethodError'{0x0000000717ec8118}: 'java.lang.Object java.lang.invoke.DirectMethodHandle$Holder.invokeSpecial(java.lang.Object, java.lang.Object, int, int, java.lang.Object, java.lang.Object, java.lang.Object)'> (0x0000000717ec8118) thrown at [./src/hotspot/share/interpreter/linkResolver.cpp, line 773]
Event: 1.235 Thread 0x0000021551434800 Exception <a 'java/lang/NoSuchMethodError'{0x0000000717ecb950}: 'java.lang.Object java.lang.invoke.DelegatingMethodHandle$Holder.reinvoke_L(java.lang.Object, int, int, java.lang.Object, java.lang.Object, java.lang.Object)'> (0x0000000717ecb950) thrown at [./src/hotspot/share/interpreter/linkResolver.cpp, line 773]
Event: 1.235 Thread 0x0000021551434800 Exception <a 'java/lang/NoSuchMethodError'{0x0000000717ecfcd8}: 'java.lang.Object java.lang.invoke.DirectMethodHandle$Holder.invokeStatic(java.lang.Object, java.lang.Object, java.lang.Object, java.lang.Object, int)'> (0x0000000717ecfcd8) thrown at [./src/hotspot/share/interpreter/linkResolver.cpp, line 773]
Event: 1.268 Thread 0x0000021551434800 Exception <a 'sun/nio/fs/WindowsException'{0x0000000717c109d8}> (0x0000000717c109d8) thrown at [./src/hotspot/share/prims/jni.cpp, line 615]
Event: 1.268 Thread 0x0000021551434800 Exception <a 'sun/nio/fs/WindowsException'{0x0000000717c11260}> (0x0000000717c11260) thrown at [./src/hotspot/share/prims/jni.cpp, line 615]
Event: 1.268 Thread 0x0000021551434800 Exception <a 'sun/nio/fs/WindowsException'{0x0000000717c11af8}> (0x0000000717c11af8) thrown at [./src/hotspot/share/prims/jni.cpp, line 615]
Event: 1.268 Thread 0x0000021551434800 Exception <a 'sun/nio/fs/WindowsException'{0x0000000717c124f8}> (0x0000000717c124f8) thrown at [./src/hotspot/share/prims/jni.cpp, line 615]
Event: 1.268 Thread 0x0000021551434800 Exception <a 'sun/nio/fs/WindowsException'{0x0000000717c12e00}> (0x0000000717c12e00) thrown at [./src/hotspot/share/prims/jni.cpp, line 615]
Event: 1.268 Thread 0x0000021551434800 Exception <a 'sun/nio/fs/WindowsException'{0x0000000717c13738}> (0x0000000717c13738) thrown at [./src/hotspot/share/prims/jni.cpp, line 615]
Event: 1.270 Thread 0x0000021551434800 Exception <a 'java/lang/NoSuchMethodError'{0x0000000717c19fe8}: 'void java.lang.invoke.DirectMethodHandle$Holder.invokeStatic(java.lang.Object, java.lang.Object, java.lang.Object, java.lang.Object)'> (0x0000000717c19fe8) thrown at [./src/hotspot/share/interpreter/linkResolver.cpp, line 773]
Event: 1.320 Thread 0x0000021551434800 Exception <a 'java/lang/NoSuchMethodError'{0x00000007179f75e8}: 'void java.lang.invoke.DirectMethodHandle$Holder.invokeStaticInit(java.lang.Object, java.lang.Object)'> (0x00000007179f75e8) thrown at [./src/hotspot/share/interpreter/linkResolver.cpp, line 773]
Event: 1.386 Thread 0x0000021551434800 Exception <a 'java/lang/NoSuchMethodError'{0x00000007174bb578}: 'void java.lang.invoke.DirectMethodHandle$Holder.invokeVirtual(java.lang.Object, java.lang.Object)'> (0x00000007174bb578) thrown at [./src/hotspot/share/interpreter/linkResolver.cpp, line 773]
Event: 1.392 Thread 0x0000021551434800 Exception <a 'java/lang/NoSuchMethodError'{0x0000000717339be8}: 'int java.lang.invoke.DirectMethodHandle$Holder.invokeVirtual(java.lang.Object, java.lang.Object)'> (0x0000000717339be8) thrown at [./src/hotspot/share/interpreter/linkResolver.cpp, line 773]
Event: 1.934 Thread 0x0000021551434800 Exception <a 'java/lang/NoSuchMethodError'{0x0000000717fdad98}: 'java.lang.Object java.lang.invoke.DirectMethodHandle$Holder.invokeVirtual(java.lang.Object, java.lang.Object, java.lang.Object)'> (0x0000000717fdad98) thrown at [./src/hotspot/share/interpreter/linkResolver.cpp, line 773]

Events (20 events):
Event: 1.946 loading class org/jetbrains/kotlin/metadata/jvm/JvmModuleProtoBuf$Module$1
Event: 1.946 loading class org/jetbrains/kotlin/metadata/jvm/JvmModuleProtoBuf$Module$1 done
Event: 1.947 loading class org/jetbrains/kotlin/metadata/jvm/JvmModuleProtoBuf$PackageParts
Event: 1.947 loading class org/jetbrains/kotlin/metadata/jvm/JvmModuleProtoBuf$PackageParts done
Event: 1.947 loading class org/jetbrains/kotlin/metadata/jvm/JvmModuleProtoBuf$PackagePartsOrBuilder
Event: 1.947 loading class org/jetbrains/kotlin/metadata/jvm/JvmModuleProtoBuf$PackagePartsOrBuilder done
Event: 1.948 loading class org/jetbrains/kotlin/metadata/jvm/JvmModuleProtoBuf$PackageParts$1
Event: 1.948 loading class org/jetbrains/kotlin/metadata/jvm/JvmModuleProtoBuf$PackageParts$1 done
Event: 1.948 loading class org/jetbrains/kotlin/metadata/jvm/deserialization/PackageParts
Event: 1.948 loading class org/jetbrains/kotlin/metadata/jvm/deserialization/PackageParts done
Event: 1.949 loading class org/jetbrains/kotlin/protobuf/UnmodifiableLazyStringList$2
Event: 1.949 loading class org/jetbrains/kotlin/protobuf/UnmodifiableLazyStringList$2 done
Event: 1.950 loading class org/jetbrains/kotlin/metadata/jvm/deserialization/ModuleMappingKt
Event: 1.950 loading class org/jetbrains/kotlin/metadata/jvm/deserialization/ModuleMappingKt done
Event: 1.950 loading class org/jetbrains/kotlin/load/kotlin/JvmPackagePartProviderBase$ModuleMappingInfo
Event: 1.950 loading class org/jetbrains/kotlin/load/kotlin/JvmPackagePartProviderBase$ModuleMappingInfo done
Event: 1.983 loading class kotlin/jvm/internal/TypeIntrinsics
Event: 1.983 loading class kotlin/jvm/internal/TypeIntrinsics done
Event: 1.998 Loaded shared library C:\Program Files\Android\Android Studio\jre\bin\nio.dll
Event: 2.017 Executing VM operation: CollectForMetadataAllocation


Dynamic libraries:
0x00007ff610a90000 - 0x00007ff610a9a000 	C:\Program Files\Android\Android Studio\jre\bin\java.exe
0x00007ff9c3950000 - 0x00007ff9c3b47000 	C:\WINDOWS\SYSTEM32\ntdll.dll
0x00007ff99a570000 - 0x00007ff99a586000 	C:\Program Files\Avast Software\Avast\aswhook.dll
0x00007ff9c1e10000 - 0x00007ff9c1ecd000 	C:\WINDOWS\System32\KERNEL32.DLL
0x00007ff9c11d0000 - 0x00007ff9c149d000 	C:\WINDOWS\System32\KERNELBASE.dll
0x00007ff9c1510000 - 0x00007ff9c1610000 	C:\WINDOWS\System32\ucrtbase.dll
0x00007ff9a68e0000 - 0x00007ff9a68f7000 	C:\Program Files\Android\Android Studio\jre\bin\VCRUNTIME140.dll
0x00007ff9a4420000 - 0x00007ff9a4439000 	C:\Program Files\Android\Android Studio\jre\bin\jli.dll
0x00007ff9aba70000 - 0x00007ff9abd0a000 	C:\WINDOWS\WinSxS\amd64_microsoft.windows.common-controls_6595b64144ccf1df_6.0.19041.1110_none_60b5254171f9507e\COMCTL32.dll
0x00007ff9c1b40000 - 0x00007ff9c1ce0000 	C:\WINDOWS\System32\USER32.dll
0x00007ff9c3870000 - 0x00007ff9c390e000 	C:\WINDOWS\System32\msvcrt.dll
0x00007ff9c1770000 - 0x00007ff9c1792000 	C:\WINDOWS\System32\win32u.dll
0x00007ff9c2f00000 - 0x00007ff9c2f2a000 	C:\WINDOWS\System32\GDI32.dll
0x00007ff9c1660000 - 0x00007ff9c176b000 	C:\WINDOWS\System32\gdi32full.dll
0x00007ff9c1850000 - 0x00007ff9c18ed000 	C:\WINDOWS\System32\msvcp_win.dll
0x00007ff9c2780000 - 0x00007ff9c27b0000 	C:\WINDOWS\System32\IMM32.DLL
0x00007ff9803b0000 - 0x00007ff98044d000 	C:\Program Files\Android\Android Studio\jre\bin\msvcp140.dll
0x00007ff96dc40000 - 0x00007ff96e725000 	C:\Program Files\Android\Android Studio\jre\bin\server\jvm.dll
0x00007ff9c37c0000 - 0x00007ff9c386e000 	C:\WINDOWS\System32\ADVAPI32.dll
0x00007ff9c2b80000 - 0x00007ff9c2c1c000 	C:\WINDOWS\System32\sechost.dll
0x00007ff9c29e0000 - 0x00007ff9c2b05000 	C:\WINDOWS\System32\RPCRT4.dll
0x00007ff9c27b0000 - 0x00007ff9c27b8000 	C:\WINDOWS\System32\PSAPI.DLL
0x00007ff9b80f0000 - 0x00007ff9b80fa000 	C:\WINDOWS\SYSTEM32\VERSION.dll
0x00007ff9b4640000 - 0x00007ff9b4667000 	C:\WINDOWS\SYSTEM32\WINMM.dll
0x00007ff9a9360000 - 0x00007ff9a9369000 	C:\WINDOWS\SYSTEM32\WSOCK32.dll
0x00007ff9c2e90000 - 0x00007ff9c2efb000 	C:\WINDOWS\System32\WS2_32.dll
0x00007ff9bee50000 - 0x00007ff9bee62000 	C:\WINDOWS\SYSTEM32\kernel.appcore.dll
0x00007ff9bcc30000 - 0x00007ff9bcc41000 	C:\Program Files\Android\Android Studio\jre\bin\verify.dll
0x00007ff9aebd0000 - 0x00007ff9aedb4000 	C:\WINDOWS\SYSTEM32\DBGHELP.DLL
0x00007ff9aeba0000 - 0x00007ff9aebcc000 	C:\WINDOWS\SYSTEM32\dbgcore.DLL
0x00007ff9c1920000 - 0x00007ff9c19a2000 	C:\WINDOWS\System32\bcryptPrimitives.dll
0x00007ff9bc010000 - 0x00007ff9bc039000 	C:\Program Files\Android\Android Studio\jre\bin\java.dll
0x00007ff9bcd10000 - 0x00007ff9bcd1b000 	C:\Program Files\Android\Android Studio\jre\bin\jimage.dll
0x00007ff9bc510000 - 0x00007ff9bc528000 	C:\Program Files\Android\Android Studio\jre\bin\zip.dll
0x00007ff9c1f60000 - 0x00007ff9c26a4000 	C:\WINDOWS\System32\SHELL32.dll
0x00007ff9bf130000 - 0x00007ff9bf8c4000 	C:\WINDOWS\SYSTEM32\windows.storage.dll
0x00007ff9c2f30000 - 0x00007ff9c3284000 	C:\WINDOWS\System32\combase.dll
0x00007ff9c0920000 - 0x00007ff9c094c000 	C:\WINDOWS\SYSTEM32\Wldp.dll
0x00007ff9c2de0000 - 0x00007ff9c2e8d000 	C:\WINDOWS\System32\SHCORE.dll
0x00007ff9c3290000 - 0x00007ff9c32e5000 	C:\WINDOWS\System32\shlwapi.dll
0x00007ff9c0fb0000 - 0x00007ff9c0fcf000 	C:\WINDOWS\SYSTEM32\profapi.dll
0x00007ff9bc460000 - 0x00007ff9bc47a000 	C:\Program Files\Android\Android Studio\jre\bin\net.dll
0x00007ff9b9be0000 - 0x00007ff9b9cea000 	C:\WINDOWS\SYSTEM32\WINHTTP.dll
0x00007ff9c0700000 - 0x00007ff9c076a000 	C:\WINDOWS\system32\mswsock.dll
0x00007ff9bc2a0000 - 0x00007ff9bc2b4000 	C:\Program Files\Android\Android Studio\jre\bin\nio.dll

dbghelp: loaded successfully - version: 4.0.5 - missing functions: none
symbol engine: initialized successfully - sym options: 0x614 - pdb path: .;C:\Program Files\Android\Android Studio\jre\bin;C:\WINDOWS\SYSTEM32;C:\Program Files\Avast Software\Avast;C:\WINDOWS\WinSxS\amd64_microsoft.windows.common-controls_6595b64144ccf1df_6.0.19041.1110_none_60b5254171f9507e;C:\Program Files\Android\Android Studio\jre\bin\server

VM Arguments:
java_command: org.jetbrains.kotlin.cli.jvm.K2JVMCompiler @C:\Users\Anikald\AndroidStudioProjects\Vezdekod\Foodies\app\build\20220619_6811294473856276504.compiler.options
java_class_path (initial): C:\Users\Anikald\.gradle\caches\modules-2\files-2.1\org.jetbrains.kotlin\kotlin-compiler-embeddable\1.6.10\88f2073f4020cdb83132cfe940ceb9a60aba54ea\kotlin-compiler-embeddable-1.6.10.jar;C:\Users\Anikald\.gradle\caches\modules-2\files-2.1\org.jetbrains.kotlin\kotlin-reflect\1.6.10\1cbe9c92c12a94eea200d23c2bbaedaf3daf5132\kotlin-reflect-1.6.10.jar;C:\Users\Anikald\.gradle\caches\modules-2\files-2.1\org.jetbrains.kotlin\kotlin-stdlib\1.6.10\b8af3fe6f1ca88526914929add63cf5e7c5049af\kotlin-stdlib-1.6.10.jar;C:\Users\Anikald\.gradle\caches\modules-2\files-2.1\org.jetbrains.kotlin\kotlin-script-runtime\1.6.10\d0a7ff2e2500ef497ed0214ae40ad3c8387a6164\kotlin-script-runtime-1.6.10.jar;C:\Users\Anikald\.gradle\caches\modules-2\files-2.1\org.jetbrains.kotlin\kotlin-daemon-embeddable\1.6.10\a56d79bcbea411fa6058e4ecffc2de73e742bd2a\kotlin-daemon-embeddable-1.6.10.jar;C:\Users\Anikald\.gradle\caches\modules-2\files-2.1\org.jetbrains.intellij.deps\trove4j\1.0.20181211\216c2e14b070f334479d800987affe4054cd563f\trove4j-1.0.20181211.jar;C:\Users\Anikald\.gradle\caches\modules-2\files-2.1\net.java.dev.jna\jna\5.6.0\330f2244e9030119ab3030fc3fededc86713d9cc\jna-5.6.0.jar;C:\Users\Anikald\.gradle\caches\modules-2\files-2.1\org.jetbrains\annotations\13.0\919f0dfe192fb4e063e7dacadee7f8bb9a2672a9\annotations-13.0.jar;C:\Users\Anikald\.gradle\caches\modules-2\files-2.1\org.jetbrains.kotlin\kotlin-stdlib-common\1.6.10\c118700e3a33c8a0d9adc920e9dec0831171925\kotlin-stdlib-common-1.6.10.jar
Launcher Type: SUN_STANDARD

[Global flags]
     intx CICompilerCount                          = 4                                         {product} {ergonomic}
     uint ConcGCThreads                            = 3                                         {product} {ergonomic}
     uint G1ConcRefinementThreads                  = 10                                        {product} {ergonomic}
   size_t G1HeapRegionSize                         = 1048576                                   {product} {ergonomic}
    uintx GCDrainStackTargetSize                   = 64                                        {product} {ergonomic}
   size_t InitialHeapSize                          = 260046848                                 {product} {ergonomic}
   size_t MarkStackSize                            = 4194304                                   {product} {ergonomic}
   size_t MaxHeapSize                              = 4139778048                                {product} {ergonomic}
   size_t MaxNewSize                               = 2483027968                                {product} {ergonomic}
   size_t MinHeapDeltaBytes                        = 1048576                                   {product} {ergonomic}
    uintx NonNMethodCodeHeapSize                   = 5836300                                {pd product} {ergonomic}
    uintx NonProfiledCodeHeapSize                  = 122910970                              {pd product} {ergonomic}
    uintx ProfiledCodeHeapSize                     = 122910970                              {pd product} {ergonomic}
    uintx ReservedCodeCacheSize                    = 251658240                              {pd product} {ergonomic}
     bool SegmentedCodeCache                       = true                                      {product} {ergonomic}
     bool UseCompressedClassPointers               = true                                 {lp64_product} {ergonomic}
     bool UseCompressedOops                        = true                                 {lp64_product} {ergonomic}
     bool UseG1GC                                  = true                                      {product} {ergonomic}
     bool UseLargePagesIndividualAllocation        = false                                  {pd product} {ergonomic}

Logging:
Log output configuration:
 #0: stdout all=warning uptime,level,tags
 #1: stderr all=off uptime,level,tags

Environment Variables:
PATH=C:\Program Files (x86)\Common Files\Oracle\Java\javapath;C:\Windows\system32;C:\Windows;C:\Windows\System32\Wbem;C:\Windows\System32\WindowsPowerShell\v1.0\;C:\Windows\System32\OpenSSH\;C:\Program Files (x86)\NVIDIA Corporation\PhysX\Common;C:\Program Files\NVIDIA Corporation\NVIDIA NvDLISR;C:\Program Files\Git\cmd;C:\WINDOWS\system32;C:\WINDOWS;C:\WINDOWS\System32\Wbem;C:\WINDOWS\System32\WindowsPowerShell\v1.0\;C:\WINDOWS\System32\OpenSSH\;C:\Program Files (x86)\Wolfram Research\WolframScript\;C:\Users\Anikald\AppData\Local\Programs\Python\Python38-32\Scripts\;C:\Users\Anikald\AppData\Local\Programs\Python\Python38-32\;C:\Users\Anikald\AppData\Local\Microsoft\WindowsApps;C:\Program Files\JetBrains\CLion 2020.2.3\bin;C:\Program Files\JetBrains\PyCharm 2020.2.2\bin;C:\Program Files\JetBrains\IntelliJ IDEA Community Edition 2020.3.2\bin;C:\Users\Anikald\AppData\Local\GitHubDesktop\bin;C:\Users\Anikald\AppData\Local\Programs\Microsoft VS Code\bin;C:\Users\Anikald\AppData\Local\gitkraken\bin;C:\Program Files\heroku\bin;C:\Users\Anikald\AppData\Local\Programs\MiKTeX\miktex\bin\x64\
USERNAME=Anikald
OS=Windows_NT
PROCESSOR_IDENTIFIER=AMD64 Family 23 Model 96 Stepping 1, AuthenticAMD



---------------  S Y S T E M  ---------------

OS: Windows 10 , 64 bit Build 19041 (10.0.19041.1741)
OS uptime: 1 days 3:04 hours
Hyper-V role detected

CPU:total 12 (initial active 12) (12 cores per cpu, 2 threads per core) family 23 model 96 stepping 1 microcode 0x0, cmov, cx8, fxsr, mmx, sse, sse2, sse3, ssse3, sse4.1, sse4.2, popcnt, avx, avx2, aes, clmul, mmxext, 3dnowpref, lzcnt, sse4a, ht, tsc, tscinvbit, tscinv, bmi1, bmi2, adx, sha, fma

Memory: 4k page, system-wide physical 15791M (1240M free)
TotalPageFile size 15791M (AvailPageFile size 22M)
current process WorkingSet (physical memory assigned to process): 212M, peak: 215M
current process commit charge ("private bytes"): 421M, peak: 470M

vm_info: OpenJDK 64-Bit Server VM (11.0.12+7-b1504.28-7817840) for windows-amd64 JRE (11.0.12+7-b1504.28-7817840), built on Oct 13 2021 22:12:33 by "builder" with MS VC++ 14.0 (VS2015)

END.
