#
# There is insufficient memory for the Java Runtime Environment to continue.
# Native memory allocation (malloc) failed to allocate 1048576 bytes for AllocateHeap
# Possible reasons:
#   The system is out of physical RAM or swap space
#   The process is running with CompressedOops enabled, and the Java Heap may be blocking the growth of the native heap
# Possible solutions:
#   Reduce memory load on the system
#   Increase physical memory or swap space
#   Check if swap backing store is full
#   Decrease Java heap size (-Xmx/-Xms)
#   Decrease number of Java threads
#   Decrease Java thread stack sizes (-Xss)
#   Set larger code cache with -XX:ReservedCodeCacheSize=
#   JVM is running with Zero Based Compressed Oops mode in which the Java heap is
#     placed in the first 32GB address space. The Java Heap base address is the
#     maximum limit for the native heap growth. Please use -XX:HeapBaseMinAddress
#     to set the Java Heap base and to place the Java Heap above 32GB virtual address.
# This output file may be truncated or incomplete.
#
#  Out of Memory Error (./src/hotspot/share/memory/allocation.cpp:46), pid=19020, tid=17164
#
# JRE version: OpenJDK Runtime Environment (11.0.12+7) (build 11.0.12+7-b1504.28-7817840)
# Java VM: OpenJDK 64-Bit Server VM (11.0.12+7-b1504.28-7817840, mixed mode, tiered, compressed oops, g1 gc, windows-amd64)
# No core dump will be written. Minidumps are not enabled by default on client versions of Windows
#

---------------  S U M M A R Y ------------

Command Line: org.jetbrains.kotlin.cli.jvm.K2JVMCompiler @C:\Users\Anikald\AndroidStudioProjects\Vezdekod\Foodies\data\build\20220618_9064448253082626744.compiler.options

Host: AMD Ryzen 5 4600H with Radeon Graphics         , 12 cores, 15G,  Windows 10 , 64 bit Build 19041 (10.0.19041.1741)
Time: Sat Jun 18 14:57:33 2022 RTZ 9 (зима) elapsed time: 0.793694 seconds (0d 0h 0m 0s)

---------------  T H R E A D  ---------------

Current thread (0x000001c1dd998800):  VMThread "VM Thread" [stack: 0x00000023e5b00000,0x00000023e5c00000] [id=17164]

Stack: [0x00000023e5b00000,0x00000023e5c00000]
[error occurred during error reporting (printing stack bounds), id 0xc0000005, EXCEPTION_ACCESS_VIOLATION (0xc0000005) at pc=0x000001c1c243112d]

Native frames: (J=compiled Java code, j=interpreted, Vv=VM code, C=native code)
V  [jvm.dll+0x5fbcea]
V  [jvm.dll+0x731905]
V  [jvm.dll+0x732f1d]
V  [jvm.dll+0x733535]
V  [jvm.dll+0x7334eb]
V  [jvm.dll+0x5fb080]
V  [jvm.dll+0x5fb818]
C  [ntdll.dll+0xa209f]
C  [ntdll.dll+0x51454]
C  [ntdll.dll+0xa0bce]
C  0x000001c1c243112d

VM_Operation (0x00000023e62fec60): CollectForMetadataAllocation, mode: safepoint, requested by thread 0x000001c1de2ba800


---------------  P R O C E S S  ---------------

Threads class SMR info:
_java_thread_list=0x000001c1de41aa30, length=12, elements={
0x000001c1be921000, 0x000001c1dd9af000, 0x000001c1dd9b0800, 0x000001c1de2a9000,
0x000001c1de2ab000, 0x000001c1de2ac000, 0x000001c1de2ad800, 0x000001c1de2ba800,
0x000001c1de2be800, 0x000001c1de432800, 0x000001c1de42e000, 0x000001c1de46b000
}

Java Threads: ( => current thread )
  0x000001c1be921000 JavaThread "main" [_thread_blocked, id=11560, stack(0x00000023e5500000,0x00000023e5600000)]
  0x000001c1dd9af000 JavaThread "Reference Handler" daemon [_thread_blocked, id=5908, stack(0x00000023e5c00000,0x00000023e5d00000)]
  0x000001c1dd9b0800 JavaThread "Finalizer" daemon [_thread_blocked, id=12320, stack(0x00000023e5d00000,0x00000023e5e00000)]
  0x000001c1de2a9000 JavaThread "Signal Dispatcher" daemon [_thread_blocked, id=8260, stack(0x00000023e5e00000,0x00000023e5f00000)]
  0x000001c1de2ab000 JavaThread "Attach Listener" daemon [_thread_blocked, id=18264, stack(0x00000023e5f00000,0x00000023e6000000)]
  0x000001c1de2ac000 JavaThread "Service Thread" daemon [_thread_blocked, id=18744, stack(0x00000023e6000000,0x00000023e6100000)]
  0x000001c1de2ad800 JavaThread "C2 CompilerThread0" daemon [_thread_blocked, id=1132, stack(0x00000023e6100000,0x00000023e6200000)]
  0x000001c1de2ba800 JavaThread "C1 CompilerThread0" daemon [_thread_blocked, id=12880, stack(0x00000023e6200000,0x00000023e6300000)]
  0x000001c1de2be800 JavaThread "Sweeper thread" daemon [_thread_blocked, id=17832, stack(0x00000023e6300000,0x00000023e6400000)]
  0x000001c1de432800 JavaThread "Common-Cleaner" daemon [_thread_blocked, id=17840, stack(0x00000023e6500000,0x00000023e6600000)]
  0x000001c1de42e000 JavaThread "C2 CompilerThread1" daemon [_thread_blocked, id=12960, stack(0x00000023e6600000,0x00000023e6700000)]
  0x000001c1de46b000 JavaThread "C2 CompilerThread2" daemon [_thread_blocked, id=14068, stack(0x00000023e6700000,0x00000023e6800000)]

Other Threads:
=>0x000001c1dd998800 VMThread "VM Thread" [stack: 0x00000023e5b00000,0x00000023e5c00000] [id=17164]
  0x000001c1de41b800 WatcherThread [stack: 0x00000023e6400000,0x00000023e6500000] [id=1628]
  0x000001c1be939000 GCTaskThread "GC Thread#0" [stack: 0x00000023e5600000,0x00000023e5700000] [id=18556]
  0x000001c1dead3000 GCTaskThread "GC Thread#1" [stack: 0x00000023e6800000,0x00000023e6900000] [id=17784]
  0x000001c1deb58800 GCTaskThread "GC Thread#2" [stack: 0x00000023e6900000,0x00000023e6a00000] [id=1640]
  0x000001c1de9ec800 GCTaskThread "GC Thread#3" [stack: 0x00000023e6a00000,0x00000023e6b00000] [id=17748]
  0x000001c1de575800 GCTaskThread "GC Thread#4" [stack: 0x00000023e6b00000,0x00000023e6c00000] [id=3736]
  0x000001c1be993800 ConcurrentGCThread "G1 Main Marker" [stack: 0x00000023e5700000,0x00000023e5800000] [id=12604]
  0x000001c1be996000 ConcurrentGCThread "G1 Conc#0" [stack: 0x00000023e5800000,0x00000023e5900000] [id=10760]
  0x000001c1deba2800 ConcurrentGCThread "G1 Conc#1" [stack: 0x00000023e6c00000,0x00000023e6d00000] [id=12308]
  0x000001c1debf4000 ConcurrentGCThread "G1 Conc#2" [stack: 0x00000023e6d00000,0x00000023e6e00000] [id=10228]
  0x000001c1dd873000 ConcurrentGCThread "G1 Refine#0" [stack: 0x00000023e5900000,0x00000023e5a00000] [id=4552]
  0x000001c1dd874000 ConcurrentGCThread "G1 Young RemSet Sampling" [stack: 0x00000023e5a00000,0x00000023e5b00000] [id=10648]

Threads with active compile tasks:
C1 CompilerThread0    802 1364       3       sun.invoke.util.VerifyAccess::isTypeVisible (118 bytes)

VM state:at safepoint (normal execution)

VM Mutex/Monitor currently owned by a thread:  ([mutex/lock_event])
[0x000001c1be91e1e0] Threads_lock - owner thread: 0x000001c1dd998800
[0x000001c1be91dcd0] Heap_lock - owner thread: 0x000001c1de2ba800
[0x000001c1be91e4b0] MethodData_lock - owner thread: 0x000001c1de2ba800

Heap address: 0x0000000709400000, size: 3948 MB, Compressed Oops mode: Zero based, Oop shift amount: 3
Narrow klass base: 0x0000000800000000, Narrow klass shift: 0
Compressed class space size: 1073741824 Address: 0x0000000800000000

Heap:
 garbage-first heap   total 253952K, used 8192K [0x0000000709400000, 0x0000000800000000)
  region size 1024K, 5 young (5120K), 5 survivors (5120K)
 Metaspace       used 15822K, capacity 15909K, committed 16000K, reserved 1081344K
  class space    used 1547K, capacity 1595K, committed 1664K, reserved 1048576K
Heap Regions: E=young(eden), S=young(survivor), O=old, HS=humongous(starts), HC=humongous(continues), CS=collection set, F=free, A=archive, TAMS=top-at-mark-start (previous, next)
|   0|0x0000000709400000, 0x0000000709500000, 0x0000000709500000|100%|HS|  |TAMS 0x0000000709400000, 0x0000000709500000| Complete 
|   1|0x0000000709500000, 0x0000000709600000, 0x0000000709600000|100%|HC|  |TAMS 0x0000000709500000, 0x0000000709600000| Complete 
|   2|0x0000000709600000, 0x0000000709700000, 0x0000000709700000|100%|HC|  |TAMS 0x0000000709600000, 0x0000000709700000| Complete 
|   3|0x0000000709700000, 0x0000000709700000, 0x0000000709800000|  0%| F|  |TAMS 0x0000000709700000, 0x0000000709700000| Untracked 
|   4|0x0000000709800000, 0x0000000709800000, 0x0000000709900000|  0%| F|  |TAMS 0x0000000709800000, 0x0000000709800000| Untracked 
|   5|0x0000000709900000, 0x0000000709900000, 0x0000000709a00000|  0%| F|  |TAMS 0x0000000709900000, 0x0000000709900000| Untracked 
|   6|0x0000000709a00000, 0x0000000709a00000, 0x0000000709b00000|  0%| F|  |TAMS 0x0000000709a00000, 0x0000000709a00000| Untracked 
|   7|0x0000000709b00000, 0x0000000709b00000, 0x0000000709c00000|  0%| F|  |TAMS 0x0000000709b00000, 0x0000000709b00000| Untracked 
|   8|0x0000000709c00000, 0x0000000709c00000, 0x0000000709d00000|  0%| F|  |TAMS 0x0000000709c00000, 0x0000000709c00000| Untracked 
|   9|0x0000000709d00000, 0x0000000709d00000, 0x0000000709e00000|  0%| F|  |TAMS 0x0000000709d00000, 0x0000000709d00000| Untracked 
|  10|0x0000000709e00000, 0x0000000709e00000, 0x0000000709f00000|  0%| F|  |TAMS 0x0000000709e00000, 0x0000000709e00000| Untracked 
|  11|0x0000000709f00000, 0x0000000709f00000, 0x000000070a000000|  0%| F|  |TAMS 0x0000000709f00000, 0x0000000709f00000| Untracked 
|  12|0x000000070a000000, 0x000000070a000000, 0x000000070a100000|  0%| F|  |TAMS 0x000000070a000000, 0x000000070a000000| Untracked 
|  13|0x000000070a100000, 0x000000070a100000, 0x000000070a200000|  0%| F|  |TAMS 0x000000070a100000, 0x000000070a100000| Untracked 
|  14|0x000000070a200000, 0x000000070a200000, 0x000000070a300000|  0%| F|  |TAMS 0x000000070a200000, 0x000000070a200000| Untracked 
|  15|0x000000070a300000, 0x000000070a300000, 0x000000070a400000|  0%| F|  |TAMS 0x000000070a300000, 0x000000070a300000| Untracked 
|  16|0x000000070a400000, 0x000000070a400000, 0x000000070a500000|  0%| F|  |TAMS 0x000000070a400000, 0x000000070a400000| Untracked 
|  17|0x000000070a500000, 0x000000070a500000, 0x000000070a600000|  0%| F|  |TAMS 0x000000070a500000, 0x000000070a500000| Untracked 
|  18|0x000000070a600000, 0x000000070a600000, 0x000000070a700000|  0%| F|  |TAMS 0x000000070a600000, 0x000000070a600000| Untracked 
|  19|0x000000070a700000, 0x000000070a700000, 0x000000070a800000|  0%| F|  |TAMS 0x000000070a700000, 0x000000070a700000| Untracked 
|  20|0x000000070a800000, 0x000000070a800000, 0x000000070a900000|  0%| F|  |TAMS 0x000000070a800000, 0x000000070a800000| Untracked 
|  21|0x000000070a900000, 0x000000070a900000, 0x000000070aa00000|  0%| F|  |TAMS 0x000000070a900000, 0x000000070a900000| Untracked 
|  22|0x000000070aa00000, 0x000000070aa00000, 0x000000070ab00000|  0%| F|  |TAMS 0x000000070aa00000, 0x000000070aa00000| Untracked 
|  23|0x000000070ab00000, 0x000000070ab00000, 0x000000070ac00000|  0%| F|  |TAMS 0x000000070ab00000, 0x000000070ab00000| Untracked 
|  24|0x000000070ac00000, 0x000000070ac00000, 0x000000070ad00000|  0%| F|  |TAMS 0x000000070ac00000, 0x000000070ac00000| Untracked 
|  25|0x000000070ad00000, 0x000000070ad00000, 0x000000070ae00000|  0%| F|  |TAMS 0x000000070ad00000, 0x000000070ad00000| Untracked 
|  26|0x000000070ae00000, 0x000000070ae00000, 0x000000070af00000|  0%| F|  |TAMS 0x000000070ae00000, 0x000000070ae00000| Untracked 
|  27|0x000000070af00000, 0x000000070af00000, 0x000000070b000000|  0%| F|  |TAMS 0x000000070af00000, 0x000000070af00000| Untracked 
|  28|0x000000070b000000, 0x000000070b000000, 0x000000070b100000|  0%| F|  |TAMS 0x000000070b000000, 0x000000070b000000| Untracked 
|  29|0x000000070b100000, 0x000000070b100000, 0x000000070b200000|  0%| F|  |TAMS 0x000000070b100000, 0x000000070b100000| Untracked 
|  30|0x000000070b200000, 0x000000070b200000, 0x000000070b300000|  0%| F|  |TAMS 0x000000070b200000, 0x000000070b200000| Untracked 
|  31|0x000000070b300000, 0x000000070b300000, 0x000000070b400000|  0%| F|  |TAMS 0x000000070b300000, 0x000000070b300000| Untracked 
|  32|0x000000070b400000, 0x000000070b400000, 0x000000070b500000|  0%| F|  |TAMS 0x000000070b400000, 0x000000070b400000| Untracked 
|  33|0x000000070b500000, 0x000000070b500000, 0x000000070b600000|  0%| F|  |TAMS 0x000000070b500000, 0x000000070b500000| Untracked 
|  34|0x000000070b600000, 0x000000070b600000, 0x000000070b700000|  0%| F|  |TAMS 0x000000070b600000, 0x000000070b600000| Untracked 
|  35|0x000000070b700000, 0x000000070b700000, 0x000000070b800000|  0%| F|  |TAMS 0x000000070b700000, 0x000000070b700000| Untracked 
|  36|0x000000070b800000, 0x000000070b800000, 0x000000070b900000|  0%| F|  |TAMS 0x000000070b800000, 0x000000070b800000| Untracked 
|  37|0x000000070b900000, 0x000000070b900000, 0x000000070ba00000|  0%| F|  |TAMS 0x000000070b900000, 0x000000070b900000| Untracked 
|  38|0x000000070ba00000, 0x000000070ba00000, 0x000000070bb00000|  0%| F|  |TAMS 0x000000070ba00000, 0x000000070ba00000| Untracked 
|  39|0x000000070bb00000, 0x000000070bb00000, 0x000000070bc00000|  0%| F|  |TAMS 0x000000070bb00000, 0x000000070bb00000| Untracked 
|  40|0x000000070bc00000, 0x000000070bc00000, 0x000000070bd00000|  0%| F|  |TAMS 0x000000070bc00000, 0x000000070bc00000| Untracked 
|  41|0x000000070bd00000, 0x000000070bd00000, 0x000000070be00000|  0%| F|  |TAMS 0x000000070bd00000, 0x000000070bd00000| Untracked 
|  42|0x000000070be00000, 0x000000070be00000, 0x000000070bf00000|  0%| F|  |TAMS 0x000000070be00000, 0x000000070be00000| Untracked 
|  43|0x000000070bf00000, 0x000000070bf00000, 0x000000070c000000|  0%| F|  |TAMS 0x000000070bf00000, 0x000000070bf00000| Untracked 
|  44|0x000000070c000000, 0x000000070c000000, 0x000000070c100000|  0%| F|  |TAMS 0x000000070c000000, 0x000000070c000000| Untracked 
|  45|0x000000070c100000, 0x000000070c100000, 0x000000070c200000|  0%| F|  |TAMS 0x000000070c100000, 0x000000070c100000| Untracked 
|  46|0x000000070c200000, 0x000000070c200000, 0x000000070c300000|  0%| F|  |TAMS 0x000000070c200000, 0x000000070c200000| Untracked 
|  47|0x000000070c300000, 0x000000070c300000, 0x000000070c400000|  0%| F|  |TAMS 0x000000070c300000, 0x000000070c300000| Untracked 
|  48|0x000000070c400000, 0x000000070c400000, 0x000000070c500000|  0%| F|  |TAMS 0x000000070c400000, 0x000000070c400000| Untracked 
|  49|0x000000070c500000, 0x000000070c500000, 0x000000070c600000|  0%| F|  |TAMS 0x000000070c500000, 0x000000070c500000| Untracked 
|  50|0x000000070c600000, 0x000000070c600000, 0x000000070c700000|  0%| F|  |TAMS 0x000000070c600000, 0x000000070c600000| Untracked 
|  51|0x000000070c700000, 0x000000070c700000, 0x000000070c800000|  0%| F|  |TAMS 0x000000070c700000, 0x000000070c700000| Untracked 
|  52|0x000000070c800000, 0x000000070c800000, 0x000000070c900000|  0%| F|  |TAMS 0x000000070c800000, 0x000000070c800000| Untracked 
|  53|0x000000070c900000, 0x000000070c900000, 0x000000070ca00000|  0%| F|  |TAMS 0x000000070c900000, 0x000000070c900000| Untracked 
|  54|0x000000070ca00000, 0x000000070ca00000, 0x000000070cb00000|  0%| F|  |TAMS 0x000000070ca00000, 0x000000070ca00000| Untracked 
|  55|0x000000070cb00000, 0x000000070cb00000, 0x000000070cc00000|  0%| F|  |TAMS 0x000000070cb00000, 0x000000070cb00000| Untracked 
|  56|0x000000070cc00000, 0x000000070cc00000, 0x000000070cd00000|  0%| F|  |TAMS 0x000000070cc00000, 0x000000070cc00000| Untracked 
|  57|0x000000070cd00000, 0x000000070cd00000, 0x000000070ce00000|  0%| F|  |TAMS 0x000000070cd00000, 0x000000070cd00000| Untracked 
|  58|0x000000070ce00000, 0x000000070ce00000, 0x000000070cf00000|  0%| F|  |TAMS 0x000000070ce00000, 0x000000070ce00000| Untracked 
|  59|0x000000070cf00000, 0x000000070cf00000, 0x000000070d000000|  0%| F|  |TAMS 0x000000070cf00000, 0x000000070cf00000| Untracked 
|  60|0x000000070d000000, 0x000000070d000000, 0x000000070d100000|  0%| F|  |TAMS 0x000000070d000000, 0x000000070d000000| Untracked 
|  61|0x000000070d100000, 0x000000070d100000, 0x000000070d200000|  0%| F|  |TAMS 0x000000070d100000, 0x000000070d100000| Untracked 
|  62|0x000000070d200000, 0x000000070d200000, 0x000000070d300000|  0%| F|  |TAMS 0x000000070d200000, 0x000000070d200000| Untracked 
|  63|0x000000070d300000, 0x000000070d300000, 0x000000070d400000|  0%| F|  |TAMS 0x000000070d300000, 0x000000070d300000| Untracked 
|  64|0x000000070d400000, 0x000000070d400000, 0x000000070d500000|  0%| F|  |TAMS 0x000000070d400000, 0x000000070d400000| Untracked 
|  65|0x000000070d500000, 0x000000070d500000, 0x000000070d600000|  0%| F|  |TAMS 0x000000070d500000, 0x000000070d500000| Untracked 
|  66|0x000000070d600000, 0x000000070d600000, 0x000000070d700000|  0%| F|  |TAMS 0x000000070d600000, 0x000000070d600000| Untracked 
|  67|0x000000070d700000, 0x000000070d700000, 0x000000070d800000|  0%| F|  |TAMS 0x000000070d700000, 0x000000070d700000| Untracked 
|  68|0x000000070d800000, 0x000000070d800000, 0x000000070d900000|  0%| F|  |TAMS 0x000000070d800000, 0x000000070d800000| Untracked 
|  69|0x000000070d900000, 0x000000070d900000, 0x000000070da00000|  0%| F|  |TAMS 0x000000070d900000, 0x000000070d900000| Untracked 
|  70|0x000000070da00000, 0x000000070da00000, 0x000000070db00000|  0%| F|  |TAMS 0x000000070da00000, 0x000000070da00000| Untracked 
|  71|0x000000070db00000, 0x000000070db00000, 0x000000070dc00000|  0%| F|  |TAMS 0x000000070db00000, 0x000000070db00000| Untracked 
|  72|0x000000070dc00000, 0x000000070dc00000, 0x000000070dd00000|  0%| F|  |TAMS 0x000000070dc00000, 0x000000070dc00000| Untracked 
|  73|0x000000070dd00000, 0x000000070dd00000, 0x000000070de00000|  0%| F|  |TAMS 0x000000070dd00000, 0x000000070dd00000| Untracked 
|  74|0x000000070de00000, 0x000000070de00000, 0x000000070df00000|  0%| F|  |TAMS 0x000000070de00000, 0x000000070de00000| Untracked 
|  75|0x000000070df00000, 0x000000070df00000, 0x000000070e000000|  0%| F|  |TAMS 0x000000070df00000, 0x000000070df00000| Untracked 
|  76|0x000000070e000000, 0x000000070e000000, 0x000000070e100000|  0%| F|  |TAMS 0x000000070e000000, 0x000000070e000000| Untracked 
|  77|0x000000070e100000, 0x000000070e100000, 0x000000070e200000|  0%| F|  |TAMS 0x000000070e100000, 0x000000070e100000| Untracked 
|  78|0x000000070e200000, 0x000000070e200000, 0x000000070e300000|  0%| F|  |TAMS 0x000000070e200000, 0x000000070e200000| Untracked 
|  79|0x000000070e300000, 0x000000070e300000, 0x000000070e400000|  0%| F|  |TAMS 0x000000070e300000, 0x000000070e300000| Untracked 
|  80|0x000000070e400000, 0x000000070e400000, 0x000000070e500000|  0%| F|  |TAMS 0x000000070e400000, 0x000000070e400000| Untracked 
|  81|0x000000070e500000, 0x000000070e500000, 0x000000070e600000|  0%| F|  |TAMS 0x000000070e500000, 0x000000070e500000| Untracked 
|  82|0x000000070e600000, 0x000000070e600000, 0x000000070e700000|  0%| F|  |TAMS 0x000000070e600000, 0x000000070e600000| Untracked 
|  83|0x000000070e700000, 0x000000070e700000, 0x000000070e800000|  0%| F|  |TAMS 0x000000070e700000, 0x000000070e700000| Untracked 
|  84|0x000000070e800000, 0x000000070e800000, 0x000000070e900000|  0%| F|  |TAMS 0x000000070e800000, 0x000000070e800000| Untracked 
|  85|0x000000070e900000, 0x000000070e900000, 0x000000070ea00000|  0%| F|  |TAMS 0x000000070e900000, 0x000000070e900000| Untracked 
|  86|0x000000070ea00000, 0x000000070ea00000, 0x000000070eb00000|  0%| F|  |TAMS 0x000000070ea00000, 0x000000070ea00000| Untracked 
|  87|0x000000070eb00000, 0x000000070eb00000, 0x000000070ec00000|  0%| F|  |TAMS 0x000000070eb00000, 0x000000070eb00000| Untracked 
|  88|0x000000070ec00000, 0x000000070ec00000, 0x000000070ed00000|  0%| F|  |TAMS 0x000000070ec00000, 0x000000070ec00000| Untracked 
|  89|0x000000070ed00000, 0x000000070ed00000, 0x000000070ee00000|  0%| F|  |TAMS 0x000000070ed00000, 0x000000070ed00000| Untracked 
|  90|0x000000070ee00000, 0x000000070ee00000, 0x000000070ef00000|  0%| F|  |TAMS 0x000000070ee00000, 0x000000070ee00000| Untracked 
|  91|0x000000070ef00000, 0x000000070ef00000, 0x000000070f000000|  0%| F|  |TAMS 0x000000070ef00000, 0x000000070ef00000| Untracked 
|  92|0x000000070f000000, 0x000000070f000000, 0x000000070f100000|  0%| F|  |TAMS 0x000000070f000000, 0x000000070f000000| Untracked 
|  93|0x000000070f100000, 0x000000070f100000, 0x000000070f200000|  0%| F|  |TAMS 0x000000070f100000, 0x000000070f100000| Untracked 
|  94|0x000000070f200000, 0x000000070f200000, 0x000000070f300000|  0%| F|  |TAMS 0x000000070f200000, 0x000000070f200000| Untracked 
|  95|0x000000070f300000, 0x000000070f300000, 0x000000070f400000|  0%| F|  |TAMS 0x000000070f300000, 0x000000070f300000| Untracked 
|  96|0x000000070f400000, 0x000000070f400000, 0x000000070f500000|  0%| F|  |TAMS 0x000000070f400000, 0x000000070f400000| Untracked 
|  97|0x000000070f500000, 0x000000070f500000, 0x000000070f600000|  0%| F|  |TAMS 0x000000070f500000, 0x000000070f500000| Untracked 
|  98|0x000000070f600000, 0x000000070f600000, 0x000000070f700000|  0%| F|  |TAMS 0x000000070f600000, 0x000000070f600000| Untracked 
|  99|0x000000070f700000, 0x000000070f700000, 0x000000070f800000|  0%| F|  |TAMS 0x000000070f700000, 0x000000070f700000| Untracked 
| 100|0x000000070f800000, 0x000000070f800000, 0x000000070f900000|  0%| F|  |TAMS 0x000000070f800000, 0x000000070f800000| Untracked 
| 101|0x000000070f900000, 0x000000070f900000, 0x000000070fa00000|  0%| F|  |TAMS 0x000000070f900000, 0x000000070f900000| Untracked 
| 102|0x000000070fa00000, 0x000000070fa00000, 0x000000070fb00000|  0%| F|  |TAMS 0x000000070fa00000, 0x000000070fa00000| Untracked 
| 103|0x000000070fb00000, 0x000000070fb00000, 0x000000070fc00000|  0%| F|  |TAMS 0x000000070fb00000, 0x000000070fb00000| Untracked 
| 104|0x000000070fc00000, 0x000000070fc00000, 0x000000070fd00000|  0%| F|  |TAMS 0x000000070fc00000, 0x000000070fc00000| Untracked 
| 105|0x000000070fd00000, 0x000000070fd00000, 0x000000070fe00000|  0%| F|  |TAMS 0x000000070fd00000, 0x000000070fd00000| Untracked 
| 106|0x000000070fe00000, 0x000000070fe00000, 0x000000070ff00000|  0%| F|  |TAMS 0x000000070fe00000, 0x000000070fe00000| Untracked 
| 107|0x000000070ff00000, 0x000000070ff00000, 0x0000000710000000|  0%| F|  |TAMS 0x000000070ff00000, 0x000000070ff00000| Untracked 
| 108|0x0000000710000000, 0x0000000710000000, 0x0000000710100000|  0%| F|  |TAMS 0x0000000710000000, 0x0000000710000000| Untracked 
| 109|0x0000000710100000, 0x0000000710100000, 0x0000000710200000|  0%| F|  |TAMS 0x0000000710100000, 0x0000000710100000| Untracked 
| 110|0x0000000710200000, 0x0000000710200000, 0x0000000710300000|  0%| F|  |TAMS 0x0000000710200000, 0x0000000710200000| Untracked 
| 111|0x0000000710300000, 0x0000000710300000, 0x0000000710400000|  0%| F|  |TAMS 0x0000000710300000, 0x0000000710300000| Untracked 
| 112|0x0000000710400000, 0x0000000710400000, 0x0000000710500000|  0%| F|  |TAMS 0x0000000710400000, 0x0000000710400000| Untracked 
| 113|0x0000000710500000, 0x0000000710500000, 0x0000000710600000|  0%| F|  |TAMS 0x0000000710500000, 0x0000000710500000| Untracked 
| 114|0x0000000710600000, 0x0000000710600000, 0x0000000710700000|  0%| F|  |TAMS 0x0000000710600000, 0x0000000710600000| Untracked 
| 115|0x0000000710700000, 0x0000000710700000, 0x0000000710800000|  0%| F|  |TAMS 0x0000000710700000, 0x0000000710700000| Untracked 
| 116|0x0000000710800000, 0x0000000710800000, 0x0000000710900000|  0%| F|  |TAMS 0x0000000710800000, 0x0000000710800000| Untracked 
| 117|0x0000000710900000, 0x0000000710900000, 0x0000000710a00000|  0%| F|  |TAMS 0x0000000710900000, 0x0000000710900000| Untracked 
| 118|0x0000000710a00000, 0x0000000710a00000, 0x0000000710b00000|  0%| F|  |TAMS 0x0000000710a00000, 0x0000000710a00000| Untracked 
| 119|0x0000000710b00000, 0x0000000710b00000, 0x0000000710c00000|  0%| F|  |TAMS 0x0000000710b00000, 0x0000000710b00000| Untracked 
| 120|0x0000000710c00000, 0x0000000710c00000, 0x0000000710d00000|  0%| F|  |TAMS 0x0000000710c00000, 0x0000000710c00000| Untracked 
| 121|0x0000000710d00000, 0x0000000710d00000, 0x0000000710e00000|  0%| F|  |TAMS 0x0000000710d00000, 0x0000000710d00000| Untracked 
| 122|0x0000000710e00000, 0x0000000710e00000, 0x0000000710f00000|  0%| F|  |TAMS 0x0000000710e00000, 0x0000000710e00000| Untracked 
| 123|0x0000000710f00000, 0x0000000710f00000, 0x0000000711000000|  0%| F|  |TAMS 0x0000000710f00000, 0x0000000710f00000| Untracked 
| 124|0x0000000711000000, 0x0000000711000000, 0x0000000711100000|  0%| F|  |TAMS 0x0000000711000000, 0x0000000711000000| Untracked 
| 125|0x0000000711100000, 0x0000000711100000, 0x0000000711200000|  0%| F|  |TAMS 0x0000000711100000, 0x0000000711100000| Untracked 
| 126|0x0000000711200000, 0x0000000711200000, 0x0000000711300000|  0%| F|  |TAMS 0x0000000711200000, 0x0000000711200000| Untracked 
| 127|0x0000000711300000, 0x0000000711300000, 0x0000000711400000|  0%| F|  |TAMS 0x0000000711300000, 0x0000000711300000| Untracked 
| 128|0x0000000711400000, 0x0000000711400000, 0x0000000711500000|  0%| F|  |TAMS 0x0000000711400000, 0x0000000711400000| Untracked 
| 129|0x0000000711500000, 0x0000000711500000, 0x0000000711600000|  0%| F|  |TAMS 0x0000000711500000, 0x0000000711500000| Untracked 
| 130|0x0000000711600000, 0x0000000711600000, 0x0000000711700000|  0%| F|  |TAMS 0x0000000711600000, 0x0000000711600000| Untracked 
| 131|0x0000000711700000, 0x0000000711700000, 0x0000000711800000|  0%| F|  |TAMS 0x0000000711700000, 0x0000000711700000| Untracked 
| 132|0x0000000711800000, 0x0000000711800000, 0x0000000711900000|  0%| F|  |TAMS 0x0000000711800000, 0x0000000711800000| Untracked 
| 133|0x0000000711900000, 0x0000000711900000, 0x0000000711a00000|  0%| F|  |TAMS 0x0000000711900000, 0x0000000711900000| Untracked 
| 134|0x0000000711a00000, 0x0000000711a00000, 0x0000000711b00000|  0%| F|  |TAMS 0x0000000711a00000, 0x0000000711a00000| Untracked 
| 135|0x0000000711b00000, 0x0000000711b00000, 0x0000000711c00000|  0%| F|  |TAMS 0x0000000711b00000, 0x0000000711b00000| Untracked 
| 136|0x0000000711c00000, 0x0000000711c00000, 0x0000000711d00000|  0%| F|  |TAMS 0x0000000711c00000, 0x0000000711c00000| Untracked 
| 137|0x0000000711d00000, 0x0000000711d00000, 0x0000000711e00000|  0%| F|  |TAMS 0x0000000711d00000, 0x0000000711d00000| Untracked 
| 138|0x0000000711e00000, 0x0000000711e00000, 0x0000000711f00000|  0%| F|  |TAMS 0x0000000711e00000, 0x0000000711e00000| Untracked 
| 139|0x0000000711f00000, 0x0000000711f00000, 0x0000000712000000|  0%| F|  |TAMS 0x0000000711f00000, 0x0000000711f00000| Untracked 
| 140|0x0000000712000000, 0x0000000712000000, 0x0000000712100000|  0%| F|  |TAMS 0x0000000712000000, 0x0000000712000000| Untracked 
| 141|0x0000000712100000, 0x0000000712100000, 0x0000000712200000|  0%| F|  |TAMS 0x0000000712100000, 0x0000000712100000| Untracked 
| 142|0x0000000712200000, 0x0000000712200000, 0x0000000712300000|  0%| F|  |TAMS 0x0000000712200000, 0x0000000712200000| Untracked 
| 143|0x0000000712300000, 0x0000000712300000, 0x0000000712400000|  0%| F|  |TAMS 0x0000000712300000, 0x0000000712300000| Untracked 
| 144|0x0000000712400000, 0x0000000712400000, 0x0000000712500000|  0%| F|  |TAMS 0x0000000712400000, 0x0000000712400000| Untracked 
| 145|0x0000000712500000, 0x0000000712500000, 0x0000000712600000|  0%| F|  |TAMS 0x0000000712500000, 0x0000000712500000| Untracked 
| 146|0x0000000712600000, 0x0000000712600000, 0x0000000712700000|  0%| F|  |TAMS 0x0000000712600000, 0x0000000712600000| Untracked 
| 147|0x0000000712700000, 0x0000000712700000, 0x0000000712800000|  0%| F|  |TAMS 0x0000000712700000, 0x0000000712700000| Untracked 
| 148|0x0000000712800000, 0x0000000712800000, 0x0000000712900000|  0%| F|  |TAMS 0x0000000712800000, 0x0000000712800000| Untracked 
| 149|0x0000000712900000, 0x0000000712900000, 0x0000000712a00000|  0%| F|  |TAMS 0x0000000712900000, 0x0000000712900000| Untracked 
| 150|0x0000000712a00000, 0x0000000712a00000, 0x0000000712b00000|  0%| F|  |TAMS 0x0000000712a00000, 0x0000000712a00000| Untracked 
| 151|0x0000000712b00000, 0x0000000712b00000, 0x0000000712c00000|  0%| F|  |TAMS 0x0000000712b00000, 0x0000000712b00000| Untracked 
| 152|0x0000000712c00000, 0x0000000712c00000, 0x0000000712d00000|  0%| F|  |TAMS 0x0000000712c00000, 0x0000000712c00000| Untracked 
| 153|0x0000000712d00000, 0x0000000712d00000, 0x0000000712e00000|  0%| F|  |TAMS 0x0000000712d00000, 0x0000000712d00000| Untracked 
| 154|0x0000000712e00000, 0x0000000712e00000, 0x0000000712f00000|  0%| F|  |TAMS 0x0000000712e00000, 0x0000000712e00000| Untracked 
| 155|0x0000000712f00000, 0x0000000712f00000, 0x0000000713000000|  0%| F|  |TAMS 0x0000000712f00000, 0x0000000712f00000| Untracked 
| 156|0x0000000713000000, 0x0000000713000000, 0x0000000713100000|  0%| F|  |TAMS 0x0000000713000000, 0x0000000713000000| Untracked 
| 157|0x0000000713100000, 0x0000000713100000, 0x0000000713200000|  0%| F|  |TAMS 0x0000000713100000, 0x0000000713100000| Untracked 
| 158|0x0000000713200000, 0x0000000713200000, 0x0000000713300000|  0%| F|  |TAMS 0x0000000713200000, 0x0000000713200000| Untracked 
| 159|0x0000000713300000, 0x0000000713300000, 0x0000000713400000|  0%| F|  |TAMS 0x0000000713300000, 0x0000000713300000| Untracked 
| 160|0x0000000713400000, 0x0000000713400000, 0x0000000713500000|  0%| F|  |TAMS 0x0000000713400000, 0x0000000713400000| Untracked 
| 161|0x0000000713500000, 0x0000000713500000, 0x0000000713600000|  0%| F|  |TAMS 0x0000000713500000, 0x0000000713500000| Untracked 
| 162|0x0000000713600000, 0x0000000713600000, 0x0000000713700000|  0%| F|  |TAMS 0x0000000713600000, 0x0000000713600000| Untracked 
| 163|0x0000000713700000, 0x0000000713700000, 0x0000000713800000|  0%| F|  |TAMS 0x0000000713700000, 0x0000000713700000| Untracked 
| 164|0x0000000713800000, 0x0000000713800000, 0x0000000713900000|  0%| F|  |TAMS 0x0000000713800000, 0x0000000713800000| Untracked 
| 165|0x0000000713900000, 0x0000000713900000, 0x0000000713a00000|  0%| F|  |TAMS 0x0000000713900000, 0x0000000713900000| Untracked 
| 166|0x0000000713a00000, 0x0000000713a00000, 0x0000000713b00000|  0%| F|  |TAMS 0x0000000713a00000, 0x0000000713a00000| Untracked 
| 167|0x0000000713b00000, 0x0000000713b00000, 0x0000000713c00000|  0%| F|  |TAMS 0x0000000713b00000, 0x0000000713b00000| Untracked 
| 168|0x0000000713c00000, 0x0000000713c00000, 0x0000000713d00000|  0%| F|  |TAMS 0x0000000713c00000, 0x0000000713c00000| Untracked 
| 169|0x0000000713d00000, 0x0000000713d00000, 0x0000000713e00000|  0%| F|  |TAMS 0x0000000713d00000, 0x0000000713d00000| Untracked 
| 170|0x0000000713e00000, 0x0000000713e00000, 0x0000000713f00000|  0%| F|  |TAMS 0x0000000713e00000, 0x0000000713e00000| Untracked 
| 171|0x0000000713f00000, 0x0000000713f00000, 0x0000000714000000|  0%| F|  |TAMS 0x0000000713f00000, 0x0000000713f00000| Untracked 
| 172|0x0000000714000000, 0x0000000714000000, 0x0000000714100000|  0%| F|  |TAMS 0x0000000714000000, 0x0000000714000000| Untracked 
| 173|0x0000000714100000, 0x0000000714100000, 0x0000000714200000|  0%| F|  |TAMS 0x0000000714100000, 0x0000000714100000| Untracked 
| 174|0x0000000714200000, 0x0000000714200000, 0x0000000714300000|  0%| F|  |TAMS 0x0000000714200000, 0x0000000714200000| Untracked 
| 175|0x0000000714300000, 0x0000000714300000, 0x0000000714400000|  0%| F|  |TAMS 0x0000000714300000, 0x0000000714300000| Untracked 
| 176|0x0000000714400000, 0x0000000714400000, 0x0000000714500000|  0%| F|  |TAMS 0x0000000714400000, 0x0000000714400000| Untracked 
| 177|0x0000000714500000, 0x0000000714500000, 0x0000000714600000|  0%| F|  |TAMS 0x0000000714500000, 0x0000000714500000| Untracked 
| 178|0x0000000714600000, 0x0000000714600000, 0x0000000714700000|  0%| F|  |TAMS 0x0000000714600000, 0x0000000714600000| Untracked 
| 179|0x0000000714700000, 0x0000000714700000, 0x0000000714800000|  0%| F|  |TAMS 0x0000000714700000, 0x0000000714700000| Untracked 
| 180|0x0000000714800000, 0x0000000714800000, 0x0000000714900000|  0%| F|  |TAMS 0x0000000714800000, 0x0000000714800000| Untracked 
| 181|0x0000000714900000, 0x0000000714900000, 0x0000000714a00000|  0%| F|  |TAMS 0x0000000714900000, 0x0000000714900000| Untracked 
| 182|0x0000000714a00000, 0x0000000714a00000, 0x0000000714b00000|  0%| F|  |TAMS 0x0000000714a00000, 0x0000000714a00000| Untracked 
| 183|0x0000000714b00000, 0x0000000714b00000, 0x0000000714c00000|  0%| F|  |TAMS 0x0000000714b00000, 0x0000000714b00000| Untracked 
| 184|0x0000000714c00000, 0x0000000714c00000, 0x0000000714d00000|  0%| F|  |TAMS 0x0000000714c00000, 0x0000000714c00000| Untracked 
| 185|0x0000000714d00000, 0x0000000714d00000, 0x0000000714e00000|  0%| F|  |TAMS 0x0000000714d00000, 0x0000000714d00000| Untracked 
| 186|0x0000000714e00000, 0x0000000714e00000, 0x0000000714f00000|  0%| F|  |TAMS 0x0000000714e00000, 0x0000000714e00000| Untracked 
| 187|0x0000000714f00000, 0x0000000714f00000, 0x0000000715000000|  0%| F|  |TAMS 0x0000000714f00000, 0x0000000714f00000| Untracked 
| 188|0x0000000715000000, 0x0000000715000000, 0x0000000715100000|  0%| F|  |TAMS 0x0000000715000000, 0x0000000715000000| Untracked 
| 189|0x0000000715100000, 0x0000000715100000, 0x0000000715200000|  0%| F|  |TAMS 0x0000000715100000, 0x0000000715100000| Untracked 
| 190|0x0000000715200000, 0x0000000715200000, 0x0000000715300000|  0%| F|  |TAMS 0x0000000715200000, 0x0000000715200000| Untracked 
| 191|0x0000000715300000, 0x0000000715300000, 0x0000000715400000|  0%| F|  |TAMS 0x0000000715300000, 0x0000000715300000| Untracked 
| 192|0x0000000715400000, 0x0000000715400000, 0x0000000715500000|  0%| F|  |TAMS 0x0000000715400000, 0x0000000715400000| Untracked 
| 193|0x0000000715500000, 0x0000000715500000, 0x0000000715600000|  0%| F|  |TAMS 0x0000000715500000, 0x0000000715500000| Untracked 
| 194|0x0000000715600000, 0x0000000715600000, 0x0000000715700000|  0%| F|  |TAMS 0x0000000715600000, 0x0000000715600000| Untracked 
| 195|0x0000000715700000, 0x0000000715700000, 0x0000000715800000|  0%| F|  |TAMS 0x0000000715700000, 0x0000000715700000| Untracked 
| 196|0x0000000715800000, 0x0000000715800000, 0x0000000715900000|  0%| F|  |TAMS 0x0000000715800000, 0x0000000715800000| Untracked 
| 197|0x0000000715900000, 0x0000000715900000, 0x0000000715a00000|  0%| F|  |TAMS 0x0000000715900000, 0x0000000715900000| Untracked 
| 198|0x0000000715a00000, 0x0000000715a00000, 0x0000000715b00000|  0%| F|  |TAMS 0x0000000715a00000, 0x0000000715a00000| Untracked 
| 199|0x0000000715b00000, 0x0000000715b00000, 0x0000000715c00000|  0%| F|  |TAMS 0x0000000715b00000, 0x0000000715b00000| Untracked 
| 200|0x0000000715c00000, 0x0000000715c00000, 0x0000000715d00000|  0%| F|  |TAMS 0x0000000715c00000, 0x0000000715c00000| Untracked 
| 201|0x0000000715d00000, 0x0000000715d00000, 0x0000000715e00000|  0%| F|  |TAMS 0x0000000715d00000, 0x0000000715d00000| Untracked 
| 202|0x0000000715e00000, 0x0000000715e00000, 0x0000000715f00000|  0%| F|  |TAMS 0x0000000715e00000, 0x0000000715e00000| Untracked 
| 203|0x0000000715f00000, 0x0000000715f00000, 0x0000000716000000|  0%| F|  |TAMS 0x0000000715f00000, 0x0000000715f00000| Untracked 
| 204|0x0000000716000000, 0x0000000716000000, 0x0000000716100000|  0%| F|  |TAMS 0x0000000716000000, 0x0000000716000000| Untracked 
| 205|0x0000000716100000, 0x0000000716100000, 0x0000000716200000|  0%| F|  |TAMS 0x0000000716100000, 0x0000000716100000| Untracked 
| 206|0x0000000716200000, 0x0000000716200000, 0x0000000716300000|  0%| F|  |TAMS 0x0000000716200000, 0x0000000716200000| Untracked 
| 207|0x0000000716300000, 0x0000000716300000, 0x0000000716400000|  0%| F|  |TAMS 0x0000000716300000, 0x0000000716300000| Untracked 
| 208|0x0000000716400000, 0x0000000716400000, 0x0000000716500000|  0%| F|  |TAMS 0x0000000716400000, 0x0000000716400000| Untracked 
| 209|0x0000000716500000, 0x0000000716500000, 0x0000000716600000|  0%| F|  |TAMS 0x0000000716500000, 0x0000000716500000| Untracked 
| 210|0x0000000716600000, 0x0000000716600000, 0x0000000716700000|  0%| F|  |TAMS 0x0000000716600000, 0x0000000716600000| Untracked 
| 211|0x0000000716700000, 0x0000000716700000, 0x0000000716800000|  0%| F|  |TAMS 0x0000000716700000, 0x0000000716700000| Untracked 
| 212|0x0000000716800000, 0x0000000716800000, 0x0000000716900000|  0%| F|  |TAMS 0x0000000716800000, 0x0000000716800000| Untracked 
| 213|0x0000000716900000, 0x0000000716900000, 0x0000000716a00000|  0%| F|  |TAMS 0x0000000716900000, 0x0000000716900000| Untracked 
| 214|0x0000000716a00000, 0x0000000716a00000, 0x0000000716b00000|  0%| F|  |TAMS 0x0000000716a00000, 0x0000000716a00000| Untracked 
| 215|0x0000000716b00000, 0x0000000716b00000, 0x0000000716c00000|  0%| F|  |TAMS 0x0000000716b00000, 0x0000000716b00000| Untracked 
| 216|0x0000000716c00000, 0x0000000716c00000, 0x0000000716d00000|  0%| F|  |TAMS 0x0000000716c00000, 0x0000000716c00000| Untracked 
| 217|0x0000000716d00000, 0x0000000716d00000, 0x0000000716e00000|  0%| F|  |TAMS 0x0000000716d00000, 0x0000000716d00000| Untracked 
| 218|0x0000000716e00000, 0x0000000716e00000, 0x0000000716f00000|  0%| F|  |TAMS 0x0000000716e00000, 0x0000000716e00000| Untracked 
| 219|0x0000000716f00000, 0x0000000716f00000, 0x0000000717000000|  0%| F|  |TAMS 0x0000000716f00000, 0x0000000716f00000| Untracked 
| 220|0x0000000717000000, 0x0000000717100000, 0x0000000717100000|100%| S|CS|TAMS 0x0000000717000000, 0x0000000717000000| Complete 
| 221|0x0000000717100000, 0x0000000717100000, 0x0000000717200000|  0%| F|  |TAMS 0x0000000717100000, 0x0000000717100000| Untracked 
| 222|0x0000000717200000, 0x0000000717200000, 0x0000000717300000|  0%| F|  |TAMS 0x0000000717200000, 0x0000000717200000| Untracked 
| 223|0x0000000717300000, 0x0000000717300000, 0x0000000717400000|  0%| F|  |TAMS 0x0000000717300000, 0x0000000717300000| Untracked 
| 224|0x0000000717400000, 0x0000000717500000, 0x0000000717500000|100%| S|CS|TAMS 0x0000000717400000, 0x0000000717400000| Complete 
| 225|0x0000000717500000, 0x0000000717600000, 0x0000000717600000|100%| S|CS|TAMS 0x0000000717500000, 0x0000000717500000| Complete 
| 226|0x0000000717600000, 0x0000000717700000, 0x0000000717700000|100%| S|CS|TAMS 0x0000000717600000, 0x0000000717600000| Complete 
| 227|0x0000000717700000, 0x0000000717800000, 0x0000000717800000|100%| S|CS|TAMS 0x0000000717700000, 0x0000000717700000| Complete 
| 228|0x0000000717800000, 0x0000000717800000, 0x0000000717900000|  0%| F|  |TAMS 0x0000000717800000, 0x0000000717800000| Untracked 
| 229|0x0000000717900000, 0x0000000717900000, 0x0000000717a00000|  0%| F|  |TAMS 0x0000000717900000, 0x0000000717900000| Untracked 
| 230|0x0000000717a00000, 0x0000000717a00000, 0x0000000717b00000|  0%| F|  |TAMS 0x0000000717a00000, 0x0000000717a00000| Untracked 
| 231|0x0000000717b00000, 0x0000000717b00000, 0x0000000717c00000|  0%| F|  |TAMS 0x0000000717b00000, 0x0000000717b00000| Untracked 
| 232|0x0000000717c00000, 0x0000000717c00000, 0x0000000717d00000|  0%| F|  |TAMS 0x0000000717c00000, 0x0000000717c00000| Untracked 
| 233|0x0000000717d00000, 0x0000000717d00000, 0x0000000717e00000|  0%| F|  |TAMS 0x0000000717d00000, 0x0000000717d00000| Untracked 
| 234|0x0000000717e00000, 0x0000000717e00000, 0x0000000717f00000|  0%| F|  |TAMS 0x0000000717e00000, 0x0000000717e00000| Untracked 
| 235|0x0000000717f00000, 0x0000000717f00000, 0x0000000718000000|  0%| F|  |TAMS 0x0000000717f00000, 0x0000000717f00000| Untracked 
| 236|0x0000000718000000, 0x0000000718000000, 0x0000000718100000|  0%| F|  |TAMS 0x0000000718000000, 0x0000000718000000| Untracked 
| 237|0x0000000718100000, 0x0000000718100000, 0x0000000718200000|  0%| F|  |TAMS 0x0000000718100000, 0x0000000718100000| Untracked 
| 238|0x0000000718200000, 0x0000000718200000, 0x0000000718300000|  0%| F|  |TAMS 0x0000000718200000, 0x0000000718200000| Untracked 
| 239|0x0000000718300000, 0x0000000718300000, 0x0000000718400000|  0%| F|  |TAMS 0x0000000718300000, 0x0000000718300000| Untracked 
| 240|0x0000000718400000, 0x0000000718400000, 0x0000000718500000|  0%| F|  |TAMS 0x0000000718400000, 0x0000000718400000| Untracked 
| 241|0x0000000718500000, 0x0000000718500000, 0x0000000718600000|  0%| F|  |TAMS 0x0000000718500000, 0x0000000718500000| Untracked 
| 242|0x0000000718600000, 0x0000000718600000, 0x0000000718700000|  0%| F|  |TAMS 0x0000000718600000, 0x0000000718600000| Untracked 
| 243|0x0000000718700000, 0x0000000718700000, 0x0000000718800000|  0%| F|  |TAMS 0x0000000718700000, 0x0000000718700000| Untracked 
| 244|0x0000000718800000, 0x0000000718800000, 0x0000000718900000|  0%| F|  |TAMS 0x0000000718800000, 0x0000000718800000| Untracked 
| 245|0x0000000718900000, 0x0000000718900000, 0x0000000718a00000|  0%| F|  |TAMS 0x0000000718900000, 0x0000000718900000| Untracked 
| 246|0x0000000718a00000, 0x0000000718a00000, 0x0000000718b00000|  0%| F|  |TAMS 0x0000000718a00000, 0x0000000718a00000| Untracked 
| 247|0x0000000718b00000, 0x0000000718b00000, 0x0000000718c00000|  0%| F|  |TAMS 0x0000000718b00000, 0x0000000718b00000| Untracked 

Card table byte_map: [0x000001c1d2140000,0x000001c1d2900000] _byte_map_base: 0x000001c1ce8f6000

Marking Bits (Prev, Next): (CMBitMap*) 0x000001c1be9835f8, (CMBitMap*) 0x000001c1be983630
 Prev Bits: [0x000001c1d30c0000, 0x000001c1d6e70000)
 Next Bits: [0x000001c1d6e70000, 0x000001c1dac20000)

Polling page: 0x000001c1bcab0000

Metaspace:

Usage:
  Non-class:     13.98 MB capacity,    13.94 MB (>99%) used,    23.52 KB ( <1%) free+waste,    14.69 KB ( <1%) overhead. 
      Class:      1.56 MB capacity,     1.51 MB ( 97%) used,    42.30 KB (  3%) free+waste,     5.50 KB ( <1%) overhead. 
       Both:     15.54 MB capacity,    15.45 MB (>99%) used,    65.83 KB ( <1%) free+waste,    20.19 KB ( <1%) overhead. 

Virtual space:
  Non-class space:       32.00 MB reserved,      14.00 MB ( 44%) committed 
      Class space:        1.00 GB reserved,       1.63 MB ( <1%) committed 
             Both:        1.03 GB reserved,      15.63 MB (  1%) committed 

Chunk freelists:
   Non-Class:  22.00 KB
       Class:  5.00 KB
        Both:  27.00 KB

MaxMetaspaceSize: 17179869184.00 GB
CompressedClassSpaceSize: 1.00 GB
Initial GC threshold: 20.80 MB
Current GC threshold: 21.12 MB
CDS: off

CodeHeap 'non-profiled nmethods': size=120000Kb used=424Kb max_used=424Kb free=119576Kb
 bounds [0x000001c1c9f00000, 0x000001c1ca170000, 0x000001c1d1430000]
CodeHeap 'profiled nmethods': size=120000Kb used=2561Kb max_used=2561Kb free=117438Kb
 bounds [0x000001c1c29d0000, 0x000001c1c2c60000, 0x000001c1c9f00000]
CodeHeap 'non-nmethods': size=5760Kb used=1172Kb max_used=1183Kb free=4587Kb
 bounds [0x000001c1c2430000, 0x000001c1c26a0000, 0x000001c1c29d0000]
 total_blobs=1785 nmethods=1363 adapters=334
 compilation: enabled
              stopped_count=0, restarted_count=0
 full_count=0

Compilation events (20 events):
Event: 0.786 Thread 0x000001c1de2ba800 nmethod 1347 0x000001c1c2c4c690 code [0x000001c1c2c4c940, 0x000001c1c2c4d548]
Event: 0.786 Thread 0x000001c1de2ba800 1351       3       jdk.internal.org.objectweb.asm.Item::<init> (66 bytes)
Event: 0.786 Thread 0x000001c1de2ba800 nmethod 1351 0x000001c1c2c4da10 code [0x000001c1c2c4dbe0, 0x000001c1c2c4deb8]
Event: 0.786 Thread 0x000001c1de2ba800 1352       3       jdk.internal.org.objectweb.asm.ClassWriter::put (152 bytes)
Event: 0.786 Thread 0x000001c1de2ba800 nmethod 1352 0x000001c1c2c4df90 code [0x000001c1c2c4e1c0, 0x000001c1c2c4ea98]
Event: 0.786 Thread 0x000001c1de2ba800 1354       3       jdk.internal.org.objectweb.asm.ByteVector::putByte (39 bytes)
Event: 0.787 Thread 0x000001c1de2ba800 nmethod 1354 0x000001c1c2c4ed90 code [0x000001c1c2c4ef60, 0x000001c1c2c4f148]
Event: 0.787 Thread 0x000001c1de2ba800 1350       3       java.lang.invoke.LambdaForm::argument (27 bytes)
Event: 0.787 Thread 0x000001c1de2ba800 nmethod 1350 0x000001c1c2c4f290 code [0x000001c1c2c4f460, 0x000001c1c2c4f728]
Event: 0.787 Thread 0x000001c1de2ba800 1349       3       java.lang.invoke.MemberName::initResolved (53 bytes)
Event: 0.787 Thread 0x000001c1de2ba800 nmethod 1349 0x000001c1c2c4f910 code [0x000001c1c2c4fac0, 0x000001c1c2c4fc78]
Event: 0.787 Thread 0x000001c1de2ba800 1353       1       java.lang.invoke.MethodTypeForm::erasedType (5 bytes)
Event: 0.787 Thread 0x000001c1de2ba800 nmethod 1353 0x000001c1c9f69110 code [0x000001c1c9f692c0, 0x000001c1c9f69378]
Event: 0.787 Thread 0x000001c1de2ba800 1359       3       sun.invoke.util.Wrapper::isDoubleWord (15 bytes)
Event: 0.787 Thread 0x000001c1de2ba800 nmethod 1359 0x000001c1c2c4fd10 code [0x000001c1c2c4fec0, 0x000001c1c2c50018]
Event: 0.787 Thread 0x000001c1de2ba800 1361       3       java.lang.invoke.LambdaForm$Name::initIndex (26 bytes)
Event: 0.787 Thread 0x000001c1de2ba800 nmethod 1361 0x000001c1c2c50090 code [0x000001c1c2c50240, 0x000001c1c2c503d8]
Event: 0.787 Thread 0x000001c1de2ba800 1358       1       java.lang.invoke.LambdaForm$Name::index (5 bytes)
Event: 0.787 Thread 0x000001c1de2ba800 nmethod 1358 0x000001c1c9f69710 code [0x000001c1c9f698c0, 0x000001c1c9f69978]
Event: 0.787 Thread 0x000001c1de2ba800 1364       3       sun.invoke.util.VerifyAccess::isTypeVisible (118 bytes)

GC Heap History (4 events):
Event: 0.463 GC heap before
{Heap before GC invocations=0 (full 0):
 garbage-first heap   total 253952K, used 27648K [0x0000000709400000, 0x0000000800000000)
  region size 1024K, 24 young (24576K), 0 survivors (0K)
 Metaspace       used 12374K, capacity 12504K, committed 12800K, reserved 1060864K
  class space    used 1166K, capacity 1207K, committed 1280K, reserved 1048576K
}
Event: 0.466 GC heap after
{Heap after GC invocations=1 (full 0):
 garbage-first heap   total 253952K, used 5730K [0x0000000709400000, 0x0000000800000000)
  region size 1024K, 3 young (3072K), 3 survivors (3072K)
 Metaspace       used 12374K, capacity 12504K, committed 12800K, reserved 1060864K
  class space    used 1166K, capacity 1207K, committed 1280K, reserved 1048576K
}
Event: 0.788 GC heap before
{Heap before GC invocations=1 (full 0):
 garbage-first heap   total 253952K, used 25186K [0x0000000709400000, 0x0000000800000000)
  region size 1024K, 23 young (23552K), 3 survivors (3072K)
 Metaspace       used 15822K, capacity 15909K, committed 16000K, reserved 1079296K
  class space    used 1547K, capacity 1595K, committed 1664K, reserved 1048576K
}
Event: 0.791 GC heap after
{Heap after GC invocations=2 (full 0):
 garbage-first heap   total 253952K, used 8192K [0x0000000709400000, 0x0000000800000000)
  region size 1024K, 5 young (5120K), 5 survivors (5120K)
 Metaspace       used 15822K, capacity 15909K, committed 16000K, reserved 1079296K
  class space    used 1547K, capacity 1595K, committed 1664K, reserved 1048576K
}

Deoptimization events (20 events):
Event: 0.661 Thread 0x000001c1be921000 Uncommon trap: trap_request=0xffffffc6 fr.pc=0x000001c1c9f369f4 relative=0x0000000000000394
Event: 0.661 Thread 0x000001c1be921000 Uncommon trap: reason=bimorphic_or_optimized_type_check action=maybe_recompile pc=0x000001c1c9f369f4 method=java.util.HashMap.getNode(ILjava/lang/Object;)Ljava/util/HashMap$Node; @ 126 c2
Event: 0.661 Thread 0x000001c1be921000 DEOPT PACKING pc=0x000001c1c9f369f4 sp=0x00000023e55fc8f0
Event: 0.661 Thread 0x000001c1be921000 DEOPT UNPACKING pc=0x000001c1c247a1af sp=0x00000023e55fc868 mode 2
Event: 0.661 Thread 0x000001c1be921000 Uncommon trap: trap_request=0xffffffc6 fr.pc=0x000001c1c9f369f4 relative=0x0000000000000394
Event: 0.661 Thread 0x000001c1be921000 Uncommon trap: reason=bimorphic_or_optimized_type_check action=maybe_recompile pc=0x000001c1c9f369f4 method=java.util.HashMap.getNode(ILjava/lang/Object;)Ljava/util/HashMap$Node; @ 126 c2
Event: 0.661 Thread 0x000001c1be921000 DEOPT PACKING pc=0x000001c1c9f369f4 sp=0x00000023e55fca30
Event: 0.661 Thread 0x000001c1be921000 DEOPT UNPACKING pc=0x000001c1c247a1af sp=0x00000023e55fc9a8 mode 2
Event: 0.671 Thread 0x000001c1be921000 Uncommon trap: trap_request=0xffffffc6 fr.pc=0x000001c1c9f369f4 relative=0x0000000000000394
Event: 0.671 Thread 0x000001c1be921000 Uncommon trap: reason=bimorphic_or_optimized_type_check action=maybe_recompile pc=0x000001c1c9f369f4 method=java.util.HashMap.getNode(ILjava/lang/Object;)Ljava/util/HashMap$Node; @ 126 c2
Event: 0.671 Thread 0x000001c1be921000 DEOPT PACKING pc=0x000001c1c9f369f4 sp=0x00000023e55fcac0
Event: 0.671 Thread 0x000001c1be921000 DEOPT UNPACKING pc=0x000001c1c247a1af sp=0x00000023e55fca38 mode 2
Event: 0.768 Thread 0x000001c1be921000 Uncommon trap: trap_request=0xffffff4d fr.pc=0x000001c1c9f47ff4 relative=0x00000000000001d4
Event: 0.768 Thread 0x000001c1be921000 Uncommon trap: reason=unstable_if action=reinterpret pc=0x000001c1c9f47ff4 method=java.lang.String.startsWith(Ljava/lang/String;I)Z @ 14 c2
Event: 0.768 Thread 0x000001c1be921000 DEOPT PACKING pc=0x000001c1c9f47ff4 sp=0x00000023e55ff050
Event: 0.768 Thread 0x000001c1be921000 DEOPT UNPACKING pc=0x000001c1c247a1af sp=0x00000023e55fef60 mode 2
Event: 0.768 Thread 0x000001c1be921000 Uncommon trap: trap_request=0xffffff4d fr.pc=0x000001c1c9f248f4 relative=0x0000000000000234
Event: 0.768 Thread 0x000001c1be921000 Uncommon trap: reason=unstable_if action=reinterpret pc=0x000001c1c9f248f4 method=java.lang.String.startsWith(Ljava/lang/String;I)Z @ 14 c2
Event: 0.768 Thread 0x000001c1be921000 DEOPT PACKING pc=0x000001c1c9f248f4 sp=0x00000023e55fefe0
Event: 0.768 Thread 0x000001c1be921000 DEOPT UNPACKING pc=0x000001c1c247a1af sp=0x00000023e55fef60 mode 2

Classes redefined (0 events):
No events

Internal exceptions (3 events):
Event: 0.784 Thread 0x000001c1be921000 Exception <a 'java/lang/NoSuchMethodError'{0x000000071787a3f8}: 'int java.lang.invoke.DelegatingMethodHandle$Holder.reinvoke_L(java.lang.Object, java.lang.Object, java.lang.Object, long, int, int)'> (0x000000071787a3f8) thrown at [./src/hotspot/share/interpreter/linkResolver.cpp, line 773]
Event: 0.785 Thread 0x000001c1be921000 Exception <a 'java/lang/NoSuchMethodError'{0x0000000717888140}: 'int java.lang.invoke.DelegatingMethodHandle$Holder.reinvoke_L(java.lang.Object, java.lang.Object, java.lang.Object, long, long, long)'> (0x0000000717888140) thrown at [./src/hotspot/share/interpreter/linkResolver.cpp, line 773]
Event: 0.786 Thread 0x000001c1be921000 Exception <a 'java/lang/NoSuchMethodError'{0x00000007178952f8}: 'int java.lang.invoke.DelegatingMethodHandle$Holder.reinvoke_L(java.lang.Object, java.lang.Object, java.lang.Object, long, java.lang.Object, java.lang.Object)'> (0x00000007178952f8) thrown at [./src/hotspot/share/interpreter/linkResolver.cpp, line 773]

Events (20 events):
Event: 0.780 loading class org/jetbrains/kotlin/com/intellij/util/containers/ConcurrentIntObjectHashMap$Node done
Event: 0.780 loading class org/jetbrains/kotlin/com/intellij/util/containers/IntObjectMap$Entry
Event: 0.780 loading class org/jetbrains/kotlin/com/intellij/util/containers/IntObjectMap$Entry done
Event: 0.780 loading class org/jetbrains/kotlin/com/intellij/util/containers/ConcurrentIntObjectHashMap$TreeNode
Event: 0.780 loading class org/jetbrains/kotlin/com/intellij/util/containers/ConcurrentIntObjectHashMap$TreeNode done
Event: 0.780 loading class org/jetbrains/kotlin/com/intellij/util/containers/ConcurrentIntObjectHashMap$TreeBin
Event: 0.780 loading class org/jetbrains/kotlin/com/intellij/util/containers/ConcurrentIntObjectHashMap$TreeBin done
Event: 0.780 loading class org/jetbrains/kotlin/com/intellij/util/containers/ConcurrentIntObjectHashMap$ForwardingNode
Event: 0.780 loading class org/jetbrains/kotlin/com/intellij/util/containers/ConcurrentIntObjectHashMap$ForwardingNode done
Event: 0.781 loading class org/jetbrains/kotlin/com/intellij/util/concurrency/AtomicFieldUpdater
Event: 0.781 loading class org/jetbrains/kotlin/com/intellij/util/concurrency/AtomicFieldUpdater done
Event: 0.781 loading class sun/misc/Unsafe
Event: 0.781 loading class sun/misc/Unsafe done
Event: 0.781 loading class org/jetbrains/kotlin/com/intellij/util/ReflectionUtil
Event: 0.781 loading class org/jetbrains/kotlin/com/intellij/util/ReflectionUtil done
Event: 0.782 loading class java/util/function/Predicate
Event: 0.782 loading class java/util/function/Predicate done
Event: 0.784 loading class java/lang/invoke/BoundMethodHandle$Species_LL
Event: 0.784 loading class java/lang/invoke/BoundMethodHandle$Species_LL done
Event: 0.788 Executing VM operation: CollectForMetadataAllocation


Dynamic libraries:
0x00007ff610a90000 - 0x00007ff610a9a000 	C:\Program Files\Android\Android Studio\jre\bin\java.exe
0x00007ff9c3950000 - 0x00007ff9c3b47000 	C:\WINDOWS\SYSTEM32\ntdll.dll
0x00007ff99a570000 - 0x00007ff99a586000 	C:\Program Files\Avast Software\Avast\aswhook.dll
0x00007ff9c1e10000 - 0x00007ff9c1ecd000 	C:\WINDOWS\System32\KERNEL32.DLL
0x00007ff9c11d0000 - 0x00007ff9c149d000 	C:\WINDOWS\System32\KERNELBASE.dll
0x00007ff9c1510000 - 0x00007ff9c1610000 	C:\WINDOWS\System32\ucrtbase.dll
0x00007ff960350000 - 0x00007ff960367000 	C:\Program Files\Android\Android Studio\jre\bin\VCRUNTIME140.dll
0x00007ff9553a0000 - 0x00007ff9553b9000 	C:\Program Files\Android\Android Studio\jre\bin\jli.dll
0x00007ff9c1b40000 - 0x00007ff9c1ce0000 	C:\WINDOWS\System32\USER32.dll
0x00007ff9aba70000 - 0x00007ff9abd0a000 	C:\WINDOWS\WinSxS\amd64_microsoft.windows.common-controls_6595b64144ccf1df_6.0.19041.1110_none_60b5254171f9507e\COMCTL32.dll
0x00007ff9c1770000 - 0x00007ff9c1792000 	C:\WINDOWS\System32\win32u.dll
0x00007ff9c3870000 - 0x00007ff9c390e000 	C:\WINDOWS\System32\msvcrt.dll
0x00007ff9c2f00000 - 0x00007ff9c2f2a000 	C:\WINDOWS\System32\GDI32.dll
0x00007ff9c1660000 - 0x00007ff9c176b000 	C:\WINDOWS\System32\gdi32full.dll
0x00007ff9c1850000 - 0x00007ff9c18ed000 	C:\WINDOWS\System32\msvcp_win.dll
0x00007ff9c2780000 - 0x00007ff9c27b0000 	C:\WINDOWS\System32\IMM32.DLL
0x00007ff92f210000 - 0x00007ff92f2ad000 	C:\Program Files\Android\Android Studio\jre\bin\msvcp140.dll
0x00007ff9460a0000 - 0x00007ff946b85000 	C:\Program Files\Android\Android Studio\jre\bin\server\jvm.dll
0x00007ff9c37c0000 - 0x00007ff9c386e000 	C:\WINDOWS\System32\ADVAPI32.dll
0x00007ff9c2b80000 - 0x00007ff9c2c1c000 	C:\WINDOWS\System32\sechost.dll
0x00007ff9c29e0000 - 0x00007ff9c2b05000 	C:\WINDOWS\System32\RPCRT4.dll
0x00007ff9c27b0000 - 0x00007ff9c27b8000 	C:\WINDOWS\System32\PSAPI.DLL
0x00007ff9a9360000 - 0x00007ff9a9369000 	C:\WINDOWS\SYSTEM32\WSOCK32.dll
0x00007ff9b80f0000 - 0x00007ff9b80fa000 	C:\WINDOWS\SYSTEM32\VERSION.dll
0x00007ff9b4640000 - 0x00007ff9b4667000 	C:\WINDOWS\SYSTEM32\WINMM.dll
0x00007ff9c2e90000 - 0x00007ff9c2efb000 	C:\WINDOWS\System32\WS2_32.dll
0x00007ff9bee50000 - 0x00007ff9bee62000 	C:\WINDOWS\SYSTEM32\kernel.appcore.dll
0x00007ff9be880000 - 0x00007ff9be891000 	C:\Program Files\Android\Android Studio\jre\bin\verify.dll
0x00007ff9aebd0000 - 0x00007ff9aedb4000 	C:\WINDOWS\SYSTEM32\DBGHELP.DLL
0x00007ff9aeba0000 - 0x00007ff9aebcc000 	C:\WINDOWS\SYSTEM32\dbgcore.DLL
0x00007ff9c1920000 - 0x00007ff9c19a2000 	C:\WINDOWS\System32\bcryptPrimitives.dll
0x00007ff9bcd10000 - 0x00007ff9bcd39000 	C:\Program Files\Android\Android Studio\jre\bin\java.dll
0x00007ff9bc030000 - 0x00007ff9bc03b000 	C:\Program Files\Android\Android Studio\jre\bin\jimage.dll
0x00007ff9bc010000 - 0x00007ff9bc028000 	C:\Program Files\Android\Android Studio\jre\bin\zip.dll
0x00007ff9c1f60000 - 0x00007ff9c26a4000 	C:\WINDOWS\System32\SHELL32.dll
0x00007ff9bf130000 - 0x00007ff9bf8c4000 	C:\WINDOWS\SYSTEM32\windows.storage.dll
0x00007ff9c2f30000 - 0x00007ff9c3284000 	C:\WINDOWS\System32\combase.dll
0x00007ff9c0920000 - 0x00007ff9c094c000 	C:\WINDOWS\SYSTEM32\Wldp.dll
0x00007ff9c2de0000 - 0x00007ff9c2e8d000 	C:\WINDOWS\System32\SHCORE.dll
0x00007ff9c3290000 - 0x00007ff9c32e5000 	C:\WINDOWS\System32\shlwapi.dll
0x00007ff9c0fb0000 - 0x00007ff9c0fcf000 	C:\WINDOWS\SYSTEM32\profapi.dll
0x00007ff9b7370000 - 0x00007ff9b738a000 	C:\Program Files\Android\Android Studio\jre\bin\net.dll
0x00007ff9b9be0000 - 0x00007ff9b9cea000 	C:\WINDOWS\SYSTEM32\WINHTTP.dll
0x00007ff9c0700000 - 0x00007ff9c076a000 	C:\WINDOWS\system32\mswsock.dll
0x00007ff9b7350000 - 0x00007ff9b7364000 	C:\Program Files\Android\Android Studio\jre\bin\nio.dll

dbghelp: loaded successfully - version: 4.0.5 - missing functions: none
symbol engine: initialized successfully - sym options: 0x614 - pdb path: .;C:\Program Files\Android\Android Studio\jre\bin;C:\WINDOWS\SYSTEM32;C:\Program Files\Avast Software\Avast;C:\WINDOWS\WinSxS\amd64_microsoft.windows.common-controls_6595b64144ccf1df_6.0.19041.1110_none_60b5254171f9507e;C:\Program Files\Android\Android Studio\jre\bin\server

VM Arguments:
java_command: org.jetbrains.kotlin.cli.jvm.K2JVMCompiler @C:\Users\Anikald\AndroidStudioProjects\Vezdekod\Foodies\data\build\20220618_9064448253082626744.compiler.options
java_class_path (initial): C:\Users\Anikald\.gradle\caches\modules-2\files-2.1\org.jetbrains.kotlin\kotlin-compiler-embeddable\1.6.10\88f2073f4020cdb83132cfe940ceb9a60aba54ea\kotlin-compiler-embeddable-1.6.10.jar;C:\Users\Anikald\.gradle\caches\modules-2\files-2.1\org.jetbrains.kotlin\kotlin-reflect\1.6.10\1cbe9c92c12a94eea200d23c2bbaedaf3daf5132\kotlin-reflect-1.6.10.jar;C:\Users\Anikald\.gradle\caches\modules-2\files-2.1\org.jetbrains.kotlin\kotlin-stdlib\1.6.10\b8af3fe6f1ca88526914929add63cf5e7c5049af\kotlin-stdlib-1.6.10.jar;C:\Users\Anikald\.gradle\caches\modules-2\files-2.1\org.jetbrains.kotlin\kotlin-script-runtime\1.6.10\d0a7ff2e2500ef497ed0214ae40ad3c8387a6164\kotlin-script-runtime-1.6.10.jar;C:\Users\Anikald\.gradle\caches\modules-2\files-2.1\org.jetbrains.kotlin\kotlin-daemon-embeddable\1.6.10\a56d79bcbea411fa6058e4ecffc2de73e742bd2a\kotlin-daemon-embeddable-1.6.10.jar;C:\Users\Anikald\.gradle\caches\modules-2\files-2.1\org.jetbrains.intellij.deps\trove4j\1.0.20181211\216c2e14b070f334479d800987affe4054cd563f\trove4j-1.0.20181211.jar;C:\Users\Anikald\.gradle\caches\modules-2\files-2.1\net.java.dev.jna\jna\5.6.0\330f2244e9030119ab3030fc3fededc86713d9cc\jna-5.6.0.jar;C:\Users\Anikald\.gradle\caches\modules-2\files-2.1\org.jetbrains\annotations\13.0\919f0dfe192fb4e063e7dacadee7f8bb9a2672a9\annotations-13.0.jar;C:\Users\Anikald\.gradle\caches\modules-2\files-2.1\org.jetbrains.kotlin\kotlin-stdlib-common\1.6.10\c118700e3a33c8a0d9adc920e9dec0831171925\kotlin-stdlib-common-1.6.10.jar
Launcher Type: SUN_STANDARD

[Global flags]
     intx CICompilerCount                          = 4                                         {product} {ergonomic}
     uint ConcGCThreads                            = 3                                         {product} {ergonomic}
     uint G1ConcRefinementThreads                  = 10                                        {product} {ergonomic}
   size_t G1HeapRegionSize                         = 1048576                                   {product} {ergonomic}
    uintx GCDrainStackTargetSize                   = 64                                        {product} {ergonomic}
   size_t InitialHeapSize                          = 260046848                                 {product} {ergonomic}
   size_t MarkStackSize                            = 4194304                                   {product} {ergonomic}
   size_t MaxHeapSize                              = 4139778048                                {product} {ergonomic}
   size_t MaxNewSize                               = 2483027968                                {product} {ergonomic}
   size_t MinHeapDeltaBytes                        = 1048576                                   {product} {ergonomic}
    uintx NonNMethodCodeHeapSize                   = 5836300                                {pd product} {ergonomic}
    uintx NonProfiledCodeHeapSize                  = 122910970                              {pd product} {ergonomic}
    uintx ProfiledCodeHeapSize                     = 122910970                              {pd product} {ergonomic}
    uintx ReservedCodeCacheSize                    = 251658240                              {pd product} {ergonomic}
     bool SegmentedCodeCache                       = true                                      {product} {ergonomic}
     bool UseCompressedClassPointers               = true                                 {lp64_product} {ergonomic}
     bool UseCompressedOops                        = true                                 {lp64_product} {ergonomic}
     bool UseG1GC                                  = true                                      {product} {ergonomic}
     bool UseLargePagesIndividualAllocation        = false                                  {pd product} {ergonomic}

Logging:
Log output configuration:
 #0: stdout all=warning uptime,level,tags
 #1: stderr all=off uptime,level,tags

Environment Variables:
PATH=C:\Program Files (x86)\Common Files\Oracle\Java\javapath;C:\Windows\system32;C:\Windows;C:\Windows\System32\Wbem;C:\Windows\System32\WindowsPowerShell\v1.0\;C:\Windows\System32\OpenSSH\;C:\Program Files (x86)\NVIDIA Corporation\PhysX\Common;C:\Program Files\NVIDIA Corporation\NVIDIA NvDLISR;C:\Program Files\Git\cmd;C:\WINDOWS\system32;C:\WINDOWS;C:\WINDOWS\System32\Wbem;C:\WINDOWS\System32\WindowsPowerShell\v1.0\;C:\WINDOWS\System32\OpenSSH\;C:\Program Files (x86)\Wolfram Research\WolframScript\;C:\Users\Anikald\AppData\Local\Programs\Python\Python38-32\Scripts\;C:\Users\Anikald\AppData\Local\Programs\Python\Python38-32\;C:\Users\Anikald\AppData\Local\Microsoft\WindowsApps;C:\Program Files\JetBrains\CLion 2020.2.3\bin;C:\Program Files\JetBrains\PyCharm 2020.2.2\bin;C:\Program Files\JetBrains\IntelliJ IDEA Community Edition 2020.3.2\bin;C:\Users\Anikald\AppData\Local\GitHubDesktop\bin;C:\Users\Anikald\AppData\Local\Programs\Microsoft VS Code\bin;C:\Users\Anikald\AppData\Local\gitkraken\bin;C:\Program Files\heroku\bin;C:\Users\Anikald\AppData\Local\Programs\MiKTeX\miktex\bin\x64\
USERNAME=Anikald
OS=Windows_NT
PROCESSOR_IDENTIFIER=AMD64 Family 23 Model 96 Stepping 1, AuthenticAMD



---------------  S Y S T E M  ---------------

OS: Windows 10 , 64 bit Build 19041 (10.0.19041.1741)
OS uptime: 0 days 1:35 hours
Hyper-V role detected

CPU:total 12 (initial active 12) (12 cores per cpu, 2 threads per core) family 23 model 96 stepping 1 microcode 0x0, cmov, cx8, fxsr, mmx, sse, sse2, sse3, ssse3, sse4.1, sse4.2, popcnt, avx, avx2, aes, clmul, mmxext, 3dnowpref, lzcnt, sse4a, ht, tsc, tscinvbit, tscinv, bmi1, bmi2, adx, sha, fma

Memory: 4k page, system-wide physical 15791M (2218M free)
TotalPageFile size 15791M (AvailPageFile size 5M)
current process WorkingSet (physical memory assigned to process): 94M, peak: 94M
current process commit charge ("private bytes"): 353M, peak: 354M

vm_info: OpenJDK 64-Bit Server VM (11.0.12+7-b1504.28-7817840) for windows-amd64 JRE (11.0.12+7-b1504.28-7817840), built on Oct 13 2021 22:12:33 by "builder" with MS VC++ 14.0 (VS2015)

END.
